#
# A fatal error has been detected by the Java Runtime Environment:
#
#  SIGFPE (0x8) at pc=0x000000011b7a2308, pid=21509, tid=23855
#
# JRE version: OpenJDK Runtime Environment (15.0.2+7) (build 15.0.2+7-27)
# Java VM: OpenJDK 64-Bit Server VM (15.0.2+7-27, mixed mode, sharing, tiered, compressed oops, g1 gc, bsd-amd64)
# Problematic frame:
# j  SoundWaveform.fft()V+49
#
# No core dump will be written. Core dumps have been disabled. To enable core dumping, try "ulimit -c unlimited" before starting Java again
#
# If you would like to submit a bug report, please visit:
#   https://bugreport.java.com/bugreport/crash.jsp
#

---------------  S U M M A R Y ------------

Command Line: -ea -Dfile.encoding=UTF-8 -XX:+ShowCodeDetailsInExceptionMessages SoundWaveform

Host: MacBookPro17,1 x86_64 2400 MHz, 8 cores, 8G, Darwin 20.3.0
Time: Tue Apr 27 21:40:13 2021 NZST elapsed time: 8.903740 seconds (0d 0h 0m 8s)

---------------  T H R E A D  ---------------

Current thread (0x00007f95d3241a00):  JavaThread "Thread-2" [_thread_in_Java, id=23855, stack(0x000000030ead7000,0x000000030ebd7000)]

Stack: [0x000000030ead7000,0x000000030ebd7000],  sp=0x000000030ebd6988,  free space=1022k
Native frames: (J=compiled Java code, A=aot compiled Java code, j=interpreted, Vv=VM code, C=native code)
j  SoundWaveform.fft()V+49
j  SoundWaveform$$Lambda$146+0x0000000800c70268.buttonPerformed()V+4
j  ecs100.Ecs100Button.lambda$0()V+4
j  ecs100.Ecs100Button$$Lambda$153+0x0000000800c71008.run()V+4
j  java.lang.Thread.run()V+11 java.base@15.0.2
v  ~StubRoutines::call_stub
V  [libjvm.dylib+0x4ae582]  JavaCalls::call_helper(JavaValue*, methodHandle const&, JavaCallArguments*, Thread*)+0x2e2
V  [libjvm.dylib+0x4ad469]  JavaCalls::call_virtual(JavaValue*, Klass*, Symbol*, Symbol*, JavaCallArguments*, Thread*)+0x1e9
V  [libjvm.dylib+0x4ad533]  JavaCalls::call_virtual(JavaValue*, Handle, Klass*, Symbol*, Symbol*, Thread*)+0x63
V  [libjvm.dylib+0x558f80]  thread_entry(JavaThread*, Thread*)+0xb0
V  [libjvm.dylib+0x99ae92]  JavaThread::thread_main_inner()+0xb2
V  [libjvm.dylib+0x997fa1]  Thread::call_run()+0x71
V  [libjvm.dylib+0x82a037]  thread_native_entry(Thread*)+0x197
C  [libsystem_pthread.dylib+0x6950]  _pthread_start+0xe0
C  [libsystem_pthread.dylib+0x247b]  thread_start+0xf


siginfo: si_signo: 8 (SIGFPE), si_code: 5 (FPE_FLTINV), si_addr: 0x000000011b7a2308

Register to memory mapping:

RAX=0x0 is NULL
RBX=0x0000000000000070 is an unknown value
RCX=0x0 is NULL
RDX=0x0 is NULL
RSP=0x000000030ebd6988 is pointing into the stack for thread: 0x00007f95d3241a00
RBP=0x000000030ebd69d0 is pointing into the stack for thread: 0x00007f95d3241a00
RSI=0x00007f95d2e99090 points into unknown readable memory: 0x3000000000000000 | 00 00 00 00 00 00 00 30
RDI=0x000000030ebd68c0 is pointing into the stack for thread: 0x00007f95d3241a00
R8 =0x000000010c7f0a00 points into unknown readable memory: 0x0000000000000000 | 00 00 00 00 00 00 00 00
R9 =0x00007f95d2e00000 points into unknown readable memory: 0x0000000000000000 | 00 00 00 00 00 00 00 00
R10=0x0000000111c4e1c0: _ZN19TemplateInterpreter13_active_tableE+0x4800 in /Users/leon/Library/Java/JavaVirtualMachines/openjdk-15.0.2/Contents/Home/lib/server/libjvm.dylib at 0x0000000111000000
R11=0x00007f95d2e99090 points into unknown readable memory: 0x3000000000000000 | 00 00 00 00 00 00 00 30
R12=0x0 is NULL
R13=0x0000000131391a81 is pointing into metadata
R14=0x000000030ebd6a00 is pointing into the stack for thread: 0x00007f95d3241a00
R15=0x00007f95d3241a00 is a thread


Registers:
RAX=0x0000000000000000, RBX=0x0000000000000070, RCX=0x0000000000000000, RDX=0x0000000000000000
RSP=0x000000030ebd6988, RBP=0x000000030ebd69d0, RSI=0x00007f95d2e99090, RDI=0x000000030ebd68c0
R8 =0x000000010c7f0a00, R9 =0x00007f95d2e00000, R10=0x0000000111c4e1c0, R11=0x00007f95d2e99090
R12=0x0000000000000000, R13=0x0000000131391a81, R14=0x000000030ebd6a00, R15=0x00007f95d3241a00
RIP=0x000000011b7a2308, EFLAGS=0x0000000000000a87, ERR=0x0000000000000000
  TRAPNO=0x0000000000000000

Top of Stack: (sp=0x000000030ebd6988)
0x000000030ebd6988:   000000030ebd6988 0000000131391a81
0x000000030ebd6998:   000000030ebd6a00 0000000131392548
0x000000030ebd69a8:   000000016fe41090 0000000780b2b8b8
0x000000030ebd69b8:   0000000131391b78 0000000000000000
0x000000030ebd69c8:   000000030ebd6a00 000000030ebd6a58
0x000000030ebd69d8:   000000011b797eea 0000000000000000
0x000000030ebd69e8:   0000000000000000 0000000000000000
0x000000030ebd69f8:   0000000000000000 0000000000000000
0x000000030ebd6a08:   0000000780d58668 000000030ebd6a10
0x000000030ebd6a18:   0000000131489e6c 000000030ebd6a68
0x000000030ebd6a28:   0000000131489ec8 0000000000000000
0x000000030ebd6a38:   0000000780da5120 0000000131489e70
0x000000030ebd6a48:   000000030ebd6a08 000000030ebd6a68
0x000000030ebd6a58:   000000030ebd6ab8 000000011b797f2f
0x000000030ebd6a68:   0000000780b491f8 000000030ebd6a70
0x000000030ebd6a78:   00000001313ae084 000000030ebd6ac8
0x000000030ebd6a88:   0000000131488e60 0000000000000000
0x000000030ebd6a98:   0000000780b2b948 00000001313ae0a0
0x000000030ebd6aa8:   000000030ebd6a68 000000030ebd6ac8
0x000000030ebd6ab8:   000000030ebd6b18 000000011b797eea
0x000000030ebd6ac8:   0000000780b48d58 000000030ebd6ad0
0x000000030ebd6ad8:   000000013148b5e4 000000030ebd6b28
0x000000030ebd6ae8:   000000013148b640 0000000000000000
0x000000030ebd6af8:   0000000780b2b490 000000013148b5e8
0x000000030ebd6b08:   000000030ebd6ac8 000000030ebd6b28
0x000000030ebd6b18:   000000030ebd6b78 000000011b797f2f
0x000000030ebd6b28:   0000000783b01190 000000030ebd6b30
0x000000030ebd6b38:   000000080058a9bb 000000030ebd6b88
0x000000030ebd6b48:   0000000800021598 0000000000000000
0x000000030ebd6b58:   00000007bfe00f00 00000008000225e8
0x000000030ebd6b68:   000000030ebd6b28 000000030ebd6b88
0x000000030ebd6b78:   000000030ebd6bf0 000000011b78e947 

Instructions: (pc=0x000000011b7a2308)
0x000000011b7a2208:   98 be a7 11 01 00 00 00 6e 00 00 00 00 00 00 00
0x000000011b7a2218:   00 00 00 00 00 00 00 00 f3 0f 10 04 24 48 83 c4
0x000000011b7a2228:   08 0f 28 c8 f3 0f 10 04 24 48 83 c4 08 f3 0f 5e
0x000000011b7a2238:   c1 41 0f b6 5d 01 49 ff c5 49 ba c0 c9 c4 11 01
0x000000011b7a2248:   00 00 00 41 ff 24 da 90 00 00 00 00 00 00 00 00
0x000000011b7a2258:   00 00 00 00 00 00 00 00 60 00 00 00 00 00 00 00
0x000000011b7a2268:   9d be a7 11 01 00 00 00 6f 00 00 00 00 00 00 00
0x000000011b7a2278:   00 00 00 00 00 00 00 00 f2 0f 10 04 24 48 83 c4
0x000000011b7a2288:   10 66 0f 28 c8 f2 0f 10 04 24 48 83 c4 10 f2 0f
0x000000011b7a2298:   5e c1 41 0f b6 5d 01 49 ff c5 49 ba c0 d1 c4 11
0x000000011b7a22a8:   01 00 00 00 41 ff 24 da 00 00 00 00 00 00 00 00
0x000000011b7a22b8:   00 00 00 00 00 00 00 00 80 00 00 00 00 00 00 00
0x000000011b7a22c8:   a2 be a7 11 01 00 00 00 70 00 00 00 00 00 00 00
0x000000011b7a22d8:   00 00 00 00 00 00 00 00 8b 04 24 48 83 c4 08 8b
0x000000011b7a22e8:   c8 8b 04 24 48 83 c4 08 81 f8 00 00 00 80 0f 85
0x000000011b7a22f8:   0b 00 00 00 33 d2 83 f9 ff 0f 84 03 00 00 00 99
0x000000011b7a2308:   f7 f9 8b c2 41 0f b6 5d 01 49 ff c5 49 ba c0 b9
0x000000011b7a2318:   c4 11 01 00 00 00 41 ff 24 da 66 0f 1f 44 00 00
0x000000011b7a2328:   00 00 00 00 00 00 00 00 00 00 00 00 00 00 00 00
0x000000011b7a2338:   00 00 00 00 00 00 00 00 80 00 00 00 00 00 00 00
0x000000011b7a2348:   a7 be a7 11 01 00 00 00 71 00 00 00 00 00 00 00
0x000000011b7a2358:   00 00 00 00 00 00 00 00 48 8b 04 24 48 83 c4 10
0x000000011b7a2368:   48 8b c8 48 8b 04 24 48 83 c4 10 48 85 c9 0f 84
0x000000011b7a2378:   b3 98 ff ff 48 3b 05 cd 47 35 f6 0f 85 0c 00 00
0x000000011b7a2388:   00 33 d2 48 83 f9 ff 0f 84 05 00 00 00 48 99 48
0x000000011b7a2398:   f7 f9 48 8b c2 41 0f b6 5d 01 49 ff c5 49 ba c0
0x000000011b7a23a8:   c1 c4 11 01 00 00 00 41 ff 24 da 0f 1f 44 00 00
0x000000011b7a23b8:   00 00 00 00 00 00 00 00 80 00 00 00 00 00 00 00
0x000000011b7a23c8:   ac be a7 11 01 00 00 00 72 00 00 00 00 00 00 00
0x000000011b7a23d8:   00 00 00 00 00 00 00 00 f3 0f 10 04 24 48 83 c4
0x000000011b7a23e8:   08 0f 28 c8 f3 0f 10 04 24 48 83 c4 08 f7 c4 0f
0x000000011b7a23f8:   00 00 00 0f 84 12 00 00 00 48 83 ec 08 e8 c6 01 


Stack slot to memory mapping:
stack at sp + 0 slots: 0x000000030ebd6988 is pointing into the stack for thread: 0x00007f95d3241a00
stack at sp + 1 slots: 0x0000000131391a81 is pointing into metadata
stack at sp + 2 slots: 0x000000030ebd6a00 is pointing into the stack for thread: 0x00007f95d3241a00
stack at sp + 3 slots: 0x0000000131392548 is pointing into metadata
stack at sp + 4 slots: 0x000000016fe41090 is pointing into metadata
stack at sp + 5 slots: 0x0000000780b2b8b8 is an oop: java.lang.Class 
{0x0000000780b2b8b8} - klass: 'java/lang/Class'
stack at sp + 6 slots: {method} {0x0000000131391b78} 'fft' '()V' in 'SoundWaveform'
stack at sp + 7 slots: 0x0 is NULL

irem  112 irem  [0x000000011b7a22e0, 0x000000011b7a2340]  96 bytes
[MachCode]
  0x000000011b7a22e0: 8b04 2448 | 83c4 088b | c88b 0424 | 4883 c408 | 81f8 0000 | 0080 0f85 | 0b00 0000 | 33d2 83f9 
  0x000000011b7a2300: ff0f 8403 | 0000 0099 | f7f9 8bc2 | 410f b65d | 0149 ffc5 | 49ba c0b9 | c411 0100 | 0000 41ff 
  0x000000011b7a2320: 24da 660f | 1f44 0000 | 0000 0000 | 0000 0000 | 0000 0000 | 0000 0000 | 0000 0000 | 0000 0000 
[/MachCode]

---------------  P R O C E S S  ---------------

Threads class SMR info:
_java_thread_list=0x00007f95d2fa0ee0, length=18, elements={
0x00007f95d40c0000, 0x00007f95d481ac00, 0x00007f95d380a800, 0x00007f95d3012800,
0x00007f95d40c2800, 0x00007f95d40c2e00, 0x00007f95d3808800, 0x00007f95d4853200,
0x00007f95d301b000, 0x00007f95d3010c00, 0x00007f95d40c2200, 0x00007f95d41dfa00,
0x00007f95d329ba00, 0x00007f95d41e7a00, 0x00007f95d3534000, 0x00007f95b4809200,
0x00007f95d4008600, 0x00007f95d3241a00
}

Java Threads: ( => current thread )
  0x00007f95d40c0000 JavaThread "Reference Handler" daemon [_thread_blocked, id=15363, stack(0x000000030d3cb000,0x000000030d4cb000)]
  0x00007f95d481ac00 JavaThread "Finalizer" daemon [_thread_blocked, id=43267, stack(0x000000030d4ce000,0x000000030d5ce000)]
  0x00007f95d380a800 JavaThread "Signal Dispatcher" daemon [_thread_blocked, id=24835, stack(0x000000030d6df000,0x000000030d7df000)]
  0x00007f95d3012800 JavaThread "Service Thread" daemon [_thread_blocked, id=39939, stack(0x000000030d7e2000,0x000000030d8e2000)]
  0x00007f95d40c2800 JavaThread "C2 CompilerThread0" daemon [_thread_blocked, id=25859, stack(0x000000030d8e5000,0x000000030d9e5000)]
  0x00007f95d40c2e00 JavaThread "C1 CompilerThread0" daemon [_thread_blocked, id=39171, stack(0x000000030d9e8000,0x000000030dae8000)]
  0x00007f95d3808800 JavaThread "Sweeper thread" daemon [_thread_blocked, id=26883, stack(0x000000030daeb000,0x000000030dbeb000)]
  0x00007f95d4853200 JavaThread "Notification Thread" daemon [_thread_blocked, id=37891, stack(0x000000030dbee000,0x000000030dcee000)]
  0x00007f95d301b000 JavaThread "Common-Cleaner" daemon [_thread_blocked, id=37123, stack(0x000000030ddf4000,0x000000030def4000)]
  0x00007f95d3010c00 JavaThread "AppKit Thread" daemon [_thread_in_native, id=515, stack(0x000000030c433000,0x000000030cc33000)]
  0x00007f95d40c2200 JavaThread "AWT-Shutdown" [_thread_blocked, id=46595, stack(0x000000030df7f000,0x000000030e07f000)]
  0x00007f95d41dfa00 JavaThread "Java2D Queue Flusher" daemon [_thread_blocked, id=69891, stack(0x000000030e216000,0x000000030e316000)]
  0x00007f95d329ba00 JavaThread "Java2D Disposer" daemon [_thread_blocked, id=63235, stack(0x000000030e39f000,0x000000030e49f000)]
  0x00007f95d41e7a00 JavaThread "AWT-EventQueue-0" [_thread_blocked, id=64003, stack(0x000000030e4a2000,0x000000030e5a2000)]
  0x00007f95d3534000 JavaThread "TimerQueue" daemon [_thread_blocked, id=168451, stack(0x000000030e7c3000,0x000000030e8c3000)]
  0x00007f95b4809200 JavaThread "Thread-0" [_thread_blocked, id=97035, stack(0x000000030e8c6000,0x000000030e9c6000)]
  0x00007f95d4008600 JavaThread "DestroyJavaVM" [_thread_blocked, id=8707, stack(0x000000030ccb6000,0x000000030cdb6000)]
=>0x00007f95d3241a00 JavaThread "Thread-2" [_thread_in_Java, id=23855, stack(0x000000030ead7000,0x000000030ebd7000)]

Other Threads:
  0x00007f95d2c43520 VMThread "VM Thread" [stack: 0x000000030d2c8000,0x000000030d3c8000] [id=16131]
  0x00007f95d2c4ea10 WatcherThread [stack: 0x000000030dcf1000,0x000000030ddf1000] [id=37635]
  0x00007f95d2c19e30 GCTaskThread "GC Thread#0" [stack: 0x000000030cdb9000,0x000000030ceb9000] [id=13059]
  0x00007f95d2faea10 GCTaskThread "GC Thread#1" [stack: 0x000000030efe6000,0x000000030f0e6000] [id=158107]
  0x00007f95b2ff1570 GCTaskThread "GC Thread#2" [stack: 0x000000030f0e9000,0x000000030f1e9000] [id=159283]
  0x00007f95a2d8ac00 GCTaskThread "GC Thread#3" [stack: 0x000000030f1ec000,0x000000030f2ec000] [id=106527]
  0x00007f95a30859e0 GCTaskThread "GC Thread#4" [stack: 0x000000030f2ef000,0x000000030f3ef000] [id=160027]
  0x00007f95a3067ed0 GCTaskThread "GC Thread#5" [stack: 0x000000030f3f2000,0x000000030f4f2000] [id=104711]
  0x00007f95a2d8b540 GCTaskThread "GC Thread#6" [stack: 0x000000030f4f5000,0x000000030f5f5000] [id=157451]
  0x00007f95a2d8ea50 GCTaskThread "GC Thread#7" [stack: 0x000000030f5f8000,0x000000030f6f8000] [id=107267]
  0x00007f95d2f04600 ConcurrentGCThread "G1 Main Marker" [stack: 0x000000030cebc000,0x000000030cfbc000] [id=13571]
  0x00007f95d2f056d0 ConcurrentGCThread "G1 Conc#0" [stack: 0x000000030cfbf000,0x000000030d0bf000] [id=13827]
  0x00007f95a308a000 ConcurrentGCThread "G1 Conc#1" [stack: 0x000000030f901000,0x000000030fa01000] [id=156563]
  0x00007f95d2c36820 ConcurrentGCThread "G1 Refine#0" [stack: 0x000000030d0c2000,0x000000030d1c2000] [id=16643]
  0x00007f95a30d9f40 ConcurrentGCThread "G1 Refine#1" [stack: 0x000000030ebda000,0x000000030ecda000] [id=101415]
  0x00007f95d2e6aaa0 ConcurrentGCThread "G1 Refine#2" [stack: 0x000000030ecdd000,0x000000030eddd000] [id=161311]
  0x00007f95a2d88ff0 ConcurrentGCThread "G1 Refine#3" [stack: 0x000000030ede0000,0x000000030eee0000] [id=160867]
  0x00007f95d5008900 ConcurrentGCThread "G1 Refine#4" [stack: 0x000000030eee3000,0x000000030efe3000] [id=161031]
  0x00007f95d2e68c20 ConcurrentGCThread "G1 Refine#5" [stack: 0x000000030f6fb000,0x000000030f7fb000] [id=156675]
  0x00007f95c2c0a310 ConcurrentGCThread "G1 Refine#6" [stack: 0x000000030f7fe000,0x000000030f8fe000] [id=103495]
  0x00007f95d2c378d0 ConcurrentGCThread "G1 Young RemSet Sampling" [stack: 0x000000030d1c5000,0x000000030d2c5000] [id=16387]

Threads with active compile tasks:

VM state: not at safepoint (normal execution)

VM Mutex/Monitor currently owned by a thread: None

Heap address: 0x0000000780000000, size: 2048 MB, Compressed Oops mode: Zero based, Oop shift amount: 3
CDS archive(s) mapped at: [0x0000000800000000-0x0000000800b2b000-0x0000000800b2b000), size 11710464, SharedBaseAddress: 0x0000000800000000, ArchiveRelocationMode: 0.
Compressed class space mapped at: 0x0000000800b2c000-0x0000000840b2c000, size: 1073741824
Narrow klass base: 0x0000000800000000, Narrow klass shift: 3, Narrow klass range: 0x100000000

GC Precious Log:
 CPUs: 8 total, 8 available
 Memory: 8192M
 Large Page Support: Disabled
 NUMA Support: Disabled
 Compressed Oops: Enabled (Zero based)
 Heap Region Size: 1M
 Heap Min Capacity: 8M
 Heap Initial Capacity: 128M
 Heap Max Capacity: 2G
 Pre-touch: Disabled
 Parallel Workers: 8
 Concurrent Workers: 2
 Concurrent Refinement Workers: 8
 Periodic GC: Disabled

Heap:
 garbage-first heap   total 133120K, used 84957K [0x0000000780000000, 0x0000000800000000)
  region size 1024K, 33 young (33792K), 1 survivors (1024K)
 Metaspace       used 13414K, capacity 13638K, committed 13824K, reserved 1060864K
  class space    used 1659K, capacity 1742K, committed 1792K, reserved 1048576K

Heap Regions: E=young(eden), S=young(survivor), O=old, HS=humongous(starts), HC=humongous(continues), CS=collection set, F=free, OA=open archive, CA=closed archive, TAMS=top-at-mark-start (previous, next)
|   0|0x0000000780000000, 0x0000000780100000, 0x0000000780100000|100%| O|  |TAMS 0x0000000780100000, 0x0000000780000000| Untracked 
|   1|0x0000000780100000, 0x0000000780200000, 0x0000000780200000|100%| O|  |TAMS 0x0000000780200000, 0x0000000780100000| Untracked 
|   2|0x0000000780200000, 0x0000000780300000, 0x0000000780300000|100%| O|  |TAMS 0x0000000780300000, 0x0000000780200000| Untracked 
|   3|0x0000000780300000, 0x0000000780400000, 0x0000000780400000|100%| O|  |TAMS 0x0000000780400000, 0x0000000780300000| Untracked 
|   4|0x0000000780400000, 0x0000000780500000, 0x0000000780500000|100%|HS|  |TAMS 0x0000000780500000, 0x0000000780400000| Complete 
|   5|0x0000000780500000, 0x0000000780600000, 0x0000000780600000|100%|HC|  |TAMS 0x0000000780600000, 0x0000000780500000| Complete 
|   6|0x0000000780600000, 0x0000000780700000, 0x0000000780700000|100%|HC|  |TAMS 0x0000000780700000, 0x0000000780600000| Complete 
|   7|0x0000000780700000, 0x0000000780800000, 0x0000000780800000|100%|HC|  |TAMS 0x0000000780800000, 0x0000000780700000| Complete 
|   8|0x0000000780800000, 0x0000000780900000, 0x0000000780900000|100%| O|  |TAMS 0x0000000780900000, 0x0000000780800000| Untracked 
|   9|0x0000000780900000, 0x0000000780a00000, 0x0000000780a00000|100%| O|  |TAMS 0x0000000780a00000, 0x0000000780900000| Untracked 
|  10|0x0000000780a00000, 0x0000000780a00000, 0x0000000780b00000|  0%| F|  |TAMS 0x0000000780a00000, 0x0000000780a00000| Untracked 
|  11|0x0000000780b00000, 0x0000000780c00000, 0x0000000780c00000|100%| O|  |TAMS 0x0000000780c00000, 0x0000000780b00000| Untracked 
|  12|0x0000000780c00000, 0x0000000780d00000, 0x0000000780d00000|100%| O|  |TAMS 0x0000000780d00000, 0x0000000780c00000| Untracked 
|  13|0x0000000780d00000, 0x0000000780e00000, 0x0000000780e00000|100%| O|  |TAMS 0x0000000780d53c00, 0x0000000780d00000| Untracked 
|  14|0x0000000780e00000, 0x0000000780f00000, 0x0000000780f00000|100%| O|  |TAMS 0x0000000780e00000, 0x0000000780e00000| Untracked 
|  15|0x0000000780f00000, 0x0000000780f00000, 0x0000000781000000|  0%| F|  |TAMS 0x0000000780f00000, 0x0000000780f00000| Untracked 
|  16|0x0000000781000000, 0x0000000781100000, 0x0000000781100000|100%| O|  |TAMS 0x0000000781100000, 0x0000000781000000| Untracked 
|  17|0x0000000781100000, 0x0000000781200000, 0x0000000781200000|100%| O|  |TAMS 0x0000000781200000, 0x0000000781100000| Untracked 
|  18|0x0000000781200000, 0x0000000781200000, 0x0000000781300000|  0%| F|  |TAMS 0x0000000781200000, 0x0000000781200000| Untracked 
|  19|0x0000000781300000, 0x0000000781400000, 0x0000000781400000|100%| O|  |TAMS 0x0000000781300000, 0x0000000781300000| Untracked 
|  20|0x0000000781400000, 0x0000000781500000, 0x0000000781500000|100%| O|  |TAMS 0x0000000781400000, 0x0000000781400000| Untracked 
|  21|0x0000000781500000, 0x0000000781500000, 0x0000000781600000|  0%| F|  |TAMS 0x0000000781500000, 0x0000000781500000| Untracked 
|  22|0x0000000781600000, 0x0000000781629600, 0x0000000781700000| 16%| O|  |TAMS 0x0000000781600000, 0x0000000781600000| Untracked 
|  23|0x0000000781700000, 0x0000000781700000, 0x0000000781800000|  0%| F|  |TAMS 0x0000000781700000, 0x0000000781700000| Untracked 
|  24|0x0000000781800000, 0x0000000781800000, 0x0000000781900000|  0%| F|  |TAMS 0x0000000781800000, 0x0000000781800000| Untracked 
|  25|0x0000000781900000, 0x0000000781900000, 0x0000000781a00000|  0%| F|  |TAMS 0x0000000781900000, 0x0000000781900000| Untracked 
|  26|0x0000000781a00000, 0x0000000781a00000, 0x0000000781b00000|  0%| F|  |TAMS 0x0000000781a00000, 0x0000000781a00000| Untracked 
|  27|0x0000000781b00000, 0x0000000781b00000, 0x0000000781c00000|  0%| F|  |TAMS 0x0000000781b00000, 0x0000000781b00000| Untracked 
|  28|0x0000000781c00000, 0x0000000781c00000, 0x0000000781d00000|  0%| F|  |TAMS 0x0000000781c00000, 0x0000000781c00000| Untracked 
|  29|0x0000000781d00000, 0x0000000781d00000, 0x0000000781e00000|  0%| F|  |TAMS 0x0000000781d00000, 0x0000000781d00000| Untracked 
|  30|0x0000000781e00000, 0x0000000781e00000, 0x0000000781f00000|  0%| F|  |TAMS 0x0000000781e00000, 0x0000000781e00000| Untracked 
|  31|0x0000000781f00000, 0x0000000781f00000, 0x0000000782000000|  0%| F|  |TAMS 0x0000000781f00000, 0x0000000781f00000| Untracked 
|  32|0x0000000782000000, 0x0000000782000000, 0x0000000782100000|  0%| F|  |TAMS 0x0000000782000000, 0x0000000782000000| Untracked 
|  33|0x0000000782100000, 0x0000000782100000, 0x0000000782200000|  0%| F|  |TAMS 0x0000000782100000, 0x0000000782100000| Untracked 
|  34|0x0000000782200000, 0x0000000782200000, 0x0000000782300000|  0%| F|  |TAMS 0x0000000782200000, 0x0000000782200000| Untracked 
|  35|0x0000000782300000, 0x0000000782300000, 0x0000000782400000|  0%| F|  |TAMS 0x0000000782300000, 0x0000000782300000| Untracked 
|  36|0x0000000782400000, 0x0000000782400000, 0x0000000782500000|  0%| F|  |TAMS 0x0000000782400000, 0x0000000782400000| Untracked 
|  37|0x0000000782500000, 0x0000000782500000, 0x0000000782600000|  0%| F|  |TAMS 0x0000000782500000, 0x0000000782500000| Untracked 
|  38|0x0000000782600000, 0x0000000782600000, 0x0000000782700000|  0%| F|  |TAMS 0x0000000782600000, 0x0000000782600000| Untracked 
|  39|0x0000000782700000, 0x0000000782700000, 0x0000000782800000|  0%| F|  |TAMS 0x0000000782700000, 0x0000000782700000| Untracked 
|  40|0x0000000782800000, 0x0000000782800000, 0x0000000782900000|  0%| F|  |TAMS 0x0000000782800000, 0x0000000782800000| Untracked 
|  41|0x0000000782900000, 0x0000000782900000, 0x0000000782a00000|  0%| F|  |TAMS 0x0000000782900000, 0x0000000782900000| Untracked 
|  42|0x0000000782a00000, 0x0000000782a00000, 0x0000000782b00000|  0%| F|  |TAMS 0x0000000782a00000, 0x0000000782a00000| Untracked 
|  43|0x0000000782b00000, 0x0000000782b00000, 0x0000000782c00000|  0%| F|  |TAMS 0x0000000782b00000, 0x0000000782b00000| Untracked 
|  44|0x0000000782c00000, 0x0000000782c00000, 0x0000000782d00000|  0%| F|  |TAMS 0x0000000782c00000, 0x0000000782c00000| Untracked 
|  45|0x0000000782d00000, 0x0000000782d00000, 0x0000000782e00000|  0%| F|  |TAMS 0x0000000782d00000, 0x0000000782d00000| Untracked 
|  46|0x0000000782e00000, 0x0000000782f00000, 0x0000000782f00000|100%|HS|  |TAMS 0x0000000782f00000, 0x0000000782e00000| Complete 
|  47|0x0000000782f00000, 0x0000000783000000, 0x0000000783000000|100%|HC|  |TAMS 0x0000000783000000, 0x0000000782f00000| Complete 
|  48|0x0000000783000000, 0x0000000783100000, 0x0000000783100000|100%|HC|  |TAMS 0x0000000783100000, 0x0000000783000000| Complete 
|  49|0x0000000783100000, 0x0000000783200000, 0x0000000783200000|100%|HC|  |TAMS 0x0000000783200000, 0x0000000783100000| Complete 
|  50|0x0000000783200000, 0x0000000783300000, 0x0000000783300000|100%|HC|  |TAMS 0x0000000783300000, 0x0000000783200000| Complete 
|  51|0x0000000783300000, 0x0000000783400000, 0x0000000783400000|100%|HC|  |TAMS 0x0000000783400000, 0x0000000783300000| Complete 
|  52|0x0000000783400000, 0x0000000783500000, 0x0000000783500000|100%|HC|  |TAMS 0x0000000783500000, 0x0000000783400000| Complete 
|  53|0x0000000783500000, 0x0000000783500000, 0x0000000783600000|  0%| F|  |TAMS 0x0000000783500000, 0x0000000783500000| Untracked 
|  54|0x0000000783600000, 0x0000000783700000, 0x0000000783700000|100%| O|  |TAMS 0x0000000783700000, 0x0000000783600000| Untracked 
|  55|0x0000000783700000, 0x0000000783800000, 0x0000000783800000|100%| O|  |TAMS 0x0000000783800000, 0x0000000783700000| Untracked 
|  56|0x0000000783800000, 0x0000000783900000, 0x0000000783900000|100%| O|  |TAMS 0x0000000783900000, 0x0000000783800000| Untracked 
|  57|0x0000000783900000, 0x0000000783a00000, 0x0000000783a00000|100%| O|  |TAMS 0x0000000783a00000, 0x0000000783900000| Untracked 
|  58|0x0000000783a00000, 0x0000000783b00000, 0x0000000783b00000|100%| O|  |TAMS 0x0000000783b00000, 0x0000000783a00000| Untracked 
|  59|0x0000000783b00000, 0x0000000783b041f0, 0x0000000783c00000|  1%| S|CS|TAMS 0x0000000783b00000, 0x0000000783b00000| Complete 
|  60|0x0000000783c00000, 0x0000000783c00000, 0x0000000783d00000|  0%| F|  |TAMS 0x0000000783c00000, 0x0000000783c00000| Untracked 
|  61|0x0000000783d00000, 0x0000000783d00000, 0x0000000783e00000|  0%| F|  |TAMS 0x0000000783d00000, 0x0000000783d00000| Untracked 
|  62|0x0000000783e00000, 0x0000000783e00000, 0x0000000783f00000|  0%| F|  |TAMS 0x0000000783e00000, 0x0000000783e00000| Untracked 
|  63|0x0000000783f00000, 0x0000000783f00000, 0x0000000784000000|  0%| F|  |TAMS 0x0000000783f00000, 0x0000000783f00000| Untracked 
|  64|0x0000000784000000, 0x0000000784000000, 0x0000000784100000|  0%| F|  |TAMS 0x0000000784000000, 0x0000000784000000| Untracked 
|  65|0x0000000784100000, 0x0000000784100000, 0x0000000784200000|  0%| F|  |TAMS 0x0000000784100000, 0x0000000784100000| Untracked 
|  66|0x0000000784200000, 0x0000000784200000, 0x0000000784300000|  0%| F|  |TAMS 0x0000000784200000, 0x0000000784200000| Untracked 
|  67|0x0000000784300000, 0x0000000784300000, 0x0000000784400000|  0%| F|  |TAMS 0x0000000784300000, 0x0000000784300000| Untracked 
|  68|0x0000000784400000, 0x0000000784400000, 0x0000000784500000|  0%| F|  |TAMS 0x0000000784400000, 0x0000000784400000| Untracked 
|  69|0x0000000784500000, 0x0000000784500000, 0x0000000784600000|  0%| F|  |TAMS 0x0000000784500000, 0x0000000784500000| Untracked 
|  70|0x0000000784600000, 0x0000000784600000, 0x0000000784700000|  0%| F|  |TAMS 0x0000000784600000, 0x0000000784600000| Untracked 
|  71|0x0000000784700000, 0x0000000784800000, 0x0000000784800000|100%| O|  |TAMS 0x0000000784800000, 0x0000000784700000| Untracked 
|  72|0x0000000784800000, 0x0000000784900000, 0x0000000784900000|100%| O|  |TAMS 0x0000000784900000, 0x0000000784800000| Untracked 
|  73|0x0000000784900000, 0x0000000784a00000, 0x0000000784a00000|100%| O|  |TAMS 0x0000000784a00000, 0x0000000784900000| Untracked 
|  74|0x0000000784a00000, 0x0000000784b00000, 0x0000000784b00000|100%| O|  |TAMS 0x0000000784b00000, 0x0000000784a00000| Untracked 
|  75|0x0000000784b00000, 0x0000000784c00000, 0x0000000784c00000|100%| O|  |TAMS 0x0000000784c00000, 0x0000000784b00000| Untracked 
|  76|0x0000000784c00000, 0x0000000784d00000, 0x0000000784d00000|100%| O|  |TAMS 0x0000000784d00000, 0x0000000784c00000| Untracked 
|  77|0x0000000784d00000, 0x0000000784e00000, 0x0000000784e00000|100%| O|  |TAMS 0x0000000784e00000, 0x0000000784d00000| Untracked 
|  78|0x0000000784e00000, 0x0000000784f00000, 0x0000000784f00000|100%| O|  |TAMS 0x0000000784f00000, 0x0000000784e00000| Untracked 
|  79|0x0000000784f00000, 0x0000000785000000, 0x0000000785000000|100%| O|  |TAMS 0x0000000785000000, 0x0000000784f00000| Untracked 
|  80|0x0000000785000000, 0x0000000785100000, 0x0000000785100000|100%| O|  |TAMS 0x0000000785100000, 0x0000000785000000| Untracked 
|  81|0x0000000785100000, 0x0000000785200000, 0x0000000785200000|100%| O|  |TAMS 0x0000000785200000, 0x0000000785100000| Untracked 
|  82|0x0000000785200000, 0x0000000785300000, 0x0000000785300000|100%| O|  |TAMS 0x0000000785300000, 0x0000000785200000| Untracked 
|  83|0x0000000785300000, 0x0000000785400000, 0x0000000785400000|100%| O|  |TAMS 0x0000000785400000, 0x0000000785300000| Untracked 
|  84|0x0000000785400000, 0x0000000785500000, 0x0000000785500000|100%| O|  |TAMS 0x0000000785500000, 0x0000000785400000| Untracked 
|  85|0x0000000785500000, 0x0000000785600000, 0x0000000785600000|100%| O|  |TAMS 0x0000000785600000, 0x0000000785500000| Untracked 
|  86|0x0000000785600000, 0x0000000785700000, 0x0000000785700000|100%| O|  |TAMS 0x0000000785700000, 0x0000000785600000| Untracked 
|  87|0x0000000785700000, 0x0000000785800000, 0x0000000785800000|100%| O|  |TAMS 0x0000000785800000, 0x0000000785700000| Untracked 
|  88|0x0000000785800000, 0x0000000785900000, 0x0000000785900000|100%| O|  |TAMS 0x0000000785900000, 0x0000000785800000| Untracked 
|  89|0x0000000785900000, 0x0000000785a00000, 0x0000000785a00000|100%| O|  |TAMS 0x0000000785a00000, 0x0000000785900000| Untracked 
|  90|0x0000000785a00000, 0x0000000785b00000, 0x0000000785b00000|100%| O|  |TAMS 0x0000000785b00000, 0x0000000785a00000| Untracked 
|  91|0x0000000785b00000, 0x0000000785c00000, 0x0000000785c00000|100%| O|  |TAMS 0x0000000785c00000, 0x0000000785b00000| Untracked 
|  92|0x0000000785c00000, 0x0000000785c00000, 0x0000000785d00000|  0%| F|  |TAMS 0x0000000785c00000, 0x0000000785c00000| Untracked 
|  93|0x0000000785d00000, 0x0000000785d00000, 0x0000000785e00000|  0%| F|  |TAMS 0x0000000785d00000, 0x0000000785d00000| Untracked 
|  94|0x0000000785e00000, 0x0000000785e00000, 0x0000000785f00000|  0%| F|  |TAMS 0x0000000785e00000, 0x0000000785e00000| Untracked 
|  95|0x0000000785f00000, 0x0000000785f00000, 0x0000000786000000|  0%| F|  |TAMS 0x0000000785f00000, 0x0000000785f00000| Untracked 
|  96|0x0000000786000000, 0x0000000786084d28, 0x0000000786100000| 51%| E|  |TAMS 0x0000000786000000, 0x0000000786000000| Complete 
|  97|0x0000000786100000, 0x0000000786200000, 0x0000000786200000|100%| E|CS|TAMS 0x0000000786100000, 0x0000000786100000| Complete 
|  98|0x0000000786200000, 0x0000000786300000, 0x0000000786300000|100%| E|CS|TAMS 0x0000000786200000, 0x0000000786200000| Complete 
|  99|0x0000000786300000, 0x0000000786400000, 0x0000000786400000|100%| E|CS|TAMS 0x0000000786300000, 0x0000000786300000| Complete 
| 100|0x0000000786400000, 0x0000000786500000, 0x0000000786500000|100%| E|CS|TAMS 0x0000000786400000, 0x0000000786400000| Complete 
| 101|0x0000000786500000, 0x0000000786600000, 0x0000000786600000|100%| E|CS|TAMS 0x0000000786500000, 0x0000000786500000| Complete 
| 102|0x0000000786600000, 0x0000000786700000, 0x0000000786700000|100%| E|CS|TAMS 0x0000000786600000, 0x0000000786600000| Complete 
| 103|0x0000000786700000, 0x0000000786800000, 0x0000000786800000|100%| E|CS|TAMS 0x0000000786700000, 0x0000000786700000| Complete 
| 104|0x0000000786800000, 0x0000000786900000, 0x0000000786900000|100%| E|CS|TAMS 0x0000000786800000, 0x0000000786800000| Complete 
| 105|0x0000000786900000, 0x0000000786a00000, 0x0000000786a00000|100%| E|CS|TAMS 0x0000000786900000, 0x0000000786900000| Complete 
| 106|0x0000000786a00000, 0x0000000786b00000, 0x0000000786b00000|100%| E|CS|TAMS 0x0000000786a00000, 0x0000000786a00000| Complete 
| 107|0x0000000786b00000, 0x0000000786c00000, 0x0000000786c00000|100%| E|CS|TAMS 0x0000000786b00000, 0x0000000786b00000| Complete 
| 108|0x0000000786c00000, 0x0000000786d00000, 0x0000000786d00000|100%| E|CS|TAMS 0x0000000786c00000, 0x0000000786c00000| Complete 
| 109|0x0000000786d00000, 0x0000000786e00000, 0x0000000786e00000|100%| E|CS|TAMS 0x0000000786d00000, 0x0000000786d00000| Complete 
| 110|0x0000000786e00000, 0x0000000786f00000, 0x0000000786f00000|100%| E|CS|TAMS 0x0000000786e00000, 0x0000000786e00000| Complete 
| 111|0x0000000786f00000, 0x0000000787000000, 0x0000000787000000|100%| E|CS|TAMS 0x0000000786f00000, 0x0000000786f00000| Complete 
| 112|0x0000000787000000, 0x0000000787100000, 0x0000000787100000|100%| E|CS|TAMS 0x0000000787000000, 0x0000000787000000| Complete 
| 113|0x0000000787100000, 0x0000000787200000, 0x0000000787200000|100%| E|CS|TAMS 0x0000000787100000, 0x0000000787100000| Complete 
| 114|0x0000000787200000, 0x0000000787300000, 0x0000000787300000|100%| E|CS|TAMS 0x0000000787200000, 0x0000000787200000| Complete 
| 115|0x0000000787300000, 0x0000000787400000, 0x0000000787400000|100%| E|CS|TAMS 0x0000000787300000, 0x0000000787300000| Complete 
| 116|0x0000000787400000, 0x0000000787500000, 0x0000000787500000|100%| E|CS|TAMS 0x0000000787400000, 0x0000000787400000| Complete 
| 117|0x0000000787500000, 0x0000000787600000, 0x0000000787600000|100%| E|CS|TAMS 0x0000000787500000, 0x0000000787500000| Complete 
| 118|0x0000000787600000, 0x0000000787700000, 0x0000000787700000|100%| E|CS|TAMS 0x0000000787600000, 0x0000000787600000| Complete 
| 119|0x0000000787700000, 0x0000000787800000, 0x0000000787800000|100%| E|CS|TAMS 0x0000000787700000, 0x0000000787700000| Complete 
| 120|0x0000000787800000, 0x0000000787900000, 0x0000000787900000|100%| E|CS|TAMS 0x0000000787800000, 0x0000000787800000| Complete 
| 121|0x0000000787900000, 0x0000000787a00000, 0x0000000787a00000|100%| E|CS|TAMS 0x0000000787900000, 0x0000000787900000| Complete 
| 122|0x0000000787a00000, 0x0000000787b00000, 0x0000000787b00000|100%| E|CS|TAMS 0x0000000787a00000, 0x0000000787a00000| Complete 
| 123|0x0000000787b00000, 0x0000000787c00000, 0x0000000787c00000|100%| E|CS|TAMS 0x0000000787b00000, 0x0000000787b00000| Complete 
| 124|0x0000000787c00000, 0x0000000787d00000, 0x0000000787d00000|100%| E|CS|TAMS 0x0000000787c00000, 0x0000000787c00000| Complete 
| 125|0x0000000787d00000, 0x0000000787e00000, 0x0000000787e00000|100%| E|CS|TAMS 0x0000000787d00000, 0x0000000787d00000| Complete 
| 126|0x0000000787e00000, 0x0000000787f00000, 0x0000000787f00000|100%| E|CS|TAMS 0x0000000787e00000, 0x0000000787e00000| Complete 
| 127|0x0000000787f00000, 0x0000000788000000, 0x0000000788000000|100%| E|CS|TAMS 0x0000000787f00000, 0x0000000787f00000| Complete 
|1022|0x00000007bfe00000, 0x00000007bfe51000, 0x00000007bff00000| 31%|OA|  |TAMS 0x00000007bfe51000, 0x00000007bfe00000| Untracked 
|1023|0x00000007bff00000, 0x00000007bff79000, 0x00000007c0000000| 47%|CA|  |TAMS 0x00000007bff79000, 0x00000007bff00000| Untracked 

Card table byte_map: [0x000000012a78e000,0x000000012ab8e000] _byte_map_base: 0x0000000126b8e000

Marking Bits (Prev, Next): (CMBitMap*) 0x00007f95d4808210, (CMBitMap*) 0x00007f95d4808250
 Prev Bits: [0x000000012af8e000, 0x000000012cf8e000)
 Next Bits: [0x000000012cf8e000, 0x000000012ef8e000)

Polling page: 0x000000010450e000

Metaspace:

Usage:
  Non-class:     11.62 MB capacity,    11.48 MB ( 99%) used,   120.40 KB (  1%) free+waste,    20.69 KB ( <1%) overhead. 
      Class:      1.70 MB capacity,     1.62 MB ( 95%) used,    73.43 KB (  4%) free+waste,     8.88 KB ( <1%) overhead. 
       Both:     13.32 MB capacity,    13.10 MB ( 98%) used,   193.83 KB (  1%) free+waste,    29.56 KB ( <1%) overhead. 

Virtual space:
  Non-class space:       12.00 MB reserved,      11.75 MB ( 98%) committed 
      Class space:        1.00 GB reserved,       1.75 MB ( <1%) committed 
             Both:        1.01 GB reserved,      13.50 MB (  1%) committed 

Chunk freelists:
   Non-Class:  88.00 KB
       Class:  2.00 KB
        Both:  90.00 KB

MaxMetaspaceSize: 17179869184.00 GB
CompressedClassSpaceSize: 1.00 GB

CodeHeap 'non-profiled nmethods': size=120028Kb used=655Kb max_used=655Kb free=119372Kb
 bounds [0x0000000123257000, 0x00000001234c7000, 0x000000012a78e000]
CodeHeap 'profiled nmethods': size=120028Kb used=3885Kb max_used=3885Kb free=116142Kb
 bounds [0x000000011bd20000, 0x000000011c0f0000, 0x0000000123257000]
CodeHeap 'non-nmethods': size=5704Kb used=1345Kb max_used=1370Kb free=4358Kb
 bounds [0x000000011b78e000, 0x000000011b9fe000, 0x000000011bd20000]
 total_blobs=2678 nmethods=2019 adapters=572
 compilation: enabled
              stopped_count=0, restarted_count=0
 full_count=0

Compilation events (20 events):
Event: 7.719 Thread 0x00007f95d40c2800 2008       4       java.nio.ByteBuffer::flip (7 bytes)
Event: 7.719 Thread 0x00007f95d40c2800 nmethod 2008 0x00000001232f7b10 code [0x00000001232f7c80, 0x00000001232f7cf8]
Event: 7.719 Thread 0x00007f95d40c2800 2009   !   4       java.io.PrintStream::write (69 bytes)
Event: 7.722 Thread 0x00007f95d40c2800 nmethod 2009 0x00000001232f7e10 code [0x00000001232f7fc0, 0x00000001232f8808]
Event: 7.722 Thread 0x00007f95d40c2800 2010  s    4       java.io.BufferedOutputStream::write (67 bytes)
Event: 7.723 Thread 0x00007f95d40c2800 nmethod 2010 0x00000001232f8c90 code [0x00000001232f8e00, 0x00000001232f9098]
Event: 7.723 Thread 0x00007f95d40c2800 2011       4       java.nio.ByteBuffer::clear (7 bytes)
Event: 7.723 Thread 0x00007f95d40c2800 nmethod 2011 0x00000001232f9210 code [0x00000001232f9380, 0x00000001232f93f8]
Event: 7.729 Thread 0x00007f95d40c2800 2014 %     4       SoundWaveform::fft @ 11 (200 bytes)
Event: 7.731 Thread 0x00007f95d40c2800 nmethod 2014% 0x00000001232f9510 code [0x00000001232f96a0, 0x00000001232f98e8]
Event: 8.231 Thread 0x00007f95d40c2e00 2015  s    3       ecs100.Ecs100Canvas::redisplay (76 bytes)
Event: 8.231 Thread 0x00007f95d40c2e00 nmethod 2015 0x000000011c0e6190 code [0x000000011c0e63a0, 0x000000011c0e6c60]
Event: 8.336 Thread 0x00007f95d40c2800 2017       4       java.security.AccessController::getContext (23 bytes)
Event: 8.339 Thread 0x00007f95d40c2800 nmethod 2017 0x00000001232f9f10 code [0x00000001232fa0c0, 0x00000001232fa3f8]
Event: 8.459 Thread 0x00007f95d40c2e00 2018   !   3       java.awt.KeyboardFocusManager::retargetFocusEvent (244 bytes)
Event: 8.464 Thread 0x00007f95d40c2e00 nmethod 2018 0x000000011c0e6f10 code [0x000000011c0e7420, 0x000000011c0ea7f0]
Event: 8.619 Thread 0x00007f95d40c2800 2019       4       jdk.internal.misc.Unsafe::putReferenceOpaque (9 bytes)
Event: 8.620 Thread 0x00007f95d40c2800 nmethod 2019 0x00000001232fa810 code [0x00000001232fa980, 0x00000001232faab8]
Event: 8.867 Thread 0x00007f95d40c2800 2020  s    4       java.awt.Toolkit::getDefaultToolkit (53 bytes)
Event: 8.868 Thread 0x00007f95d40c2800 nmethod 2020 0x00000001232fab10 code [0x00000001232fac80, 0x00000001232fae18]

GC Heap History (20 events):
Event: 6.546 GC heap before
{Heap before GC invocations=3 (full 0):
 garbage-first heap   total 133120K, used 87848K [0x0000000780000000, 0x0000000800000000)
  region size 1024K, 16 young (16384K), 3 survivors (3072K)
 Metaspace       used 13314K, capacity 13510K, committed 13824K, reserved 1060864K
  class space    used 1657K, capacity 1742K, committed 1792K, reserved 1048576K
}
Event: 6.555 GC heap after
{Heap after GC invocations=4 (full 0):
 garbage-first heap   total 133120K, used 89236K [0x0000000780000000, 0x0000000800000000)
  region size 1024K, 2 young (2048K), 2 survivors (2048K)
 Metaspace       used 13314K, capacity 13510K, committed 13824K, reserved 1060864K
  class space    used 1657K, capacity 1742K, committed 1792K, reserved 1048576K
}
Event: 6.559 GC heap before
{Heap before GC invocations=4 (full 0):
 garbage-first heap   total 133120K, used 97428K [0x0000000780000000, 0x0000000800000000)
  region size 1024K, 10 young (10240K), 2 survivors (2048K)
 Metaspace       used 13314K, capacity 13510K, committed 13824K, reserved 1060864K
  class space    used 1657K, capacity 1742K, committed 1792K, reserved 1048576K
}
Event: 6.564 GC heap after
{Heap after GC invocations=5 (full 0):
 garbage-first heap   total 133120K, used 99112K [0x0000000780000000, 0x0000000800000000)
  region size 1024K, 2 young (2048K), 2 survivors (2048K)
 Metaspace       used 13314K, capacity 13510K, committed 13824K, reserved 1060864K
  class space    used 1657K, capacity 1742K, committed 1792K, reserved 1048576K
}
Event: 6.592 GC heap before
{Heap before GC invocations=5 (full 0):
 garbage-first heap   total 133120K, used 78632K [0x0000000780000000, 0x0000000800000000)
  region size 1024K, 7 young (7168K), 2 survivors (2048K)
 Metaspace       used 13339K, capacity 13510K, committed 13824K, reserved 1060864K
  class space    used 1659K, capacity 1742K, committed 1792K, reserved 1048576K
}
Event: 6.596 GC heap after
{Heap after GC invocations=6 (full 0):
 garbage-first heap   total 133120K, used 79603K [0x0000000780000000, 0x0000000800000000)
  region size 1024K, 1 young (1024K), 1 survivors (1024K)
 Metaspace       used 13339K, capacity 13510K, committed 13824K, reserved 1060864K
  class space    used 1659K, capacity 1742K, committed 1792K, reserved 1048576K
}
Event: 6.705 GC heap before
{Heap before GC invocations=7 (full 0):
 garbage-first heap   total 133120K, used 90867K [0x0000000780000000, 0x0000000800000000)
  region size 1024K, 12 young (12288K), 1 survivors (1024K)
 Metaspace       used 13348K, capacity 13574K, committed 13824K, reserved 1060864K
  class space    used 1659K, capacity 1742K, committed 1792K, reserved 1048576K
}
Event: 6.707 GC heap after
{Heap after GC invocations=8 (full 0):
 garbage-first heap   total 133120K, used 79764K [0x0000000780000000, 0x0000000800000000)
  region size 1024K, 2 young (2048K), 2 survivors (2048K)
 Metaspace       used 13348K, capacity 13574K, committed 13824K, reserved 1060864K
  class space    used 1659K, capacity 1742K, committed 1792K, reserved 1048576K
}
Event: 6.721 GC heap before
{Heap before GC invocations=8 (full 0):
 garbage-first heap   total 133120K, used 83860K [0x0000000780000000, 0x0000000800000000)
  region size 1024K, 6 young (6144K), 2 survivors (2048K)
 Metaspace       used 13348K, capacity 13574K, committed 13824K, reserved 1060864K
  class space    used 1659K, capacity 1742K, committed 1792K, reserved 1048576K
}
Event: 6.725 GC heap after
{Heap after GC invocations=9 (full 0):
 garbage-first heap   total 133120K, used 67866K [0x0000000780000000, 0x0000000800000000)
  region size 1024K, 1 young (1024K), 1 survivors (1024K)
 Metaspace       used 13348K, capacity 13574K, committed 13824K, reserved 1060864K
  class space    used 1659K, capacity 1742K, committed 1792K, reserved 1048576K
}
Event: 6.767 GC heap before
{Heap before GC invocations=9 (full 0):
 garbage-first heap   total 133120K, used 85274K [0x0000000780000000, 0x0000000800000000)
  region size 1024K, 18 young (18432K), 1 survivors (1024K)
 Metaspace       used 13348K, capacity 13574K, committed 13824K, reserved 1060864K
  class space    used 1659K, capacity 1742K, committed 1792K, reserved 1048576K
}
Event: 6.768 GC heap after
{Heap after GC invocations=10 (full 0):
 garbage-first heap   total 133120K, used 67723K [0x0000000780000000, 0x0000000800000000)
  region size 1024K, 1 young (1024K), 1 survivors (1024K)
 Metaspace       used 13348K, capacity 13574K, committed 13824K, reserved 1060864K
  class space    used 1659K, capacity 1742K, committed 1792K, reserved 1048576K
}
Event: 6.851 GC heap before
{Heap before GC invocations=11 (full 0):
 garbage-first heap   total 133120K, used 84107K [0x0000000780000000, 0x0000000800000000)
  region size 1024K, 22 young (22528K), 1 survivors (1024K)
 Metaspace       used 13349K, capacity 13574K, committed 13824K, reserved 1060864K
  class space    used 1659K, capacity 1742K, committed 1792K, reserved 1048576K
}
Event: 6.852 GC heap after
{Heap after GC invocations=12 (full 0):
 garbage-first heap   total 133120K, used 62593K [0x0000000780000000, 0x0000000800000000)
  region size 1024K, 1 young (1024K), 1 survivors (1024K)
 Metaspace       used 13349K, capacity 13574K, committed 13824K, reserved 1060864K
  class space    used 1659K, capacity 1742K, committed 1792K, reserved 1048576K
}
Event: 6.862 GC heap before
{Heap before GC invocations=12 (full 0):
 garbage-first heap   total 133120K, used 67713K [0x0000000780000000, 0x0000000800000000)
  region size 1024K, 6 young (6144K), 1 survivors (1024K)
 Metaspace       used 13349K, capacity 13574K, committed 13824K, reserved 1060864K
  class space    used 1659K, capacity 1742K, committed 1792K, reserved 1048576K
}
Event: 6.866 GC heap after
{Heap after GC invocations=13 (full 0):
 garbage-first heap   total 133120K, used 53207K [0x0000000780000000, 0x0000000800000000)
  region size 1024K, 1 young (1024K), 1 survivors (1024K)
 Metaspace       used 13349K, capacity 13574K, committed 13824K, reserved 1060864K
  class space    used 1659K, capacity 1742K, committed 1792K, reserved 1048576K
}
Event: 7.947 GC heap before
{Heap before GC invocations=13 (full 0):
 garbage-first heap   total 133120K, used 85975K [0x0000000780000000, 0x0000000800000000)
  region size 1024K, 33 young (33792K), 1 survivors (1024K)
 Metaspace       used 13409K, capacity 13638K, committed 13824K, reserved 1060864K
  class space    used 1659K, capacity 1742K, committed 1792K, reserved 1048576K
}
Event: 7.948 GC heap after
{Heap after GC invocations=14 (full 0):
 garbage-first heap   total 133120K, used 53216K [0x0000000780000000, 0x0000000800000000)
  region size 1024K, 1 young (1024K), 1 survivors (1024K)
 Metaspace       used 13409K, capacity 13638K, committed 13824K, reserved 1060864K
  class space    used 1659K, capacity 1742K, committed 1792K, reserved 1048576K
}
Event: 8.529 GC heap before
{Heap before GC invocations=14 (full 0):
 garbage-first heap   total 133120K, used 100320K [0x0000000780000000, 0x0000000800000000)
  region size 1024K, 47 young (48128K), 1 survivors (1024K)
 Metaspace       used 13414K, capacity 13638K, committed 13824K, reserved 1060864K
  class space    used 1659K, capacity 1742K, committed 1792K, reserved 1048576K
}
Event: 8.530 GC heap after
{Heap after GC invocations=15 (full 0):
 garbage-first heap   total 133120K, used 53213K [0x0000000780000000, 0x0000000800000000)
  region size 1024K, 1 young (1024K), 1 survivors (1024K)
 Metaspace       used 13414K, capacity 13638K, committed 13824K, reserved 1060864K
  class space    used 1659K, capacity 1742K, committed 1792K, reserved 1048576K
}

Deoptimization events (20 events):
Event: 7.567 Thread 0x00007f95d41e7a00 DEOPT PACKING pc=0x00000001232d8d58 sp=0x000000030e5a1340
Event: 7.567 Thread 0x00007f95d41e7a00 DEOPT UNPACKING pc=0x000000011b7dbe1f sp=0x000000030e5a1290 mode 2
Event: 7.680 Thread 0x00007f95d3241a00 DEOPT PACKING pc=0x000000011c0e22ba sp=0x000000030ebd68d0
Event: 7.680 Thread 0x00007f95d3241a00 DEOPT UNPACKING pc=0x000000011b7dbc1c sp=0x000000030ebd5e58 mode 0
Event: 7.688 Thread 0x00007f95d3241a00 DEOPT PACKING pc=0x000000011c0e22ba sp=0x000000030ebd68d0
Event: 7.688 Thread 0x00007f95d3241a00 DEOPT UNPACKING pc=0x000000011b7dbc1c sp=0x000000030ebd5e58 mode 0
Event: 7.703 Thread 0x00007f95d3241a00 DEOPT PACKING pc=0x000000011c0e22ba sp=0x000000030ebd68d0
Event: 7.703 Thread 0x00007f95d3241a00 DEOPT UNPACKING pc=0x000000011b7dbc1c sp=0x000000030ebd5e58 mode 0
Event: 7.709 Thread 0x00007f95d3241a00 DEOPT PACKING pc=0x000000011c0e22ba sp=0x000000030ebd68d0
Event: 7.709 Thread 0x00007f95d3241a00 DEOPT UNPACKING pc=0x000000011b7dbc1c sp=0x000000030ebd5e58 mode 0
Event: 7.715 Thread 0x00007f95d3241a00 DEOPT PACKING pc=0x000000011c0e22ba sp=0x000000030ebd68d0
Event: 7.715 Thread 0x00007f95d3241a00 DEOPT UNPACKING pc=0x000000011b7dbc1c sp=0x000000030ebd5e58 mode 0
Event: 7.729 Thread 0x00007f95d3241a00 DEOPT PACKING pc=0x000000011c0e22ba sp=0x000000030ebd68d0
Event: 7.729 Thread 0x00007f95d3241a00 DEOPT UNPACKING pc=0x000000011b7dbc1c sp=0x000000030ebd5e58 mode 0
Event: 7.735 Thread 0x00007f95d3241a00 DEOPT PACKING pc=0x000000011c0e22ba sp=0x000000030ebd68d0
Event: 7.735 Thread 0x00007f95d3241a00 DEOPT UNPACKING pc=0x000000011b7dbc1c sp=0x000000030ebd5e58 mode 0
Event: 8.903 Thread 0x00007f95d3241a00 Uncommon trap: trap_request=0xffffff86 fr.pc=0x00000001232f9844 relative=0x00000000000001a4
Event: 8.903 Thread 0x00007f95d3241a00 Uncommon trap: reason=div0_check action=maybe_recompile pc=0x00000001232f9844 method=SoundWaveform.fft()V @ 49 c2
Event: 8.903 Thread 0x00007f95d3241a00 DEOPT PACKING pc=0x00000001232f9844 sp=0x000000030ebd69c0
Event: 8.903 Thread 0x00007f95d3241a00 DEOPT UNPACKING pc=0x000000011b7dbe1f sp=0x000000030ebd6968 mode 2

Classes unloaded (0 events):
No events

Classes redefined (0 events):
No events

Internal exceptions (20 events):
Event: 0.421 Thread 0x00007f95d4008600 Exception <a 'java/lang/NoSuchMethodError'{0x0000000787dc1628}: 'java.lang.Object java.lang.invoke.DirectMethodHandle$Holder.newInvokeSpecial(java.lang.Object, java.lang.Object, java.lang.Object, java.lang.Object, java.lang.Object)'> (0x0000000787dc1628) 
thrown [./open/src/hotspot/share/interpreter/linkResolver.cpp, line 782]
Event: 0.424 Thread 0x00007f95d4008600 Exception <a 'java/lang/NoSuchMethodError'{0x0000000787dcd0b8}: 'java.lang.Object java.lang.invoke.DirectMethodHandle$Holder.invokeStatic(java.lang.Object, int, java.lang.Object, java.lang.Object, java.lang.Object, java.lang.Object)'> (0x0000000787dcd0b8) 
thrown [./open/src/hotspot/share/interpreter/linkResolver.cpp, line 782]
Event: 0.428 Thread 0x00007f95d4008600 Exception <a 'java/lang/NoSuchMethodError'{0x0000000787df3588}: 'java.lang.Object java.lang.invoke.DirectMethodHandle$Holder.invokeStatic(java.lang.Object, int, java.lang.Object)'> (0x0000000787df3588) 
thrown [./open/src/hotspot/share/interpreter/linkResolver.cpp, line 782]
Event: 0.432 Thread 0x00007f95d4008600 Exception <a 'java/lang/ClassNotFoundException'{0x0000000787c24c80}: com/apple/laf/resources/spi/aquaProvider> (0x0000000787c24c80) 
thrown [./open/src/hotspot/share/classfile/systemDictionary.cpp, line 295]
Event: 0.455 Thread 0x00007f95d4008600 Exception <a 'java/lang/ClassNotFoundException'{0x0000000787c93aa0}: com/sun/swing/internal/plaf/basic/resources/spi/basicProvider> (0x0000000787c93aa0) 
thrown [./open/src/hotspot/share/classfile/systemDictionary.cpp, line 295]
Event: 0.487 Thread 0x00007f95d4008600 Exception <a 'java/lang/NoSuchMethodError'{0x0000000787cc7110}: 'void java.lang.invoke.DirectMethodHandle$Holder.invokeStatic(java.lang.Object, java.lang.Object, long)'> (0x0000000787cc7110) 
thrown [./open/src/hotspot/share/interpreter/linkResolver.cpp, line 782]
Event: 0.493 Thread 0x00007f95d4008600 Exception <a 'java/lang/NoSuchMethodError'{0x0000000787cdccd0}: 'java.lang.Object java.lang.invoke.DirectMethodHandle$Holder.newInvokeSpecial(java.lang.Object, java.lang.Object, int, int)'> (0x0000000787cdccd0) 
thrown [./open/src/hotspot/share/interpreter/linkResolver.cpp, line 782]
Event: 0.568 Thread 0x00007f95d4008600 Exception <a 'java/lang/NoSuchMethodError'{0x0000000787bf0360}: 'java.lang.Object java.lang.invoke.DirectMethodHandle$Holder.newInvokeSpecial(java.lang.Object, java.lang.Object, java.lang.Object, int, java.lang.Object)'> (0x0000000787bf0360) 
thrown [./open/src/hotspot/share/interpreter/linkResolver.cpp, line 782]
Event: 0.587 Thread 0x00007f95d4008600 Exception <a 'java/lang/NoSuchMethodError'{0x0000000787bfbe80}: 'void java.lang.invoke.DirectMethodHandle$Holder.invokeStatic(java.lang.Object, int, long)'> (0x0000000787bfbe80) 
thrown [./open/src/hotspot/share/interpreter/linkResolver.cpp, line 782]
Event: 0.600 Thread 0x00007f95d41e7a00 Exception <a 'java/lang/NoSuchMethodError'{0x0000000787b7ed48}: 'void java.lang.invoke.DirectMethodHandle$Holder.invokeStatic(java.lang.Object, long)'> (0x0000000787b7ed48) 
thrown [./open/src/hotspot/share/interpreter/linkResolver.cpp, line 782]
Event: 0.601 Thread 0x00007f95d4008600 Exception <a 'java/lang/NoSuchMethodError'{0x0000000787a0d890}: 'java.lang.Object java.lang.invoke.DirectMethodHandle$Holder.newInvokeSpecial(java.lang.Object, int, int, int, int)'> (0x0000000787a0d890) 
thrown [./open/src/hotspot/share/interpreter/linkResolver.cpp, line 782]
Event: 0.601 Thread 0x00007f95d4008600 Exception <a 'java/lang/NoSuchMethodError'{0x0000000787a118b8}: 'java.lang.Object java.lang.invoke.DirectMethodHandle$Holder.invokeSpecial(java.lang.Object, java.lang.Object, int, int, int, int)'> (0x0000000787a118b8) 
thrown [./open/src/hotspot/share/interpreter/linkResolver.cpp, line 782]
Event: 0.602 Thread 0x00007f95d4008600 Exception <a 'java/lang/NoSuchMethodError'{0x0000000787a153a0}: 'java.lang.Object java.lang.invoke.Invokers$Holder.linkToTargetMethod(int, int, int, int, java.lang.Object)'> (0x0000000787a153a0) 
thrown [./open/src/hotspot/share/interpreter/linkResolver.cpp, line 782]
Event: 1.318 Thread 0x00007f95d4008600 Exception <a 'java/lang/NoSuchMethodError'{0x0000000787acede8}: 'void java.lang.invoke.DirectMethodHandle$Holder.invokeSpecial(java.lang.Object, java.lang.Object, long)'> (0x0000000787acede8) 
thrown [./open/src/hotspot/share/interpreter/linkResolver.cpp, line 782]
Event: 1.319 Thread 0x00007f95d4008600 Exception <a 'java/lang/NoSuchMethodError'{0x0000000787ad4d00}: 'void java.lang.invoke.DirectMethodHandle$Holder.invokeStatic(java.lang.Object, long, long)'> (0x0000000787ad4d00) 
thrown [./open/src/hotspot/share/interpreter/linkResolver.cpp, line 782]
Event: 1.319 Thread 0x00007f95d4008600 Exception <a 'java/lang/NoSuchMethodError'{0x0000000787ada5b8}: 'java.lang.Object java.lang.invoke.DirectMethodHandle$Holder.newInvokeSpecial(java.lang.Object, long)'> (0x0000000787ada5b8) 
thrown [./open/src/hotspot/share/interpreter/linkResolver.cpp, line 782]
Event: 1.323 Thread 0x00007f95d4008600 Exception <a 'java/lang/NoSuchMethodError'{0x0000000787ae4a90}: 'java.lang.Object java.lang.invoke.DirectMethodHandle$Holder.newInvokeSpecial(java.lang.Object, java.lang.Object, int)'> (0x0000000787ae4a90) 
thrown [./open/src/hotspot/share/interpreter/linkResolver.cpp, line 782]
Event: 3.834 Thread 0x00007f95d41e7a00 Exception <a 'java/lang/NoSuchMethodError'{0x0000000787864c60}: 'void java.lang.invoke.DirectMethodHandle$Holder.invokeStatic(java.lang.Object, java.lang.Object, java.lang.Object)'> (0x0000000787864c60) 
thrown [./open/src/hotspot/share/interpreter/linkResolver.cpp, line 782]
Event: 3.899 Thread 0x00007f95d3561400 Exception <a 'java/lang/NullPointerException'{0x0000000787776890}> (0x0000000787776890) 
thrown [./open/src/hotspot/share/prims/jni.cpp, line 599]
Event: 4.003 Thread 0x00007f95d41e7a00 Exception <a 'java/lang/NoSuchMethodError'{0x00000007876161b8}: 'int java.lang.invoke.DirectMethodHandle$Holder.invokeStatic(java.lang.Object)'> (0x00000007876161b8) 
thrown [./open/src/hotspot/share/interpreter/linkResolver.cpp, line 782]

Events (20 events):
Event: 6.852 Executing VM operation: G1CollectForAllocation done
Event: 6.852 Executing VM operation: HandshakeAllThreads
Event: 6.852 Executing VM operation: HandshakeAllThreads done
Event: 6.862 Executing VM operation: G1CollectForAllocation
Event: 6.866 Executing VM operation: G1CollectForAllocation done
Event: 6.901 Protecting memory [0x000000030ead7000,0x000000030eadb000] with protection modes 3
Event: 6.901 Thread 0x00007f95d31b0400 Thread exited: 0x00007f95d31b0400
Event: 7.548 Thread 0x00007f95d3241a00 Thread added: 0x00007f95d3241a00
Event: 7.548 Protecting memory [0x000000030ead7000,0x000000030eadb000] with protection modes 0
Event: 7.604 loading class jdk/internal/access/foreign/MemorySegmentProxy
Event: 7.604 loading class jdk/internal/access/foreign/MemorySegmentProxy done
Event: 7.871 Executing VM operation: HandshakeAllThreads
Event: 7.871 Executing VM operation: HandshakeAllThreads done
Event: 7.947 Executing VM operation: G1CollectForAllocation
Event: 7.948 Executing VM operation: G1CollectForAllocation done
Event: 8.231 Loaded shared library /Users/leon/Library/Java/JavaVirtualMachines/openjdk-15.0.2/Contents/Home/lib/server/libjvm.dylib
Event: 8.529 Executing VM operation: G1CollectForAllocation
Event: 8.530 Executing VM operation: G1CollectForAllocation done
Event: 8.530 Executing VM operation: HandshakeAllThreads
Event: 8.530 Executing VM operation: HandshakeAllThreads done


Dynamic libraries:
0x00007ffdffbca000 	/Library/Apple/usr/libexec/oah/runtime
0x00007fff2a5ae000 	/usr/lib/libz.1.dylib
0x000000010c7b2000 	/Users/leon/Library/Java/JavaVirtualMachines/openjdk-15.0.2/Contents/Home/lib/libjli.dylib
0x00007fff35260000 	/System/Library/Frameworks/Cocoa.framework/Versions/A/Cocoa
0x00007fff22108000 	/System/Library/Frameworks/Security.framework/Versions/A/Security
0x00007fff3345d000 	/System/Library/Frameworks/ApplicationServices.framework/Versions/A/ApplicationServices
0x00007fff2a67a000 	/usr/lib/libSystem.B.dylib
0x00007fff2a674000 	/usr/lib/system/libcache.dylib
0x00007fff2a630000 	/usr/lib/system/libcommonCrypto.dylib
0x00007fff2a65a000 	/usr/lib/system/libcompiler_rt.dylib
0x00007fff2a64f000 	/usr/lib/system/libcopyfile.dylib
0x00007fff200a6000 	/usr/lib/system/libcorecrypto.dylib
0x00007fff20173000 	/usr/lib/system/libdispatch.dylib
0x00007fff20328000 	/usr/lib/system/libdyld.dylib
0x00007fff2a66b000 	/usr/lib/system/libkeymgr.dylib
0x00007fff2dc0f000 	/usr/lib/system/liblaunch.dylib
0x00007fff2a60e000 	/usr/lib/system/libmacho.dylib
0x00007fff29e23000 	/usr/lib/system/libquarantine.dylib
0x00007fff2a668000 	/usr/lib/system/libremovefile.dylib
0x00007fff24a9f000 	/usr/lib/system/libsystem_asl.dylib
0x00007fff20056000 	/usr/lib/system/libsystem_blocks.dylib
0x00007fff201f5000 	/usr/lib/system/libsystem_c.dylib
0x00007fff2a662000 	/usr/lib/system/libsystem_collections.dylib
0x00007fff29210000 	/usr/lib/system/libsystem_configuration.dylib
0x00007fff284ff000 	/usr/lib/system/libsystem_containermanager.dylib
0x00007fff2a3a6000 	/usr/lib/system/libsystem_coreservices.dylib
0x00007fff226bc000 	/usr/lib/system/libsystem_darwin.dylib
0x00007fff2a66c000 	/usr/lib/system/libsystem_dnssd.dylib
0x00007fff201f2000 	/usr/lib/system/libsystem_featureflags.dylib
0x00007fff2036d000 	/usr/lib/system/libsystem_info.dylib
0x00007fff2a5c1000 	/usr/lib/system/libsystem_m.dylib
0x00007fff20146000 	/usr/lib/system/libsystem_malloc.dylib
0x00007fff24a33000 	/usr/lib/system/libsystem_networkextension.dylib
0x00007fff22ad7000 	/usr/lib/system/libsystem_notify.dylib
0x00007fff300c3000 	/usr/lib/system/libsystem_product_info_filter.dylib
0x00007fff29214000 	/usr/lib/system/libsystem_sandbox.dylib
0x00007fff2a665000 	/usr/lib/system/libsystem_secinit.dylib
0x00007fff202ed000 	/usr/lib/system/libsystem_kernel.dylib
0x00007fff20363000 	/usr/lib/system/libsystem_platform.dylib
0x00007fff2031c000 	/usr/lib/system/libsystem_pthread.dylib
0x00007fff261cd000 	/usr/lib/system/libsystem_symptoms.dylib
0x00007fff2008e000 	/usr/lib/system/libsystem_trace.dylib
0x00007fff2a63c000 	/usr/lib/system/libunwind.dylib
0x00007fff20058000 	/usr/lib/system/libxpc.dylib
0x00007fff202d4000 	/usr/lib/libc++abi.dylib
0x00007fff201b8000 	/usr/lib/libobjc.A.dylib
0x00007fff2a647000 	/usr/lib/liboah.dylib
0x00007fff2027e000 	/usr/lib/libc++.1.dylib
0x00007fff20399000 	/System/Library/Frameworks/CoreFoundation.framework/Versions/A/CoreFoundation
0x00007fff2107b000 	/System/Library/Frameworks/Foundation.framework/Versions/C/Foundation
0x00007fff22b2f000 	/System/Library/Frameworks/AppKit.framework/Versions/C/AppKit
0x00007fff259ed000 	/System/Library/Frameworks/CoreData.framework/Versions/A/CoreData
0x00007fff23892000 	/System/Library/PrivateFrameworks/UIFoundation.framework/Versions/A/UIFoundation
0x00007fff2fe3c000 	/System/Library/PrivateFrameworks/RemoteViewServices.framework/Versions/A/RemoteViewServices
0x00007fff28bc9000 	/System/Library/PrivateFrameworks/XCTTargetBootstrap.framework/Versions/A/XCTTargetBootstrap
0x00007fff2b918000 	/usr/lib/libspindump.dylib
0x00007fff23ae7000 	/System/Library/Frameworks/UniformTypeIdentifiers.framework/Versions/A/UniformTypeIdentifiers
0x00007fff2739f000 	/usr/lib/libapp_launch_measurement.dylib
0x00007fff273a2000 	/System/Library/PrivateFrameworks/CoreAutoLayout.framework/Versions/A/CoreAutoLayout
0x00007fff2852b000 	/System/Library/Frameworks/Metal.framework/Versions/A/Metal
0x00007fff2921f000 	/usr/lib/liblangid.dylib
0x00007fff28bcd000 	/System/Library/PrivateFrameworks/CoreSVG.framework/Versions/A/CoreSVG
0x00007fff24ace000 	/System/Library/PrivateFrameworks/SkyLight.framework/Versions/A/SkyLight
0x00007fff24e35000 	/System/Library/Frameworks/CoreGraphics.framework/Versions/A/CoreGraphics
0x00007fff30493000 	/System/Library/Frameworks/Accelerate.framework/Versions/A/Accelerate
0x00007fff2b353000 	/System/Library/PrivateFrameworks/IconServices.framework/Versions/A/IconServices
0x00007fff28510000 	/System/Library/Frameworks/IOSurface.framework/Versions/A/IOSurface
0x00007fff2637f000 	/usr/lib/libDiagnosticMessagesClient.dylib
0x00007fff28bb5000 	/System/Library/PrivateFrameworks/DFRFoundation.framework/Versions/A/DFRFoundation
0x00007fff2245a000 	/usr/lib/libicucore.A.dylib
0x00007fff2ce5d000 	/System/Library/Frameworks/AudioToolbox.framework/Versions/A/AudioToolbox
0x00007fff2c102000 	/System/Library/PrivateFrameworks/DataDetectorsCore.framework/Versions/A/DataDetectorsCore
0x00007fff288b5000 	/System/Library/Frameworks/Carbon.framework/Versions/A/Frameworks/HIToolbox.framework/Versions/A/HIToolbox
0x00007fff26dfa000 	/System/Library/Frameworks/QuartzCore.framework/Versions/A/QuartzCore
0x00007fff2fe78000 	/System/Library/Frameworks/Carbon.framework/Versions/A/Frameworks/SpeechRecognition.framework/Versions/A/SpeechRecognition
0x00007fff27107000 	/System/Library/PrivateFrameworks/CoreUI.framework/Versions/A/CoreUI
0x00007fff21a63000 	/System/Library/Frameworks/CoreAudio.framework/Versions/A/CoreAudio
0x00007fff2646a000 	/System/Library/Frameworks/DiskArbitration.framework/Versions/A/DiskArbitration
0x00007fff2bd12000 	/System/Library/PrivateFrameworks/MultitouchSupport.framework/Versions/A/MultitouchSupport
0x00007fff2c0f9000 	/System/Library/PrivateFrameworks/InternationalSupport.framework/Versions/A/InternationalSupport
0x00007fff24a42000 	/usr/lib/libenergytrace.dylib
0x00007fff22a28000 	/System/Library/Frameworks/IOKit.framework/Versions/A/IOKit
0x00007fff301c5000 	/System/Library/Frameworks/CoreServices.framework/Versions/A/CoreServices
0x00007fff27335000 	/System/Library/PrivateFrameworks/PerformanceAnalysis.framework/Versions/A/PerformanceAnalysis
0x00007fff6cb3b000 	/System/Library/Frameworks/OpenGL.framework/Versions/A/OpenGL
0x00007fff2c17e000 	/System/Library/PrivateFrameworks/UserActivity.framework/Versions/A/UserActivity
0x00007fff254ef000 	/System/Library/Frameworks/ColorSync.framework/Versions/A/ColorSync
0x00007fff28e36000 	/System/Library/Frameworks/CoreImage.framework/Versions/A/CoreImage
0x00007fff2187a000 	/System/Library/Frameworks/CoreText.framework/Versions/A/CoreText
0x00007fff28bf7000 	/System/Library/Frameworks/ImageIO.framework/Versions/A/ImageIO
0x00007fff2a680000 	/System/Library/PrivateFrameworks/SoftLinking.framework/Versions/A/SoftLinking
0x00007fff273eb000 	/usr/lib/libxml2.2.dylib
0x00007fff2a8f2000 	/usr/lib/libcompression.dylib
0x00007fff24a43000 	/usr/lib/libMobileGestalt.dylib
0x00007fff2c02c000 	/System/Library/PrivateFrameworks/TextureIO.framework/Versions/A/TextureIO
0x00007fff2afe0000 	/usr/lib/libate.dylib
0x00007fff2ad0b000 	/usr/lib/liblzma.5.dylib
0x00007fff20d8f000 	/System/Library/Frameworks/SystemConfiguration.framework/Versions/A/SystemConfiguration
0x00007fff2a67c000 	/usr/lib/libfakelink.dylib
0x00007fff24595000 	/System/Library/Frameworks/CFNetwork.framework/Versions/A/CFNetwork
0x00007fff2a7bc000 	/usr/lib/libarchive.2.dylib
0x00007fff20e0d000 	/usr/lib/libCRFSuite.dylib
0x00007fff29e4a000 	/usr/lib/libbsm.0.dylib
0x00007fff23f51000 	/usr/lib/libnetwork.dylib
0x00007fff2a681000 	/usr/lib/libpcap.A.dylib
0x00007fff261c6000 	/usr/lib/libdns_services.dylib
0x00007fff2ad24000 	/usr/lib/libcoretls_cfhelpers.dylib
0x00007fff2a8c0000 	/usr/lib/libapple_nghttp2.dylib
0x00007fff2a614000 	/usr/lib/system/libkxld.dylib
0x00007fff25e34000 	/usr/lib/libsqlite3.dylib
0x00007fff2a388000 	/System/Library/PrivateFrameworks/AppleFSCompression.framework/Versions/A/AppleFSCompression
0x00007fff29e32000 	/usr/lib/libcoretls.dylib
0x00007fff2a8ed000 	/usr/lib/libpam.2.dylib
0x00007fff2ae21000 	/usr/lib/libxar.1.dylib
0x00007fff2921b000 	/System/Library/PrivateFrameworks/AppleSystemInfo.framework/Versions/A/AppleSystemInfo
0x00007fff29a75000 	/System/Library/PrivateFrameworks/IOMobileFramebuffer.framework/Versions/A/IOMobileFramebuffer
0x00007fff2a398000 	/usr/lib/libbz2.1.0.dylib
0x00007fff2a6b9000 	/usr/lib/libiconv.2.dylib
0x00007fff2a60d000 	/usr/lib/libcharset.1.dylib
0x00007fff27371000 	/System/Library/Frameworks/CoreServices.framework/Versions/A/Frameworks/FSEvents.framework/Versions/A/FSEvents
0x00007fff226c6000 	/System/Library/Frameworks/CoreServices.framework/Versions/A/Frameworks/CarbonCore.framework/Versions/A/CarbonCore
0x00007fff263cf000 	/System/Library/Frameworks/CoreServices.framework/Versions/A/Frameworks/Metadata.framework/Versions/A/Metadata
0x00007fff2a3ab000 	/System/Library/Frameworks/CoreServices.framework/Versions/A/Frameworks/OSServices.framework/Versions/A/OSServices
0x00007fff2a82e000 	/System/Library/Frameworks/CoreServices.framework/Versions/A/Frameworks/SearchKit.framework/Versions/A/SearchKit
0x00007fff26150000 	/System/Library/Frameworks/CoreServices.framework/Versions/A/Frameworks/AE.framework/Versions/A/AE
0x00007fff20835000 	/System/Library/Frameworks/CoreServices.framework/Versions/A/Frameworks/LaunchServices.framework/Versions/A/LaunchServices
0x00007fff2acbc000 	/System/Library/Frameworks/CoreServices.framework/Versions/A/Frameworks/DictionaryServices.framework/Versions/A/DictionaryServices
0x00007fff2737a000 	/System/Library/Frameworks/CoreServices.framework/Versions/A/Frameworks/SharedFileList.framework/Versions/A/SharedFileList
0x00007fff29e26000 	/usr/lib/libCheckFix.dylib
0x00007fff24ab6000 	/System/Library/PrivateFrameworks/TCC.framework/Versions/A/TCC
0x00007fff29221000 	/System/Library/PrivateFrameworks/CoreNLP.framework/Versions/A/CoreNLP
0x00007fff26382000 	/System/Library/PrivateFrameworks/MetadataUtilities.framework/Versions/A/MetadataUtilities
0x00007fff20e43000 	/usr/lib/libmecabra.dylib
0x00007fff2a13a000 	/System/Library/Frameworks/MLCompute.framework/Versions/A/MLCompute
0x00007fff29e5b000 	/usr/lib/libmecab.dylib
0x00007fff29ea5000 	/usr/lib/libgermantok.dylib
0x00007fff2a896000 	/usr/lib/libThaiTokenizer.dylib
0x00007fff2ae5c000 	/usr/lib/libChineseTokenizer.dylib
0x00007fff2a8eb000 	/System/Library/Frameworks/MetalPerformanceShaders.framework/Versions/A/MetalPerformanceShaders
0x00007fff26471000 	/System/Library/Frameworks/Accelerate.framework/Versions/A/Frameworks/vImage.framework/Versions/A/vImage
0x00007fff3019e000 	/System/Library/Frameworks/Accelerate.framework/Versions/A/Frameworks/vecLib.framework/Versions/A/vecLib
0x00007fff2ae67000 	/System/Library/Frameworks/Accelerate.framework/Versions/A/Frameworks/vecLib.framework/Versions/A/libvMisc.dylib
0x00007fff298d1000 	/System/Library/Frameworks/Accelerate.framework/Versions/A/Frameworks/vecLib.framework/Versions/A/libvDSP.dylib
0x00007fff20b39000 	/System/Library/Frameworks/Accelerate.framework/Versions/A/Frameworks/vecLib.framework/Versions/A/libBLAS.dylib
0x00007fff2a911000 	/System/Library/Frameworks/Accelerate.framework/Versions/A/Frameworks/vecLib.framework/Versions/A/libLAPACK.dylib
0x00007fff29eab000 	/System/Library/Frameworks/Accelerate.framework/Versions/A/Frameworks/vecLib.framework/Versions/A/libLinearAlgebra.dylib
0x00007fff2a8d8000 	/System/Library/Frameworks/Accelerate.framework/Versions/A/Frameworks/vecLib.framework/Versions/A/libSparseBLAS.dylib
0x00007fff2a90b000 	/System/Library/Frameworks/Accelerate.framework/Versions/A/Frameworks/vecLib.framework/Versions/A/libQuadrature.dylib
0x00007fff292c9000 	/System/Library/Frameworks/Accelerate.framework/Versions/A/Frameworks/vecLib.framework/Versions/A/libBNNS.dylib
0x00007fff20d20000 	/System/Library/Frameworks/Accelerate.framework/Versions/A/Frameworks/vecLib.framework/Versions/A/libSparse.dylib
0x00007fff291b4000 	/System/Library/Frameworks/MetalPerformanceShaders.framework/Versions/A/Frameworks/MPSCore.framework/Versions/A/MPSCore
0x00007fff2a2f7000 	/System/Library/Frameworks/MetalPerformanceShaders.framework/Versions/A/Frameworks/MPSImage.framework/Versions/A/MPSImage
0x00007fff29ec2000 	/System/Library/Frameworks/MetalPerformanceShaders.framework/Versions/A/Frameworks/MPSNeuralNetwork.framework/Versions/A/MPSNeuralNetwork
0x00007fff2a282000 	/System/Library/Frameworks/MetalPerformanceShaders.framework/Versions/A/Frameworks/MPSMatrix.framework/Versions/A/MPSMatrix
0x00007fff2a0ea000 	/System/Library/Frameworks/MetalPerformanceShaders.framework/Versions/A/Frameworks/MPSRayIntersector.framework/Versions/A/MPSRayIntersector
0x00007fff2a2b9000 	/System/Library/Frameworks/MetalPerformanceShaders.framework/Versions/A/Frameworks/MPSNDArray.framework/Versions/A/MPSNDArray
0x00007fff20a65000 	/System/Library/PrivateFrameworks/MetalTools.framework/Versions/A/MetalTools
0x00007fff29219000 	/System/Library/PrivateFrameworks/AggregateDictionary.framework/Versions/A/AggregateDictionary
0x00007fff2635a000 	/System/Library/PrivateFrameworks/CoreAnalytics.framework/Versions/A/CoreAnalytics
0x00007fff2a898000 	/System/Library/PrivateFrameworks/AppleSauce.framework/Versions/A/AppleSauce
0x00007fff28522000 	/System/Library/PrivateFrameworks/IOAccelerator.framework/Versions/A/IOAccelerator
0x00007fff6cb2f000 	/System/Library/Frameworks/OpenGL.framework/Versions/A/Libraries/libCoreFSCache.dylib
0x00007fff213df000 	/System/Library/PrivateFrameworks/LanguageModeling.framework/Versions/A/LanguageModeling
0x00007fff29a62000 	/System/Library/PrivateFrameworks/CoreEmoji.framework/Versions/A/CoreEmoji
0x00007fff292c2000 	/System/Library/PrivateFrameworks/LinguisticData.framework/Versions/A/LinguisticData
0x00007fff20cd2000 	/System/Library/PrivateFrameworks/Lexicon.framework/Versions/A/Lexicon
0x00007fff2a7aa000 	/usr/lib/libcmph.dylib
0x00007fff27351000 	/System/Library/Frameworks/OpenDirectory.framework/Versions/A/Frameworks/CFOpenDirectory.framework/Versions/A/CFOpenDirectory
0x00007fff27341000 	/System/Library/Frameworks/OpenDirectory.framework/Versions/A/OpenDirectory
0x00007fff2ad26000 	/System/Library/PrivateFrameworks/APFS.framework/Versions/A/APFS
0x00007fff29d87000 	/System/Library/Frameworks/SecurityFoundation.framework/Versions/A/SecurityFoundation
0x00007fff2ae2f000 	/usr/lib/libutil.dylib
0x00007fff229ed000 	/System/Library/PrivateFrameworks/CoreServicesStore.framework/Versions/A/CoreServicesStore
0x00007fff29e1e000 	/System/Library/Frameworks/ServiceManagement.framework/Versions/A/ServiceManagement
0x00007fff2ae33000 	/usr/lib/libxslt.1.dylib
0x00007fff29e14000 	/System/Library/PrivateFrameworks/BackgroundTaskManagement.framework/Versions/A/BackgroundTaskManagement
0x00007fff2bf77000 	/System/Library/Frameworks/ImageIO.framework/Versions/A/Resources/libRadiance.dylib
0x00007fff2bf80000 	/System/Library/Frameworks/ImageIO.framework/Versions/A/Resources/libJPEG.dylib
0x00007fff2becc000 	/System/Library/Frameworks/ImageIO.framework/Versions/A/Resources/libPng.dylib
0x00007fff2bef3000 	/System/Library/Frameworks/ImageIO.framework/Versions/A/Resources/libTIFF.dylib
0x00007fff2bfd5000 	/System/Library/Frameworks/ImageIO.framework/Versions/A/Resources/libGIF.dylib
0x00007fff2bc30000 	/System/Library/Frameworks/ImageIO.framework/Versions/A/Resources/libJP2.dylib
0x00007fff2b31a000 	/usr/lib/libexpat.1.dylib
0x00007fff2bbe5000 	/System/Library/PrivateFrameworks/AppleJPEG.framework/Versions/A/AppleJPEG
0x00007fff28758000 	/System/Library/PrivateFrameworks/FontServices.framework/libFontParser.dylib
0x00007fff26104000 	/System/Library/PrivateFrameworks/RunningBoardServices.framework/Versions/A/RunningBoardServices
0x00007fff2bd0e000 	/System/Library/PrivateFrameworks/WatchdogClient.framework/Versions/A/WatchdogClient
0x00007fff214cc000 	/System/Library/Frameworks/CoreDisplay.framework/Versions/A/CoreDisplay
0x00007fff2866e000 	/System/Library/Frameworks/CoreMedia.framework/Versions/A/CoreMedia
0x00007fff274ce000 	/System/Library/Frameworks/CoreVideo.framework/Versions/A/CoreVideo
0x00007fff2bd46000 	/System/Library/Frameworks/VideoToolbox.framework/Versions/A/VideoToolbox
0x00007fff26082000 	/System/Library/PrivateFrameworks/BaseBoard.framework/Versions/A/BaseBoard
0x00007fff2b45f000 	/System/Library/PrivateFrameworks/PersistentConnection.framework/Versions/A/PersistentConnection
0x00007fff25e1d000 	/System/Library/PrivateFrameworks/ProtocolBuffer.framework/Versions/A/ProtocolBuffer
0x00007fff26069000 	/System/Library/PrivateFrameworks/CommonUtilities.framework/Versions/A/CommonUtilities
0x00007fff2bb7a000 	/System/Library/PrivateFrameworks/Bom.framework/Versions/A/Bom
0x00007fff2bf70000 	/System/Library/PrivateFrameworks/GPUWrangler.framework/Versions/A/GPUWrangler
0x00007fff2bf53000 	/System/Library/PrivateFrameworks/IOPresentment.framework/Versions/A/IOPresentment
0x00007fff2bf7a000 	/System/Library/PrivateFrameworks/DSExternalDisplay.framework/Versions/A/DSExternalDisplay
0x00007fff2bfda000 	/System/Library/PrivateFrameworks/CMCaptureCore.framework/Versions/A/CMCaptureCore
0x00007fff2b8ff000 	/System/Library/PrivateFrameworks/AppServerSupport.framework/Versions/A/AppServerSupport
0x00007fff2d9ae000 	/System/Library/PrivateFrameworks/perfdata.framework/Versions/A/perfdata
0x00007fff29d76000 	/System/Library/PrivateFrameworks/AssertionServices.framework/Versions/A/AssertionServices
0x00007fff21603000 	/System/Library/PrivateFrameworks/AudioToolboxCore.framework/Versions/A/AudioToolboxCore
0x00007fff28651000 	/System/Library/PrivateFrameworks/caulk.framework/Versions/A/caulk
0x00007fff3d659000 	/System/Library/PrivateFrameworks/SystemPolicy.framework/Versions/A/SystemPolicy
0x00007fff2b10f000 	/usr/lib/libIOReport.dylib
0x00007fff2d1d0000 	/usr/lib/libSMC.dylib
0x00007fff2be99000 	/usr/lib/libAudioToolboxUtility.dylib
0x00007fff3dfc3000 	/usr/lib/libmis.dylib
0x00007fff6cb8b000 	/System/Library/Frameworks/OpenGL.framework/Versions/A/Libraries/libGLU.dylib
0x00007fff6cb4e000 	/System/Library/Frameworks/OpenGL.framework/Versions/A/Libraries/libGFXShared.dylib
0x00007fff6cd5d000 	/System/Library/Frameworks/OpenGL.framework/Versions/A/Libraries/libGL.dylib
0x00007fff6cb57000 	/System/Library/Frameworks/OpenGL.framework/Versions/A/Libraries/libGLImage.dylib
0x00007fff6cb4b000 	/System/Library/Frameworks/OpenGL.framework/Versions/A/Libraries/libCVMSPluginSupport.dylib
0x00007fff6cb36000 	/System/Library/Frameworks/OpenGL.framework/Versions/A/Libraries/libCoreVMClient.dylib
0x00007fff6e19e000 	/System/Library/Frameworks/OpenCL.framework/Versions/A/OpenCL
0x00007fff2b489000 	/System/Library/PrivateFrameworks/GraphVisualizer.framework/Versions/A/GraphVisualizer
0x00007fff2b498000 	/System/Library/PrivateFrameworks/FaceCore.framework/Versions/A/FaceCore
0x00007fff2b8b4000 	/System/Library/PrivateFrameworks/OTSVG.framework/Versions/A/OTSVG
0x00007fff270c5000 	/System/Library/Frameworks/ApplicationServices.framework/Versions/A/Frameworks/ATS.framework/Versions/A/Resources/libFontRegistry.dylib
0x00007fff2b906000 	/System/Library/PrivateFrameworks/FontServices.framework/libhvf.dylib
0x00007fff2b2c6000 	/System/Library/PrivateFrameworks/AppleVA.framework/Versions/A/AppleVA
0x00007fff2d019000 	/System/Library/Frameworks/ApplicationServices.framework/Versions/A/Frameworks/ATS.framework/Versions/A/ATS
0x00007fff2d32b000 	/System/Library/Frameworks/ApplicationServices.framework/Versions/A/Frameworks/ColorSyncLegacy.framework/Versions/A/ColorSyncLegacy
0x00007fff255e6000 	/System/Library/Frameworks/ApplicationServices.framework/Versions/A/Frameworks/HIServices.framework/Versions/A/HIServices
0x00007fff2d310000 	/System/Library/Frameworks/ApplicationServices.framework/Versions/A/Frameworks/LangAnalysis.framework/Versions/A/LangAnalysis
0x00007fff2bfe4000 	/System/Library/Frameworks/ApplicationServices.framework/Versions/A/Frameworks/PrintCore.framework/Versions/A/PrintCore
0x00007fff2d333000 	/System/Library/Frameworks/ApplicationServices.framework/Versions/A/Frameworks/QD.framework/Versions/A/QD
0x00007fff2d009000 	/System/Library/Frameworks/ApplicationServices.framework/Versions/A/Frameworks/SpeechSynthesis.framework/Versions/A/SpeechSynthesis
0x00007fff2bfa5000 	/System/Library/Frameworks/ApplicationServices.framework/Versions/A/Frameworks/ATSUI.framework/Versions/A/ATSUI
0x00007fff2d2b0000 	/usr/lib/libcups.2.dylib
0x00007fff2d320000 	/System/Library/PrivateFrameworks/NetAuth.framework/Versions/A/NetAuth
0x00007fff2d9ca000 	/System/Library/Frameworks/Kerberos.framework/Versions/A/Kerberos
0x00007fff2d9da000 	/System/Library/Frameworks/GSS.framework/Versions/A/GSS
0x00007fff2d085000 	/usr/lib/libresolv.9.dylib
0x00007fff2b91b000 	/System/Library/PrivateFrameworks/Heimdal.framework/Versions/A/Heimdal
0x00007fff3375e000 	/System/Library/Frameworks/Kerberos.framework/Versions/A/Libraries/libHeimdalProxy.dylib
0x00007fff261d5000 	/System/Library/Frameworks/Network.framework/Versions/A/Network
0x00007fff2b334000 	/usr/lib/libheimdal-asn1.dylib
0x00007fff2da2a000 	/System/Library/PrivateFrameworks/CommonAuth.framework/Versions/A/CommonAuth
0x00007fff2751b000 	/System/Library/PrivateFrameworks/login.framework/Versions/A/Frameworks/loginsupport.framework/Versions/A/loginsupport
0x00007fff2cf8e000 	/System/Library/PrivateFrameworks/AudioSession.framework/Versions/A/AudioSession
0x00007fff2cff6000 	/usr/lib/libAudioStatistics.dylib
0x00007fff2b3c1000 	/System/Library/PrivateFrameworks/MediaExperience.framework/Versions/A/MediaExperience
0x00007fff2ce2b000 	/System/Library/PrivateFrameworks/AudioSession.framework/libSessionUtility.dylib
0x00007fff2d9bb000 	/usr/lib/libperfcheck.dylib
0x00007fff2d33f000 	/System/Library/PrivateFrameworks/AudioResourceArbitration.framework/Versions/A/AudioResourceArbitration
0x00007fff2b33e000 	/System/Library/PrivateFrameworks/IconFoundation.framework/Versions/A/IconFoundation
0x00007fff2fe68000 	/System/Library/PrivateFrameworks/SpeechRecognitionCore.framework/Versions/A/SpeechRecognitionCore
0x0000000111000000 	/Users/leon/Library/Java/JavaVirtualMachines/openjdk-15.0.2/Contents/Home/lib/server/libjvm.dylib
0x000000010c83a000 	/Users/leon/Library/Java/JavaVirtualMachines/openjdk-15.0.2/Contents/Home/lib/libjimage.dylib
0x000000010c89c000 	/Users/leon/Library/Java/JavaVirtualMachines/openjdk-15.0.2/Contents/Home/lib/libjava.dylib
0x0000000133465000 	/Users/leon/Library/Java/JavaVirtualMachines/openjdk-15.0.2/Contents/Home/lib/libnio.dylib
0x0000000133493000 	/Users/leon/Library/Java/JavaVirtualMachines/openjdk-15.0.2/Contents/Home/lib/libnet.dylib
0x00000001334ea000 	/Users/leon/Library/Java/JavaVirtualMachines/openjdk-15.0.2/Contents/Home/lib/libawt.dylib
0x0000000133664000 	/Users/leon/Library/Java/JavaVirtualMachines/openjdk-15.0.2/Contents/Home/lib/libmlib_image.dylib
0x00007fff6f9cb000 	/System/Library/Frameworks/JavaNativeFoundation.framework/Versions/A/JavaNativeFoundation
0x00007fff6f9d7000 	/System/Library/Frameworks/JavaRuntimeSupport.framework/Versions/A/JavaRuntimeSupport
0x00007fff3d3d1000 	/System/Library/Frameworks/Carbon.framework/Versions/A/Carbon
0x00007fff31e32000 	/System/Library/PrivateFrameworks/CoreSymbolication.framework/Versions/A/CoreSymbolication
0x00007fff366cb000 	/System/Library/Frameworks/Carbon.framework/Versions/A/Frameworks/CommonPanels.framework/Versions/A/CommonPanels
0x00007fff33218000 	/System/Library/Frameworks/Carbon.framework/Versions/A/Frameworks/Help.framework/Versions/A/Help
0x00007fff366cf000 	/System/Library/Frameworks/Carbon.framework/Versions/A/Frameworks/ImageCapture.framework/Versions/A/ImageCapture
0x00007fff366a7000 	/System/Library/Frameworks/Carbon.framework/Versions/A/Frameworks/OpenScripting.framework/Versions/A/OpenScripting
0x00007fff366c7000 	/System/Library/Frameworks/Carbon.framework/Versions/A/Frameworks/Ink.framework/Versions/A/Ink
0x00007fff3d3cd000 	/System/Library/Frameworks/Carbon.framework/Versions/A/Frameworks/Print.framework/Versions/A/Print
0x00007fff366c3000 	/System/Library/Frameworks/Carbon.framework/Versions/A/Frameworks/SecurityHI.framework/Versions/A/SecurityHI
0x00007fff31df5000 	/System/Library/PrivateFrameworks/DebugSymbols.framework/Versions/A/DebugSymbols
0x00000001337bd000 	/Users/leon/Library/Java/JavaVirtualMachines/openjdk-15.0.2/Contents/Home/lib/libawt_lwawt.dylib
0x0000000133951000 	/Users/leon/Library/Java/JavaVirtualMachines/openjdk-15.0.2/Contents/Home/lib/libosxapp.dylib
0x00007fff3c791000 	/System/Library/Frameworks/ExceptionHandling.framework/Versions/A/ExceptionHandling
0x0000000133a66000 	/Users/leon/Library/Java/JavaVirtualMachines/openjdk-15.0.2/Contents/Home/lib/libfontmanager.dylib
0x0000000133d01000 	/Users/leon/Library/Java/JavaVirtualMachines/openjdk-15.0.2/Contents/Home/lib/libfreetype.dylib
0x00007fff229ae000 	/System/Library/PrivateFrameworks/CoreServicesInternal.framework/Versions/A/CoreServicesInternal
0x00007fff3134e000 	/System/Library/Frameworks/FileProvider.framework/Versions/A/FileProvider
0x00007fff25fec000 	/System/Library/Frameworks/Accounts.framework/Versions/A/Accounts
0x00007fff3146f000 	/System/Library/PrivateFrameworks/GenerationalStorage.framework/Versions/A/GenerationalStorage
0x00007fff30d6d000 	/System/Library/PrivateFrameworks/SymptomDiagnosticReporter.framework/Versions/A/SymptomDiagnosticReporter
0x00007fff2e673000 	/System/Library/PrivateFrameworks/AppContainer.framework/Versions/A/AppContainer
0x00007fff23afa000 	/System/Library/PrivateFrameworks/DesktopServicesPriv.framework/Versions/A/DesktopServicesPriv
0x00007fff22ae3000 	/usr/lib/libsandbox.1.dylib
0x00007fff27547000 	/System/Library/PrivateFrameworks/UserManagement.framework/Versions/A/UserManagement
0x00007fff29d53000 	/System/Library/PrivateFrameworks/MobileKeyBag.framework/Versions/A/MobileKeyBag
0x00007fff347c8000 	/System/Library/PrivateFrameworks/ChunkingLibrary.framework/Versions/A/ChunkingLibrary
0x00007fff2e688000 	/System/Library/PrivateFrameworks/SecCodeWrapper.framework/Versions/A/SecCodeWrapper
0x00007fff2b117000 	/System/Library/PrivateFrameworks/CrashReporterSupport.framework/Versions/A/CrashReporterSupport
0x00007fff4854b000 	/System/Library/PrivateFrameworks/OSAnalytics.framework/Versions/A/OSAnalytics
0x00007fff78363000 	/usr/lib/libRosetta.dylib
0x00007fff331a9000 	/System/Library/PrivateFrameworks/RemoteServiceDiscovery.framework/Versions/A/RemoteServiceDiscovery
0x00007fff52523000 	/System/Library/PrivateFrameworks/Symbolication.framework/Versions/A/Symbolication
0x00007fff331b9000 	/System/Library/PrivateFrameworks/RemoteXPC.framework/Versions/A/RemoteXPC
0x00007fff396c4000 	/System/Library/PrivateFrameworks/OSAServicesClient.framework/Versions/A/OSAServicesClient
0x00007fff3dfa2000 	/System/Library/PrivateFrameworks/MallocStackLogging.framework/Versions/A/MallocStackLogging
0x00007fff2e40a000 	/System/Library/PrivateFrameworks/Sharing.framework/Versions/A/Sharing
0x00007fff32d86000 	/System/Library/PrivateFrameworks/Apple80211.framework/Versions/A/Apple80211
0x00007fff2a3d9000 	/System/Library/PrivateFrameworks/AuthKit.framework/Versions/A/AuthKit
0x00007fff29b53000 	/System/Library/PrivateFrameworks/CoreUtils.framework/Versions/A/CoreUtils
0x00007fff29a80000 	/System/Library/Frameworks/CoreWLAN.framework/Versions/A/CoreWLAN
0x00007fff2e552000 	/System/Library/Frameworks/IOBluetooth.framework/Versions/A/IOBluetooth
0x00007fff32dea000 	/System/Library/PrivateFrameworks/CoreWiFi.framework/Versions/A/CoreWiFi
0x00007fff2dab2000 	/System/Library/PrivateFrameworks/CorePhoneNumbers.framework/Versions/A/CorePhoneNumbers
0x00007fff30e75000 	/System/Library/PrivateFrameworks/DiskManagement.framework/Versions/A/DiskManagement
0x00007fff30d8b000 	/System/Library/PrivateFrameworks/AppleIDAuthSupport.framework/Versions/A/AppleIDAuthSupport
0x00007fff2da8f000 	/System/Library/PrivateFrameworks/KeychainCircle.framework/Versions/A/KeychainCircle
0x00007fff30e41000 	/System/Library/PrivateFrameworks/MediaKit.framework/Versions/A/MediaKit
0x00007fff30d98000 	/System/Library/Frameworks/DiscRecording.framework/Versions/A/DiscRecording
0x00007fff2b23a000 	/usr/lib/libCoreStorage.dylib
0x00007fff33224000 	/usr/lib/libcsfde.dylib
0x00007fff2e68c000 	/System/Library/PrivateFrameworks/ProtectedCloudStorage.framework/Versions/A/ProtectedCloudStorage
0x00007fff3321c000 	/System/Library/PrivateFrameworks/EFILogin.framework/Versions/A/EFILogin
0x00007fff33811000 	/System/Library/Frameworks/AudioUnit.framework/Versions/A/AudioUnit
0x00007fff30d0a000 	/System/Library/Frameworks/CoreBluetooth.framework/Versions/A/CoreBluetooth
0x00007fff2b232000 	/usr/lib/libMatch.1.dylib
0x00007fff441dc000 	/System/Library/CoreServices/RawCamera.bundle/Contents/MacOS/RawCamera
0x00007fff2da3b000 	/System/Library/PrivateFrameworks/MobileAsset.framework/Versions/A/MobileAsset
0x00007fff33836000 	/System/Library/PrivateFrameworks/StreamingZip.framework/Versions/A/StreamingZip
0x00007fff2c1dd000 	/System/Library/Frameworks/MediaToolbox.framework/Versions/A/MediaToolbox
0x00007fff31320000 	/System/Library/PrivateFrameworks/CoreAVCHD.framework/Versions/A/CoreAVCHD
0x00007fff304d4000 	/System/Library/Frameworks/MediaAccessibility.framework/Versions/A/MediaAccessibility
0x00007fff3131c000 	/System/Library/PrivateFrameworks/Mangrove.framework/Versions/A/Mangrove
0x00007fff304e0000 	/System/Library/PrivateFrameworks/AlgosScoreFramework.framework/Versions/A/AlgosScoreFramework
0x00007fff31ce5000 	/System/Library/PrivateFrameworks/AppleVPA.framework/Versions/A/AppleVPA
0x00007fff30f61000 	/System/Library/PrivateFrameworks/CoreAUC.framework/Versions/A/CoreAUC
0x00007fff41bcf000 	/System/Library/Frameworks/Accelerate.framework/Versions/A/Frameworks/vImage.framework/Versions/A/Libraries/libCGInterfaces.dylib
0x0000000135b38000 	/usr/lib/libobjc-trampolines.dylib
0x00007fff27249000 	/System/Library/PrivateFrameworks/ViewBridge.framework/Versions/A/ViewBridge
0x00007fff2b9dc000 	/System/Library/PrivateFrameworks/login.framework/Versions/A/login
0x00007fff6cd68000 	/System/Library/Frameworks/OpenGL.framework/Versions/A/Resources/GLEngine.bundle/GLEngine
0x00007fff6cbc8000 	/System/Library/Frameworks/OpenGL.framework/Versions/A/Libraries/libGLProgrammability.dylib
0x0000000137f70000 	/System/Library/Extensions/AppleMetalOpenGLRenderer.bundle/Contents/MacOS/AppleMetalOpenGLRenderer
0x00007fff6cee4000 	/System/Library/Frameworks/OpenGL.framework/Versions/A/Resources/GLRendererFloat.bundle/GLRendererFloat
0x00000001380c5000 	/System/Library/Extensions/AGXMetal13_3.bundle/Contents/MacOS/AGXMetal13_3
0x00007fff38a21000 	/System/Library/PrivateFrameworks/IOGPU.framework/Versions/A/IOGPU
0x00007fff6a6c1000 	/System/Library/PrivateFrameworks/GPUCompiler.framework/Versions/31001/Libraries/libmetal_timestamp.dylib
0x0000000139553000 	/Users/leon/Library/Java/JavaVirtualMachines/openjdk-15.0.2/Contents/Home/lib/libosxui.dylib
0x00007fff27705000 	/System/Library/PrivateFrameworks/CloudDocs.framework/Versions/A/CloudDocs
0x00007fff344ec000 	/System/Library/PrivateFrameworks/SpotlightIndex.framework/Versions/A/SpotlightIndex
0x00007fff30d77000 	/System/Library/PrivateFrameworks/PowerLog.framework/Versions/A/PowerLog
0x00007fff23c85000 	/System/Library/PrivateFrameworks/SpotlightLinguistics.framework/Versions/A/SpotlightLinguistics
0x000000016f1c5000 	/Users/leon/Library/Java/JavaVirtualMachines/openjdk-15.0.2/Contents/Home/lib/libzip.dylib


VM Arguments:
jvm_args: -ea -Dfile.encoding=UTF-8 -XX:+ShowCodeDetailsInExceptionMessages 
java_command: SoundWaveform
java_class_path (initial): /Users/leon/Documents/GitHub/COMP261/Assignments/COMP_Assignment_3/bin
Launcher Type: SUN_STANDARD

[Global flags]
     intx CICompilerCount                          = 4                                         {product} {ergonomic}
     uint ConcGCThreads                            = 2                                         {product} {ergonomic}
     uint G1ConcRefinementThreads                  = 8                                         {product} {ergonomic}
   size_t G1HeapRegionSize                         = 1048576                                   {product} {ergonomic}
    uintx GCDrainStackTargetSize                   = 64                                        {product} {ergonomic}
   size_t InitialHeapSize                          = 134217728                                 {product} {ergonomic}
   size_t MarkStackSize                            = 4194304                                   {product} {ergonomic}
   size_t MaxHeapSize                              = 2147483648                                {product} {ergonomic}
   size_t MaxNewSize                               = 1287651328                                {product} {ergonomic}
   size_t MinHeapDeltaBytes                        = 1048576                                   {product} {ergonomic}
   size_t MinHeapSize                              = 8388608                                   {product} {ergonomic}
    uintx NonNMethodCodeHeapSize                   = 5839372                                {pd product} {ergonomic}
    uintx NonProfiledCodeHeapSize                  = 122909434                              {pd product} {ergonomic}
    uintx ProfiledCodeHeapSize                     = 122909434                              {pd product} {ergonomic}
    uintx ReservedCodeCacheSize                    = 251658240                              {pd product} {ergonomic}
     bool SegmentedCodeCache                       = true                                      {product} {ergonomic}
     bool ShowCodeDetailsInExceptionMessages       = true                                   {manageable} {command line}
   size_t SoftMaxHeapSize                          = 2147483648                             {manageable} {ergonomic}
     bool UseCompressedClassPointers               = true                                 {lp64_product} {ergonomic}
     bool UseCompressedOops                        = true                                 {lp64_product} {ergonomic}
     bool UseG1GC                                  = true                                      {product} {ergonomic}
     bool UseNUMA                                  = false                                     {product} {ergonomic}
     bool UseNUMAInterleaving                      = false                                     {product} {ergonomic}

Logging:
Log output configuration:
 #0: stdout all=warning uptime,level,tags
 #1: stderr all=off uptime,level,tags

Environment Variables:
PATH=/usr/bin:/bin:/usr/sbin:/sbin
SHELL=/bin/zsh

Signal Handlers:
SIGSEGV: [libjvm.dylib+0xa01020], sa_mask[0]=11111111111111111111111111111111, sa_flags=SA_ONSTACK|SA_RESTART|SA_SIGINFO
SIGBUS: [libjvm.dylib+0xa01020], sa_mask[0]=11111111111111111111111111111111, sa_flags=SA_RESTART|SA_SIGINFO
SIGFPE: [libjvm.dylib+0xa01020], sa_mask[0]=11111111111111111111111111111111, sa_flags=SA_RESTART|SA_SIGINFO
SIGPIPE: [libjvm.dylib+0x82c500], sa_mask[0]=11111111111111111111111111111111, sa_flags=SA_RESTART|SA_SIGINFO
SIGXFSZ: [libjvm.dylib+0x82c500], sa_mask[0]=11111111111111111111111111111111, sa_flags=SA_RESTART|SA_SIGINFO
SIGILL: [libjvm.dylib+0xa01020], sa_mask[0]=11111111111111111111111111111111, sa_flags=SA_RESTART|SA_SIGINFO
SIGUSR2: [libjvm.dylib+0x82d010], sa_mask[0]=00100000000000000000000000000000, sa_flags=SA_RESTART|SA_SIGINFO
SIGHUP: [libjvm.dylib+0x82b710], sa_mask[0]=11111111111111111111111111111111, sa_flags=SA_RESTART|SA_SIGINFO
SIGINT: [libjvm.dylib+0x82b710], sa_mask[0]=11111111111111111111111111111111, sa_flags=SA_RESTART|SA_SIGINFO
SIGTERM: [libjvm.dylib+0x82b710], sa_mask[0]=11111111111111111111111111111111, sa_flags=SA_RESTART|SA_SIGINFO
SIGQUIT: [libjvm.dylib+0x82b710], sa_mask[0]=11111111111111111111111111111111, sa_flags=SA_RESTART|SA_SIGINFO


---------------  S Y S T E M  ---------------

OS:uname: Darwin 20.3.0 Darwin Kernel Version 20.3.0: Thu Jan 21 00:06:51 PST 2021; root:xnu-7195.81.3~1/RELEASE_ARM64_T8101 x86_64
OS uptime: 2 days 23:28 hours
rlimit (soft/hard): STACK 8176k/65520k , CORE 0k/infinity , NPROC 1333/2000 , NOFILE 10240/infinity , AS infinity/infinity , CPU infinity/infinity , DATA infinity/infinity , FSIZE infinity/infinity , MEMLOCK infinity/infinity , RSS infinity/infinity
load average: 2.56 2.54 2.59

CPU: total 8 (initial active 8) (1 cores per cpu, 1 threads per core) family 6 model 44 stepping 0 microcode 0x0, cmov, cx8, fxsr, mmx, sse, sse2, sse3, ssse3, sse4.1, sse4.2, popcnt, aes, clmul, tsc, tscinvbit, tscinv, clflush

Memory: 4k page, physical 8388608k(30624k free), swap 5242880k(635136k free)

vm_info: OpenJDK 64-Bit Server VM (15.0.2+7-27) for bsd-amd64 JRE (15.0.2+7-27), built on Dec  7 2020 20:01:12 by "mach5one" with clang 4.2.1 Compatible Apple LLVM 10.0.0 (clang-1000.11.45.5)

END.
