#
# A fatal error has been detected by the Java Runtime Environment:
#
#  SIGFPE (0x8) at pc=0x0000000118fa2168, pid=13080, tid=8451
#
# JRE version: OpenJDK Runtime Environment (15.0.2+7) (build 15.0.2+7-27)
# Java VM: OpenJDK 64-Bit Server VM (15.0.2+7-27, mixed mode, sharing, tiered, compressed oops, g1 gc, bsd-amd64)
# Problematic frame:
# j  Segment.<init>(LGraph;IDII[D)V+87
#
# No core dump will be written. Core dumps have been disabled. To enable core dumping, try "ulimit -c unlimited" before starting Java again
#
# If you would like to submit a bug report, please visit:
#   https://bugreport.java.com/bugreport/crash.jsp
#

---------------  S U M M A R Y ------------

Command Line: -ea -Dfile.encoding=UTF-8 -XX:+ShowCodeDetailsInExceptionMessages Mapper

Host: MacBookPro17,1 x86_64 2400 MHz, 8 cores, 8G, Darwin 20.3.0
Time: Tue Apr 13 12:52:20 2021 NZST elapsed time: 1.803077 seconds (0d 0h 0m 1s)

---------------  T H R E A D  ---------------

Current thread (0x00007fdbe100da00):  JavaThread "main" [_thread_in_Java, id=8451, stack(0x0000000308953000,0x0000000308a53000)]

Stack: [0x0000000308953000,0x0000000308a53000],  sp=0x0000000308a52808,  free space=1022k
Native frames: (J=compiled Java code, A=aot compiled Java code, j=interpreted, Vv=VM code, C=native code)
j  Segment.<init>(LGraph;IDII[D)V+87
j  Parser.parseSegments(Ljava/io/File;LGraph;)Ljava/util/Collection;+133
j  Graph.<init>(Ljava/io/File;Ljava/io/File;Ljava/io/File;Ljava/io/File;Ljava/io/File;)V+80
j  Mapper.onLoad(Ljava/io/File;Ljava/io/File;Ljava/io/File;Ljava/io/File;Ljava/io/File;)V+12
j  Mapper.main([Ljava/lang/String;)V+59
v  ~StubRoutines::call_stub
V  [libjvm.dylib+0x4ae582]  JavaCalls::call_helper(JavaValue*, methodHandle const&, JavaCallArguments*, Thread*)+0x2e2
V  [libjvm.dylib+0x50f169]  jni_invoke_static(JNIEnv_*, JavaValue*, _jobject*, JNICallType, _jmethodID*, JNI_ArgumentPusher*, Thread*)+0x1f9
V  [libjvm.dylib+0x51290e]  jni_CallStaticVoidMethod+0x19e
C  [libjli.dylib+0x4f3d]  JavaMain+0xc1d
C  [libjli.dylib+0x7659]  ThreadJavaMain+0x9
C  [libsystem_pthread.dylib+0x6950]  _pthread_start+0xe0
C  [libsystem_pthread.dylib+0x247b]  thread_start+0xf


siginfo: si_signo: 8 (SIGFPE), si_code: 5 (FPE_FLTINV), si_addr: 0x0000000118fa2168

Register to memory mapping:

RAX=0x0000000000000001 is an unknown value
RBX=0x000000000000006c is an unknown value
RCX=0x0 is NULL
RDX=0x0 is NULL
RSP=0x0000000308a52808 is pointing into the stack for thread: 0x00007fdbe100da00
RBP=0x0000000308a52868 is pointing into the stack for thread: 0x00007fdbe100da00
RSI=0x0000000000000001 is an unknown value
RDI=0x0000000000000001 is an unknown value
R8 =0x000000016c4941b0 is pointing into metadata
R9 =0x00007fdbe06072b0 points into unknown readable memory: 0x000000012f113980 | 80 39 11 2f 01 00 00 00
R10=0x000000010f44e1c0: _ZN19TemplateInterpreter13_active_tableE+0x4800 in /Users/leon/Library/Java/JavaVirtualMachines/openjdk-15.0.2/Contents/Home/lib/server/libjvm.dylib at 0x000000010e800000
R11=0x0 is NULL
R12=0x0 is NULL
R13=0x000000016c495332 is pointing into metadata
R14=0x0000000308a528b8 is pointing into the stack for thread: 0x00007fdbe100da00
R15=0x00007fdbe100da00 is a thread


Registers:
RAX=0x0000000000000001, RBX=0x000000000000006c, RCX=0x0000000000000000, RDX=0x0000000000000000
RSP=0x0000000308a52808, RBP=0x0000000308a52868, RSI=0x0000000000000001, RDI=0x0000000000000001
R8 =0x000000016c4941b0, R9 =0x00007fdbe06072b0, R10=0x000000010f44e1c0, R11=0x0000000000000000
R12=0x0000000000000000, R13=0x000000016c495332, R14=0x0000000308a528b8, R15=0x00007fdbe100da00
RIP=0x0000000118fa2168, EFLAGS=0x0000000000000a83, ERR=0x0000000000000000
  TRAPNO=0x0000000000000000

Top of Stack: (sp=0x0000000308a52808)
0x0000000308a52808:   3ff549100a15da84 0000000780072800
0x0000000308a52818:   0000000787d376f0 0000000308a52820
0x0000000308a52828:   000000016c49532f 0000000308a528b8
0x0000000308a52838:   000000016c4955f8 0000000000000000
0x0000000308a52848:   0000000787d37640 000000016c495428
0x0000000308a52858:   0000000000000000 0000000308a52880
0x0000000308a52868:   0000000308a52910 0000000118f97eea
0x0000000308a52878:   0000000000000000 0000000787d32680
0x0000000308a52888:   0000000000002788 00000000000025b7
0x0000000308a52898:   400fed980f20c7c6 0000000308a52980
0x0000000308a528a8:   0000000000000001 000000078020f240
0x0000000308a528b8:   0000000787d376f0 0000000787d376f0
0x0000000308a528c8:   0000000308a528c8 000000016c49178d
0x0000000308a528d8:   0000000308a52980 000000016c491fc8
0x0000000308a528e8:   0000000000000000 0000000780285960
0x0000000308a528f8:   000000016c491898 0000000308a52880
0x0000000308a52908:   0000000308a52978 0000000308a529d8
0x0000000308a52918:   0000000118f97c40 00000000000000c0
0x0000000308a52928:   0000000787d32680 0000000000002788
0x0000000308a52938:   00000000000025b7 400fed980f20c7c6
0x0000000308a52948:   0000000000000000 0000000000000001
0x0000000308a52958:   0000000787d32208 0000000787d2e198
0x0000000308a52968:   0000000787d27f88 0000000787d27f48
0x0000000308a52978:   000000078020f240 000000078020f300
0x0000000308a52988:   000000078020f240 0000000308a52990
0x0000000308a52998:   000000012f11f4b0 0000000308a52a38
0x0000000308a529a8:   000000016c4900b0 0000000000000000
0x0000000308a529b8:   00000007802858f0 000000012f11f630
0x0000000308a529c8:   0000000308a52978 0000000308a52a10
0x0000000308a529d8:   0000000308a52a98 0000000118f97eea
0x0000000308a529e8:   0000000000000000 0000000000000000
0x0000000308a529f8:   0000000000000000 0000000000000000 

Instructions: (pc=0x0000000118fa2168)
0x0000000118fa2068:   84 be 27 0f 01 00 00 00 6a 00 00 00 00 00 00 00
0x0000000118fa2078:   00 00 00 00 00 00 00 00 f3 0f 10 04 24 48 83 c4
0x0000000118fa2088:   08 f3 0f 59 04 24 48 83 c4 08 41 0f b6 5d 01 49
0x0000000118fa2098:   ff c5 49 ba c0 c9 44 0f 01 00 00 00 41 ff 24 da
0x0000000118fa20a8:   00 00 00 00 00 00 00 00 00 00 00 00 00 00 00 00
0x0000000118fa20b8:   00 00 00 00 00 00 00 00 60 00 00 00 00 00 00 00
0x0000000118fa20c8:   89 be 27 0f 01 00 00 00 6b 00 00 00 00 00 00 00
0x0000000118fa20d8:   00 00 00 00 00 00 00 00 f2 0f 10 04 24 48 83 c4
0x0000000118fa20e8:   10 f2 0f 59 04 24 48 83 c4 10 41 0f b6 5d 01 49
0x0000000118fa20f8:   ff c5 49 ba c0 d1 44 0f 01 00 00 00 41 ff 24 da
0x0000000118fa2108:   00 00 00 00 00 00 00 00 00 00 00 00 00 00 00 00
0x0000000118fa2118:   00 00 00 00 00 00 00 00 60 00 00 00 00 00 00 00
0x0000000118fa2128:   8e be 27 0f 01 00 00 00 6c 00 00 00 00 00 00 00
0x0000000118fa2138:   00 00 00 00 00 00 00 00 8b 04 24 48 83 c4 08 8b
0x0000000118fa2148:   c8 8b 04 24 48 83 c4 08 81 f8 00 00 00 80 0f 85
0x0000000118fa2158:   0b 00 00 00 33 d2 83 f9 ff 0f 84 03 00 00 00 99
0x0000000118fa2168:   f7 f9 41 0f b6 5d 01 49 ff c5 49 ba c0 b9 44 0f
0x0000000118fa2178:   01 00 00 00 41 ff 24 da 80 00 00 00 00 00 00 00
0x0000000118fa2188:   93 be 27 0f 01 00 00 00 6d 00 00 00 00 00 00 00
0x0000000118fa2198:   00 00 00 00 00 00 00 00 48 8b 04 24 48 83 c4 10
0x0000000118fa21a8:   48 8b c8 48 8b 04 24 48 83 c4 10 48 85 c9 0f 84
0x0000000118fa21b8:   73 9a ff ff 48 3b 05 8d 49 35 f6 0f 85 0c 00 00
0x0000000118fa21c8:   00 33 d2 48 83 f9 ff 0f 84 05 00 00 00 48 99 48
0x0000000118fa21d8:   f7 f9 41 0f b6 5d 01 49 ff c5 49 ba c0 c1 44 0f
0x0000000118fa21e8:   01 00 00 00 41 ff 24 da 00 00 00 00 00 00 00 00
0x0000000118fa21f8:   00 00 00 00 00 00 00 00 60 00 00 00 00 00 00 00
0x0000000118fa2208:   98 be 27 0f 01 00 00 00 6e 00 00 00 00 00 00 00
0x0000000118fa2218:   00 00 00 00 00 00 00 00 f3 0f 10 04 24 48 83 c4
0x0000000118fa2228:   08 0f 28 c8 f3 0f 10 04 24 48 83 c4 08 f3 0f 5e
0x0000000118fa2238:   c1 41 0f b6 5d 01 49 ff c5 49 ba c0 c9 44 0f 01
0x0000000118fa2248:   00 00 00 41 ff 24 da 90 00 00 00 00 00 00 00 00
0x0000000118fa2258:   00 00 00 00 00 00 00 00 60 00 00 00 00 00 00 00 


Stack slot to memory mapping:
stack at sp + 0 slots: 0x3ff549100a15da84 is an unknown value
stack at sp + 1 slots: 0x0000000780072800 is an oop: Node 
{0x0000000780072800} - klass: 'Node'
stack at sp + 2 slots: 0x0000000787d376f0 is an oop: Segment 
{0x0000000787d376f0} - klass: 'Segment'
stack at sp + 3 slots: 0x0000000308a52820 is pointing into the stack for thread: 0x00007fdbe100da00
stack at sp + 4 slots: 0x000000016c49532f is pointing into metadata
stack at sp + 5 slots: 0x0000000308a528b8 is pointing into the stack for thread: 0x00007fdbe100da00
stack at sp + 6 slots: 0x000000016c4955f8 is pointing into metadata
stack at sp + 7 slots: 0x0 is NULL

idiv  108 idiv  [0x0000000118fa2140, 0x0000000118fa2180]  64 bytes
[MachCode]
  0x0000000118fa2140: 8b04 2448 | 83c4 088b | c88b 0424 | 4883 c408 | 81f8 0000 | 0080 0f85 | 0b00 0000 | 33d2 83f9 
  0x0000000118fa2160: ff0f 8403 | 0000 0099 | f7f9 410f | b65d 0149 | ffc5 49ba | c0b9 440f | 0100 0000 | 41ff 24da 
[/MachCode]

---------------  P R O C E S S  ---------------

Threads class SMR info:
_java_thread_list=0x00007fdbe05da3b0, length=16, elements={
0x00007fdbe100da00, 0x00007fdbe2012600, 0x00007fdbe10b9200, 0x00007fdbe080ea00,
0x00007fdbe0821e00, 0x00007fdbe0822400, 0x00007fdbe10bb400, 0x00007fdbe10bba00,
0x00007fdbe10b7000, 0x00007fdbe1861600, 0x00007fdbe0822a00, 0x00007fdbe09b0600,
0x00007fdbe11c3800, 0x00007fdbe112f000, 0x00007fdbe20ba800, 0x00007fdbe13df800
}

Java Threads: ( => current thread )
=>0x00007fdbe100da00 JavaThread "main" [_thread_in_Java, id=8451, stack(0x0000000308953000,0x0000000308a53000)]
  0x00007fdbe2012600 JavaThread "Reference Handler" daemon [_thread_blocked, id=14595, stack(0x0000000309068000,0x0000000309168000)]
  0x00007fdbe10b9200 JavaThread "Finalizer" daemon [_thread_blocked, id=22275, stack(0x000000030916b000,0x000000030926b000)]
  0x00007fdbe080ea00 JavaThread "Signal Dispatcher" daemon [_thread_blocked, id=24323, stack(0x000000030937f000,0x000000030947f000)]
  0x00007fdbe0821e00 JavaThread "Service Thread" daemon [_thread_blocked, id=25347, stack(0x0000000309482000,0x0000000309582000)]
  0x00007fdbe0822400 JavaThread "C2 CompilerThread0" daemon [_thread_blocked, id=25859, stack(0x0000000309585000,0x0000000309685000)]
  0x00007fdbe10bb400 JavaThread "C1 CompilerThread0" daemon [_thread_blocked, id=26371, stack(0x0000000309688000,0x0000000309788000)]
  0x00007fdbe10bba00 JavaThread "Sweeper thread" daemon [_thread_blocked, id=26883, stack(0x000000030978b000,0x000000030988b000)]
  0x00007fdbe10b7000 JavaThread "Notification Thread" daemon [_thread_blocked, id=28163, stack(0x000000030988e000,0x000000030998e000)]
  0x00007fdbe1861600 JavaThread "Common-Cleaner" daemon [_thread_blocked, id=36867, stack(0x0000000309a94000,0x0000000309b94000)]
  0x00007fdbe0822a00 JavaThread "AppKit Thread" daemon [_thread_in_native, id=515, stack(0x00000003080d0000,0x00000003088d0000)]
  0x00007fdbe09b0600 JavaThread "AWT-Shutdown" [_thread_blocked, id=47107, stack(0x0000000309b97000,0x0000000309c97000)]
  0x00007fdbe11c3800 JavaThread "Java2D Queue Flusher" daemon [_thread_blocked, id=76035, stack(0x0000000309eb6000,0x0000000309fb6000)]
  0x00007fdbe112f000 JavaThread "Java2D Disposer" daemon [_thread_blocked, id=68099, stack(0x000000030a03f000,0x000000030a13f000)]
  0x00007fdbe20ba800 JavaThread "AWT-EventQueue-0" [_thread_blocked, id=88591, stack(0x000000030a142000,0x000000030a242000)]
  0x00007fdbe13df800 JavaThread "TimerQueue" daemon [_thread_blocked, id=93215, stack(0x000000030a245000,0x000000030a345000)]

Other Threads:
  0x00007fdbe063cbd0 VMThread "VM Thread" [stack: 0x0000000308f65000,0x0000000309065000] [id=15363]
  0x00007fdbe0653910 WatcherThread [stack: 0x0000000309991000,0x0000000309a91000] [id=37635]
  0x00007fdbe06134b0 GCTaskThread "GC Thread#0" [stack: 0x0000000308a56000,0x0000000308b56000] [id=17155]
  0x00007fdbb041e0f0 GCTaskThread "GC Thread#1" [stack: 0x000000030a348000,0x000000030a448000] [id=167583]
  0x00007fdbb0509e80 GCTaskThread "GC Thread#2" [stack: 0x000000030a44b000,0x000000030a54b000] [id=166659]
  0x00007fdbb050b070 GCTaskThread "GC Thread#3" [stack: 0x000000030a54e000,0x000000030a64e000] [id=96259]
  0x00007fdbb050be90 GCTaskThread "GC Thread#4" [stack: 0x000000030a651000,0x000000030a751000] [id=166147]
  0x00007fdbb050ceb0 GCTaskThread "GC Thread#5" [stack: 0x000000030a754000,0x000000030a854000] [id=96771]
  0x00007fdbe04122a0 ConcurrentGCThread "G1 Main Marker" [stack: 0x0000000308b59000,0x0000000308c59000] [id=12803]
  0x00007fdbe0413350 ConcurrentGCThread "G1 Conc#0" [stack: 0x0000000308c5c000,0x0000000308d5c000] [id=16387]
  0x00007fdbe062fea0 ConcurrentGCThread "G1 Refine#0" [stack: 0x0000000308d5f000,0x0000000308e5f000] [id=13571]
  0x00007fdbe0630f50 ConcurrentGCThread "G1 Young RemSet Sampling" [stack: 0x0000000308e62000,0x0000000308f62000] [id=15875]

Threads with active compile tasks:

VM state: not at safepoint (normal execution)

VM Mutex/Monitor currently owned by a thread: None

Heap address: 0x0000000780000000, size: 2048 MB, Compressed Oops mode: Zero based, Oop shift amount: 3
CDS archive(s) mapped at: [0x0000000800000000-0x0000000800b2b000-0x0000000800b2b000), size 11710464, SharedBaseAddress: 0x0000000800000000, ArchiveRelocationMode: 0.
Compressed class space mapped at: 0x0000000800b2c000-0x0000000840b2c000, size: 1073741824
Narrow klass base: 0x0000000800000000, Narrow klass shift: 3, Narrow klass range: 0x100000000

GC Precious Log:
 CPUs: 8 total, 8 available
 Memory: 8192M
 Large Page Support: Disabled
 NUMA Support: Disabled
 Compressed Oops: Enabled (Zero based)
 Heap Region Size: 1M
 Heap Min Capacity: 8M
 Heap Initial Capacity: 128M
 Heap Max Capacity: 2G
 Pre-touch: Disabled
 Parallel Workers: 8
 Concurrent Workers: 2
 Concurrent Refinement Workers: 8
 Periodic GC: Disabled

Heap:
 garbage-first heap   total 133120K, used 26009K [0x0000000780000000, 0x0000000800000000)
  region size 1024K, 13 young (13312K), 10 survivors (10240K)
 Metaspace       used 10972K, capacity 11209K, committed 11520K, reserved 1058816K
  class space    used 1381K, capacity 1470K, committed 1536K, reserved 1048576K

Heap Regions: E=young(eden), S=young(survivor), O=old, HS=humongous(starts), HC=humongous(continues), CS=collection set, F=free, OA=open archive, CA=closed archive, TAMS=top-at-mark-start (previous, next)
|   0|0x0000000780000000, 0x0000000780100000, 0x0000000780100000|100%| O|  |TAMS 0x0000000780000000, 0x0000000780000000| Untracked 
|   1|0x0000000780100000, 0x0000000780200000, 0x0000000780200000|100%| O|  |TAMS 0x0000000780100000, 0x0000000780100000| Untracked 
|   2|0x0000000780200000, 0x0000000780300000, 0x0000000780300000|100%| O|  |TAMS 0x0000000780200000, 0x0000000780200000| Untracked 
|   3|0x0000000780300000, 0x0000000780400000, 0x0000000780400000|100%| O|  |TAMS 0x0000000780300000, 0x0000000780300000| Untracked 
|   4|0x0000000780400000, 0x0000000780500000, 0x0000000780500000|100%| O|  |TAMS 0x0000000780400000, 0x0000000780400000| Untracked 
|   5|0x0000000780500000, 0x0000000780600000, 0x0000000780600000|100%| O|  |TAMS 0x0000000780500000, 0x0000000780500000| Untracked 
|   6|0x0000000780600000, 0x0000000780700000, 0x0000000780700000|100%| O|  |TAMS 0x0000000780600000, 0x0000000780600000| Untracked 
|   7|0x0000000780700000, 0x0000000780800000, 0x0000000780800000|100%| O|  |TAMS 0x0000000780700000, 0x0000000780700000| Untracked 
|   8|0x0000000780800000, 0x0000000780900000, 0x0000000780900000|100%| O|  |TAMS 0x0000000780800000, 0x0000000780800000| Untracked 
|   9|0x0000000780900000, 0x0000000780a00000, 0x0000000780a00000|100%| O|  |TAMS 0x0000000780900000, 0x0000000780900000| Untracked 
|  10|0x0000000780a00000, 0x0000000780b00000, 0x0000000780b00000|100%| O|  |TAMS 0x0000000780a00000, 0x0000000780a00000| Untracked 
|  11|0x0000000780b00000, 0x0000000780c00000, 0x0000000780c00000|100%| O|  |TAMS 0x0000000780b00000, 0x0000000780b00000| Untracked 
|  12|0x0000000780c00000, 0x0000000780c9c600, 0x0000000780d00000| 61%| O|  |TAMS 0x0000000780c00000, 0x0000000780c00000| Untracked 
|  13|0x0000000780d00000, 0x0000000780d00000, 0x0000000780e00000|  0%| F|  |TAMS 0x0000000780d00000, 0x0000000780d00000| Untracked 
|  14|0x0000000780e00000, 0x0000000780e00000, 0x0000000780f00000|  0%| F|  |TAMS 0x0000000780e00000, 0x0000000780e00000| Untracked 
|  15|0x0000000780f00000, 0x0000000780f00000, 0x0000000781000000|  0%| F|  |TAMS 0x0000000780f00000, 0x0000000780f00000| Untracked 
|  16|0x0000000781000000, 0x0000000781000000, 0x0000000781100000|  0%| F|  |TAMS 0x0000000781000000, 0x0000000781000000| Untracked 
|  17|0x0000000781100000, 0x0000000781100000, 0x0000000781200000|  0%| F|  |TAMS 0x0000000781100000, 0x0000000781100000| Untracked 
|  18|0x0000000781200000, 0x0000000781200000, 0x0000000781300000|  0%| F|  |TAMS 0x0000000781200000, 0x0000000781200000| Untracked 
|  19|0x0000000781300000, 0x0000000781300000, 0x0000000781400000|  0%| F|  |TAMS 0x0000000781300000, 0x0000000781300000| Untracked 
|  20|0x0000000781400000, 0x0000000781400000, 0x0000000781500000|  0%| F|  |TAMS 0x0000000781400000, 0x0000000781400000| Untracked 
|  21|0x0000000781500000, 0x0000000781500000, 0x0000000781600000|  0%| F|  |TAMS 0x0000000781500000, 0x0000000781500000| Untracked 
|  22|0x0000000781600000, 0x0000000781600000, 0x0000000781700000|  0%| F|  |TAMS 0x0000000781600000, 0x0000000781600000| Untracked 
|  23|0x0000000781700000, 0x0000000781700000, 0x0000000781800000|  0%| F|  |TAMS 0x0000000781700000, 0x0000000781700000| Untracked 
|  24|0x0000000781800000, 0x0000000781800000, 0x0000000781900000|  0%| F|  |TAMS 0x0000000781800000, 0x0000000781800000| Untracked 
|  25|0x0000000781900000, 0x0000000781900000, 0x0000000781a00000|  0%| F|  |TAMS 0x0000000781900000, 0x0000000781900000| Untracked 
|  26|0x0000000781a00000, 0x0000000781a00000, 0x0000000781b00000|  0%| F|  |TAMS 0x0000000781a00000, 0x0000000781a00000| Untracked 
|  27|0x0000000781b00000, 0x0000000781b00000, 0x0000000781c00000|  0%| F|  |TAMS 0x0000000781b00000, 0x0000000781b00000| Untracked 
|  28|0x0000000781c00000, 0x0000000781c00000, 0x0000000781d00000|  0%| F|  |TAMS 0x0000000781c00000, 0x0000000781c00000| Untracked 
|  29|0x0000000781d00000, 0x0000000781d00000, 0x0000000781e00000|  0%| F|  |TAMS 0x0000000781d00000, 0x0000000781d00000| Untracked 
|  30|0x0000000781e00000, 0x0000000781e00000, 0x0000000781f00000|  0%| F|  |TAMS 0x0000000781e00000, 0x0000000781e00000| Untracked 
|  31|0x0000000781f00000, 0x0000000781f00000, 0x0000000782000000|  0%| F|  |TAMS 0x0000000781f00000, 0x0000000781f00000| Untracked 
|  32|0x0000000782000000, 0x0000000782000000, 0x0000000782100000|  0%| F|  |TAMS 0x0000000782000000, 0x0000000782000000| Untracked 
|  33|0x0000000782100000, 0x0000000782100000, 0x0000000782200000|  0%| F|  |TAMS 0x0000000782100000, 0x0000000782100000| Untracked 
|  34|0x0000000782200000, 0x0000000782200000, 0x0000000782300000|  0%| F|  |TAMS 0x0000000782200000, 0x0000000782200000| Untracked 
|  35|0x0000000782300000, 0x0000000782300000, 0x0000000782400000|  0%| F|  |TAMS 0x0000000782300000, 0x0000000782300000| Untracked 
|  36|0x0000000782400000, 0x0000000782400000, 0x0000000782500000|  0%| F|  |TAMS 0x0000000782400000, 0x0000000782400000| Untracked 
|  37|0x0000000782500000, 0x0000000782500000, 0x0000000782600000|  0%| F|  |TAMS 0x0000000782500000, 0x0000000782500000| Untracked 
|  38|0x0000000782600000, 0x0000000782600000, 0x0000000782700000|  0%| F|  |TAMS 0x0000000782600000, 0x0000000782600000| Untracked 
|  39|0x0000000782700000, 0x0000000782700000, 0x0000000782800000|  0%| F|  |TAMS 0x0000000782700000, 0x0000000782700000| Untracked 
|  40|0x0000000782800000, 0x0000000782800000, 0x0000000782900000|  0%| F|  |TAMS 0x0000000782800000, 0x0000000782800000| Untracked 
|  41|0x0000000782900000, 0x0000000782900000, 0x0000000782a00000|  0%| F|  |TAMS 0x0000000782900000, 0x0000000782900000| Untracked 
|  42|0x0000000782a00000, 0x0000000782b00000, 0x0000000782b00000|100%| S|CS|TAMS 0x0000000782a00000, 0x0000000782a00000| Complete 
|  43|0x0000000782b00000, 0x0000000782c00000, 0x0000000782c00000|100%| S|CS|TAMS 0x0000000782b00000, 0x0000000782b00000| Complete 
|  44|0x0000000782c00000, 0x0000000782d00000, 0x0000000782d00000|100%| S|CS|TAMS 0x0000000782c00000, 0x0000000782c00000| Complete 
|  45|0x0000000782d00000, 0x0000000782e00000, 0x0000000782e00000|100%| S|CS|TAMS 0x0000000782d00000, 0x0000000782d00000| Complete 
|  46|0x0000000782e00000, 0x0000000782f00000, 0x0000000782f00000|100%| S|CS|TAMS 0x0000000782e00000, 0x0000000782e00000| Complete 
|  47|0x0000000782f00000, 0x0000000783000000, 0x0000000783000000|100%| S|CS|TAMS 0x0000000782f00000, 0x0000000782f00000| Complete 
|  48|0x0000000783000000, 0x0000000783100000, 0x0000000783100000|100%| S|CS|TAMS 0x0000000783000000, 0x0000000783000000| Complete 
|  49|0x0000000783100000, 0x0000000783200000, 0x0000000783200000|100%| S|CS|TAMS 0x0000000783100000, 0x0000000783100000| Complete 
|  50|0x0000000783200000, 0x0000000783300000, 0x0000000783300000|100%| S|CS|TAMS 0x0000000783200000, 0x0000000783200000| Complete 
|  51|0x0000000783300000, 0x0000000783400000, 0x0000000783400000|100%| S|CS|TAMS 0x0000000783300000, 0x0000000783300000| Complete 
|  52|0x0000000783400000, 0x0000000783400000, 0x0000000783500000|  0%| F|  |TAMS 0x0000000783400000, 0x0000000783400000| Untracked 
|  53|0x0000000783500000, 0x0000000783500000, 0x0000000783600000|  0%| F|  |TAMS 0x0000000783500000, 0x0000000783500000| Untracked 
|  54|0x0000000783600000, 0x0000000783600000, 0x0000000783700000|  0%| F|  |TAMS 0x0000000783600000, 0x0000000783600000| Untracked 
|  55|0x0000000783700000, 0x0000000783700000, 0x0000000783800000|  0%| F|  |TAMS 0x0000000783700000, 0x0000000783700000| Untracked 
|  56|0x0000000783800000, 0x0000000783800000, 0x0000000783900000|  0%| F|  |TAMS 0x0000000783800000, 0x0000000783800000| Untracked 
|  57|0x0000000783900000, 0x0000000783900000, 0x0000000783a00000|  0%| F|  |TAMS 0x0000000783900000, 0x0000000783900000| Untracked 
|  58|0x0000000783a00000, 0x0000000783a00000, 0x0000000783b00000|  0%| F|  |TAMS 0x0000000783a00000, 0x0000000783a00000| Untracked 
|  59|0x0000000783b00000, 0x0000000783b00000, 0x0000000783c00000|  0%| F|  |TAMS 0x0000000783b00000, 0x0000000783b00000| Untracked 
|  60|0x0000000783c00000, 0x0000000783c00000, 0x0000000783d00000|  0%| F|  |TAMS 0x0000000783c00000, 0x0000000783c00000| Untracked 
|  61|0x0000000783d00000, 0x0000000783d00000, 0x0000000783e00000|  0%| F|  |TAMS 0x0000000783d00000, 0x0000000783d00000| Untracked 
|  62|0x0000000783e00000, 0x0000000783e00000, 0x0000000783f00000|  0%| F|  |TAMS 0x0000000783e00000, 0x0000000783e00000| Untracked 
|  63|0x0000000783f00000, 0x0000000783f00000, 0x0000000784000000|  0%| F|  |TAMS 0x0000000783f00000, 0x0000000783f00000| Untracked 
|  64|0x0000000784000000, 0x0000000784000000, 0x0000000784100000|  0%| F|  |TAMS 0x0000000784000000, 0x0000000784000000| Untracked 
|  65|0x0000000784100000, 0x0000000784100000, 0x0000000784200000|  0%| F|  |TAMS 0x0000000784100000, 0x0000000784100000| Untracked 
|  66|0x0000000784200000, 0x0000000784200000, 0x0000000784300000|  0%| F|  |TAMS 0x0000000784200000, 0x0000000784200000| Untracked 
|  67|0x0000000784300000, 0x0000000784300000, 0x0000000784400000|  0%| F|  |TAMS 0x0000000784300000, 0x0000000784300000| Untracked 
|  68|0x0000000784400000, 0x0000000784400000, 0x0000000784500000|  0%| F|  |TAMS 0x0000000784400000, 0x0000000784400000| Untracked 
|  69|0x0000000784500000, 0x0000000784500000, 0x0000000784600000|  0%| F|  |TAMS 0x0000000784500000, 0x0000000784500000| Untracked 
|  70|0x0000000784600000, 0x0000000784600000, 0x0000000784700000|  0%| F|  |TAMS 0x0000000784600000, 0x0000000784600000| Untracked 
|  71|0x0000000784700000, 0x0000000784700000, 0x0000000784800000|  0%| F|  |TAMS 0x0000000784700000, 0x0000000784700000| Untracked 
|  72|0x0000000784800000, 0x0000000784800000, 0x0000000784900000|  0%| F|  |TAMS 0x0000000784800000, 0x0000000784800000| Untracked 
|  73|0x0000000784900000, 0x0000000784900000, 0x0000000784a00000|  0%| F|  |TAMS 0x0000000784900000, 0x0000000784900000| Untracked 
|  74|0x0000000784a00000, 0x0000000784a00000, 0x0000000784b00000|  0%| F|  |TAMS 0x0000000784a00000, 0x0000000784a00000| Untracked 
|  75|0x0000000784b00000, 0x0000000784b00000, 0x0000000784c00000|  0%| F|  |TAMS 0x0000000784b00000, 0x0000000784b00000| Untracked 
|  76|0x0000000784c00000, 0x0000000784c00000, 0x0000000784d00000|  0%| F|  |TAMS 0x0000000784c00000, 0x0000000784c00000| Untracked 
|  77|0x0000000784d00000, 0x0000000784d00000, 0x0000000784e00000|  0%| F|  |TAMS 0x0000000784d00000, 0x0000000784d00000| Untracked 
|  78|0x0000000784e00000, 0x0000000784e00000, 0x0000000784f00000|  0%| F|  |TAMS 0x0000000784e00000, 0x0000000784e00000| Untracked 
|  79|0x0000000784f00000, 0x0000000784f00000, 0x0000000785000000|  0%| F|  |TAMS 0x0000000784f00000, 0x0000000784f00000| Untracked 
|  80|0x0000000785000000, 0x0000000785000000, 0x0000000785100000|  0%| F|  |TAMS 0x0000000785000000, 0x0000000785000000| Untracked 
|  81|0x0000000785100000, 0x0000000785100000, 0x0000000785200000|  0%| F|  |TAMS 0x0000000785100000, 0x0000000785100000| Untracked 
|  82|0x0000000785200000, 0x0000000785200000, 0x0000000785300000|  0%| F|  |TAMS 0x0000000785200000, 0x0000000785200000| Untracked 
|  83|0x0000000785300000, 0x0000000785300000, 0x0000000785400000|  0%| F|  |TAMS 0x0000000785300000, 0x0000000785300000| Untracked 
|  84|0x0000000785400000, 0x0000000785400000, 0x0000000785500000|  0%| F|  |TAMS 0x0000000785400000, 0x0000000785400000| Untracked 
|  85|0x0000000785500000, 0x0000000785500000, 0x0000000785600000|  0%| F|  |TAMS 0x0000000785500000, 0x0000000785500000| Untracked 
|  86|0x0000000785600000, 0x0000000785600000, 0x0000000785700000|  0%| F|  |TAMS 0x0000000785600000, 0x0000000785600000| Untracked 
|  87|0x0000000785700000, 0x0000000785700000, 0x0000000785800000|  0%| F|  |TAMS 0x0000000785700000, 0x0000000785700000| Untracked 
|  88|0x0000000785800000, 0x0000000785800000, 0x0000000785900000|  0%| F|  |TAMS 0x0000000785800000, 0x0000000785800000| Untracked 
|  89|0x0000000785900000, 0x0000000785900000, 0x0000000785a00000|  0%| F|  |TAMS 0x0000000785900000, 0x0000000785900000| Untracked 
|  90|0x0000000785a00000, 0x0000000785a00000, 0x0000000785b00000|  0%| F|  |TAMS 0x0000000785a00000, 0x0000000785a00000| Untracked 
|  91|0x0000000785b00000, 0x0000000785b00000, 0x0000000785c00000|  0%| F|  |TAMS 0x0000000785b00000, 0x0000000785b00000| Untracked 
|  92|0x0000000785c00000, 0x0000000785c00000, 0x0000000785d00000|  0%| F|  |TAMS 0x0000000785c00000, 0x0000000785c00000| Untracked 
|  93|0x0000000785d00000, 0x0000000785d00000, 0x0000000785e00000|  0%| F|  |TAMS 0x0000000785d00000, 0x0000000785d00000| Untracked 
|  94|0x0000000785e00000, 0x0000000785e00000, 0x0000000785f00000|  0%| F|  |TAMS 0x0000000785e00000, 0x0000000785e00000| Untracked 
|  95|0x0000000785f00000, 0x0000000785f00000, 0x0000000786000000|  0%| F|  |TAMS 0x0000000785f00000, 0x0000000785f00000| Untracked 
|  96|0x0000000786000000, 0x0000000786000000, 0x0000000786100000|  0%| F|  |TAMS 0x0000000786000000, 0x0000000786000000| Untracked 
|  97|0x0000000786100000, 0x0000000786100000, 0x0000000786200000|  0%| F|  |TAMS 0x0000000786100000, 0x0000000786100000| Untracked 
|  98|0x0000000786200000, 0x0000000786200000, 0x0000000786300000|  0%| F|  |TAMS 0x0000000786200000, 0x0000000786200000| Untracked 
|  99|0x0000000786300000, 0x0000000786300000, 0x0000000786400000|  0%| F|  |TAMS 0x0000000786300000, 0x0000000786300000| Untracked 
| 100|0x0000000786400000, 0x0000000786400000, 0x0000000786500000|  0%| F|  |TAMS 0x0000000786400000, 0x0000000786400000| Untracked 
| 101|0x0000000786500000, 0x0000000786500000, 0x0000000786600000|  0%| F|  |TAMS 0x0000000786500000, 0x0000000786500000| Untracked 
| 102|0x0000000786600000, 0x0000000786600000, 0x0000000786700000|  0%| F|  |TAMS 0x0000000786600000, 0x0000000786600000| Untracked 
| 103|0x0000000786700000, 0x0000000786700000, 0x0000000786800000|  0%| F|  |TAMS 0x0000000786700000, 0x0000000786700000| Untracked 
| 104|0x0000000786800000, 0x0000000786800000, 0x0000000786900000|  0%| F|  |TAMS 0x0000000786800000, 0x0000000786800000| Untracked 
| 105|0x0000000786900000, 0x0000000786900000, 0x0000000786a00000|  0%| F|  |TAMS 0x0000000786900000, 0x0000000786900000| Untracked 
| 106|0x0000000786a00000, 0x0000000786a00000, 0x0000000786b00000|  0%| F|  |TAMS 0x0000000786a00000, 0x0000000786a00000| Untracked 
| 107|0x0000000786b00000, 0x0000000786b00000, 0x0000000786c00000|  0%| F|  |TAMS 0x0000000786b00000, 0x0000000786b00000| Untracked 
| 108|0x0000000786c00000, 0x0000000786c00000, 0x0000000786d00000|  0%| F|  |TAMS 0x0000000786c00000, 0x0000000786c00000| Untracked 
| 109|0x0000000786d00000, 0x0000000786d00000, 0x0000000786e00000|  0%| F|  |TAMS 0x0000000786d00000, 0x0000000786d00000| Untracked 
| 110|0x0000000786e00000, 0x0000000786e00000, 0x0000000786f00000|  0%| F|  |TAMS 0x0000000786e00000, 0x0000000786e00000| Untracked 
| 111|0x0000000786f00000, 0x0000000786f00000, 0x0000000787000000|  0%| F|  |TAMS 0x0000000786f00000, 0x0000000786f00000| Untracked 
| 112|0x0000000787000000, 0x0000000787000000, 0x0000000787100000|  0%| F|  |TAMS 0x0000000787000000, 0x0000000787000000| Untracked 
| 113|0x0000000787100000, 0x0000000787100000, 0x0000000787200000|  0%| F|  |TAMS 0x0000000787100000, 0x0000000787100000| Untracked 
| 114|0x0000000787200000, 0x0000000787200000, 0x0000000787300000|  0%| F|  |TAMS 0x0000000787200000, 0x0000000787200000| Untracked 
| 115|0x0000000787300000, 0x0000000787300000, 0x0000000787400000|  0%| F|  |TAMS 0x0000000787300000, 0x0000000787300000| Untracked 
| 116|0x0000000787400000, 0x0000000787400000, 0x0000000787500000|  0%| F|  |TAMS 0x0000000787400000, 0x0000000787400000| Untracked 
| 117|0x0000000787500000, 0x0000000787500000, 0x0000000787600000|  0%| F|  |TAMS 0x0000000787500000, 0x0000000787500000| Untracked 
| 118|0x0000000787600000, 0x0000000787600000, 0x0000000787700000|  0%| F|  |TAMS 0x0000000787600000, 0x0000000787600000| Untracked 
| 119|0x0000000787700000, 0x0000000787700000, 0x0000000787800000|  0%| F|  |TAMS 0x0000000787700000, 0x0000000787700000| Untracked 
| 120|0x0000000787800000, 0x0000000787800000, 0x0000000787900000|  0%| F|  |TAMS 0x0000000787800000, 0x0000000787800000| Untracked 
| 121|0x0000000787900000, 0x0000000787900000, 0x0000000787a00000|  0%| F|  |TAMS 0x0000000787900000, 0x0000000787900000| Untracked 
| 122|0x0000000787a00000, 0x0000000787a00000, 0x0000000787b00000|  0%| F|  |TAMS 0x0000000787a00000, 0x0000000787a00000| Untracked 
| 123|0x0000000787b00000, 0x0000000787b00000, 0x0000000787c00000|  0%| F|  |TAMS 0x0000000787b00000, 0x0000000787b00000| Untracked 
| 124|0x0000000787c00000, 0x0000000787c00000, 0x0000000787d00000|  0%| F|  |TAMS 0x0000000787c00000, 0x0000000787c00000| Untracked 
| 125|0x0000000787d00000, 0x0000000787d80800, 0x0000000787e00000| 50%| E|  |TAMS 0x0000000787d00000, 0x0000000787d00000| Complete 
| 126|0x0000000787e00000, 0x0000000787f00000, 0x0000000787f00000|100%| E|CS|TAMS 0x0000000787e00000, 0x0000000787e00000| Complete 
| 127|0x0000000787f00000, 0x0000000788000000, 0x0000000788000000|100%| E|CS|TAMS 0x0000000787f00000, 0x0000000787f00000| Complete 
|1022|0x00000007bfe00000, 0x00000007bfe51000, 0x00000007bff00000| 31%|OA|  |TAMS 0x00000007bfe00000, 0x00000007bfe00000| Untracked 
|1023|0x00000007bff00000, 0x00000007bff79000, 0x00000007c0000000| 47%|CA|  |TAMS 0x00000007bff00000, 0x00000007bff00000| Untracked 

Card table byte_map: [0x0000000128479000,0x0000000128879000] _byte_map_base: 0x0000000124879000

Marking Bits (Prev, Next): (CMBitMap*) 0x00007fdbe080f010, (CMBitMap*) 0x00007fdbe080f050
 Prev Bits: [0x0000000128c79000, 0x000000012ac79000)
 Next Bits: [0x000000012ac79000, 0x000000012cc79000)

Polling page: 0x00000001022a8000

Metaspace:

Usage:
  Non-class:      9.51 MB capacity,     9.37 MB ( 98%) used,   130.93 KB (  1%) free+waste,    16.94 KB ( <1%) overhead. 
      Class:      1.44 MB capacity,     1.35 MB ( 94%) used,    81.18 KB (  6%) free+waste,     7.56 KB ( <1%) overhead. 
       Both:     10.95 MB capacity,    10.72 MB ( 98%) used,   212.11 KB (  2%) free+waste,    24.50 KB ( <1%) overhead. 

Virtual space:
  Non-class space:       10.00 MB reserved,       9.75 MB ( 98%) committed 
      Class space:        1.00 GB reserved,       1.50 MB ( <1%) committed 
             Both:        1.01 GB reserved,      11.25 MB (  1%) committed 

Chunk freelists:
   Non-Class:  37.00 KB
       Class:  18.00 KB
        Both:  55.00 KB

MaxMetaspaceSize: 17179869184.00 GB
CompressedClassSpaceSize: 1.00 GB

CodeHeap 'non-profiled nmethods': size=120028Kb used=408Kb max_used=408Kb free=119620Kb
 bounds [0x0000000120a57000, 0x0000000120cc7000, 0x0000000127f8e000]
CodeHeap 'profiled nmethods': size=120028Kb used=1812Kb max_used=1812Kb free=118215Kb
 bounds [0x0000000119520000, 0x0000000119790000, 0x0000000120a57000]
CodeHeap 'non-nmethods': size=5704Kb used=1320Kb max_used=1337Kb free=4383Kb
 bounds [0x0000000118f8e000, 0x00000001191fe000, 0x0000000119520000]
 total_blobs=1692 nmethods=1062 adapters=545
 compilation: enabled
              stopped_count=0, restarted_count=0
 full_count=0

Compilation events (20 events):
Event: 1.777 Thread 0x00007fdbe10bb400 nmethod 1074 0x00000001196e0d10 code [0x00000001196e0ee0, 0x00000001196e1380]
Event: 1.779 Thread 0x00007fdbe10bb400 1075       2       java.nio.Buffer::remaining (20 bytes)
Event: 1.779 Thread 0x00007fdbe10bb400 nmethod 1075 0x00000001196e1510 code [0x00000001196e16a0, 0x00000001196e17b0]
Event: 1.780 Thread 0x00007fdbe0822400 nmethod 1069% 0x0000000120ab9610 code [0x0000000120ab97a0, 0x0000000120aba1b8]
Event: 1.780 Thread 0x00007fdbe0822400  938       4       Parser::asDouble (5 bytes)
Event: 1.781 Thread 0x00007fdbe0822400 nmethod 938 0x0000000120aba490 code [0x0000000120aba620, 0x0000000120aba6d8]
Event: 1.781 Thread 0x00007fdbe0822400  944       4       java.util.HashMap::put (13 bytes)
Event: 1.795 Thread 0x00007fdbe0822400 nmethod 944 0x0000000120aba810 code [0x0000000120aba9a0, 0x0000000120abaac8]
Event: 1.795 Thread 0x00007fdbe0822400  974       4       java.lang.Integer::valueOf (32 bytes)
Event: 1.797 Thread 0x00007fdbe0822400 nmethod 974 0x0000000120abab90 code [0x0000000120abad00, 0x0000000120abadd8]
Event: 1.797 Thread 0x00007fdbe0822400  987       4       java.lang.Integer::hashCode (8 bytes)
Event: 1.799 Thread 0x00007fdbe0822400 nmethod 987 0x0000000120abae90 code [0x0000000120abb000, 0x0000000120abb058]
Event: 1.799 Thread 0x00007fdbe0822400  989       4       java.lang.String::split (7 bytes)
Event: 1.800 Thread 0x00007fdbe0822400 nmethod 989 0x0000000120abb190 code [0x0000000120abb300, 0x0000000120abb388]
Event: 1.800 Thread 0x00007fdbe0822400 1012       4       java.io.BufferedReader::readLine (6 bytes)
Event: 1.801 Thread 0x00007fdbe0822400 nmethod 1012 0x0000000120abb490 code [0x0000000120abb600, 0x0000000120abb688]
Event: 1.801 Thread 0x00007fdbe0822400 1013   !   4       java.util.regex.Pattern::<init> (144 bytes)
Event: 1.802 Thread 0x00007fdbe10bb400 1076 %     3       jdk.internal.math.FloatingDecimal$ASCIIToBinaryBuffer::doubleValue @ 30 (1194 bytes)
Event: 1.802 Thread 0x00007fdbe0822400 nmethod 1013 0x0000000120abb790 code [0x0000000120abb920, 0x0000000120abbb98]
Event: 1.802 Thread 0x00007fdbe0822400 1024   !   4       java.util.regex.Pattern::closure (276 bytes)

GC Heap History (6 events):
Event: 1.570 GC heap before
{Heap before GC invocations=0 (full 0):
 garbage-first heap   total 133120K, used 24360K [0x0000000780000000, 0x0000000800000000)
  region size 1024K, 23 young (23552K), 0 survivors (0K)
 Metaspace       used 10762K, capacity 10985K, committed 11264K, reserved 1058816K
  class space    used 1364K, capacity 1438K, committed 1536K, reserved 1048576K
}
Event: 1.580 GC heap after
{Heap after GC invocations=1 (full 0):
 garbage-first heap   total 133120K, used 5988K [0x0000000780000000, 0x0000000800000000)
  region size 1024K, 3 young (3072K), 3 survivors (3072K)
 Metaspace       used 10762K, capacity 10985K, committed 11264K, reserved 1058816K
  class space    used 1364K, capacity 1438K, committed 1536K, reserved 1048576K
}
Event: 1.635 GC heap before
{Heap before GC invocations=1 (full 0):
 garbage-first heap   total 133120K, used 35684K [0x0000000780000000, 0x0000000800000000)
  region size 1024K, 32 young (32768K), 3 survivors (3072K)
 Metaspace       used 10938K, capacity 11145K, committed 11264K, reserved 1058816K
  class space    used 1380K, capacity 1470K, committed 1536K, reserved 1048576K
}
Event: 1.640 GC heap after
{Heap after GC invocations=2 (full 0):
 garbage-first heap   total 133120K, used 11667K [0x0000000780000000, 0x0000000800000000)
  region size 1024K, 4 young (4096K), 4 survivors (4096K)
 Metaspace       used 10938K, capacity 11145K, committed 11264K, reserved 1058816K
  class space    used 1380K, capacity 1470K, committed 1536K, reserved 1048576K
}
Event: 1.783 GC heap before
{Heap before GC invocations=2 (full 0):
 garbage-first heap   total 133120K, used 85395K [0x0000000780000000, 0x0000000800000000)
  region size 1024K, 76 young (77824K), 4 survivors (4096K)
 Metaspace       used 10959K, capacity 11209K, committed 11520K, reserved 1058816K
  class space    used 1380K, capacity 1470K, committed 1536K, reserved 1048576K
}
Event: 1.795 GC heap after
{Heap after GC invocations=3 (full 0):
 garbage-first heap   total 133120K, used 23961K [0x0000000780000000, 0x0000000800000000)
  region size 1024K, 10 young (10240K), 10 survivors (10240K)
 Metaspace       used 10959K, capacity 11209K, committed 11520K, reserved 1058816K
  class space    used 1380K, capacity 1470K, committed 1536K, reserved 1048576K
}

Deoptimization events (20 events):
Event: 1.748 Thread 0x00007fdbe100da00 DEOPT PACKING pc=0x00000001196d86b3 sp=0x0000000308a52770
Event: 1.748 Thread 0x00007fdbe100da00 DEOPT UNPACKING pc=0x0000000118fdbc1c sp=0x0000000308a51c70 mode 0
Event: 1.749 Thread 0x00007fdbe100da00 DEOPT PACKING pc=0x00000001196d86b3 sp=0x0000000308a52770
Event: 1.749 Thread 0x00007fdbe100da00 DEOPT UNPACKING pc=0x0000000118fdbc1c sp=0x0000000308a51c70 mode 0
Event: 1.750 Thread 0x00007fdbe100da00 DEOPT PACKING pc=0x00000001196d86b3 sp=0x0000000308a52770
Event: 1.750 Thread 0x00007fdbe100da00 DEOPT UNPACKING pc=0x0000000118fdbc1c sp=0x0000000308a51c70 mode 0
Event: 1.751 Thread 0x00007fdbe100da00 DEOPT PACKING pc=0x00000001196d86b3 sp=0x0000000308a52770
Event: 1.751 Thread 0x00007fdbe100da00 DEOPT UNPACKING pc=0x0000000118fdbc1c sp=0x0000000308a51c70 mode 0
Event: 1.751 Thread 0x00007fdbe100da00 DEOPT PACKING pc=0x00000001196d86b3 sp=0x0000000308a52770
Event: 1.751 Thread 0x00007fdbe100da00 DEOPT UNPACKING pc=0x0000000118fdbc1c sp=0x0000000308a51c70 mode 0
Event: 1.752 Thread 0x00007fdbe100da00 DEOPT PACKING pc=0x00000001196d86b3 sp=0x0000000308a52770
Event: 1.752 Thread 0x00007fdbe100da00 DEOPT UNPACKING pc=0x0000000118fdbc1c sp=0x0000000308a51c70 mode 0
Event: 1.752 Thread 0x00007fdbe100da00 DEOPT PACKING pc=0x00000001196d86b3 sp=0x0000000308a52770
Event: 1.752 Thread 0x00007fdbe100da00 DEOPT UNPACKING pc=0x0000000118fdbc1c sp=0x0000000308a51c70 mode 0
Event: 1.753 Thread 0x00007fdbe100da00 DEOPT PACKING pc=0x00000001196d86b3 sp=0x0000000308a52770
Event: 1.753 Thread 0x00007fdbe100da00 DEOPT UNPACKING pc=0x0000000118fdbc1c sp=0x0000000308a51c70 mode 0
Event: 1.801 Thread 0x00007fdbe100da00 Uncommon trap: trap_request=0xffffff45 fr.pc=0x0000000120aa7a04 relative=0x00000000000002c4
Event: 1.801 Thread 0x00007fdbe100da00 Uncommon trap: reason=unstable_if action=reinterpret pc=0x0000000120aa7a04 method=jdk.internal.math.FloatingDecimal$ASCIIToBinaryBuffer.doubleValue()D @ 68 c2
Event: 1.801 Thread 0x00007fdbe100da00 DEOPT PACKING pc=0x0000000120aa7a04 sp=0x0000000308a52850
Event: 1.801 Thread 0x00007fdbe100da00 DEOPT UNPACKING pc=0x0000000118fdbe1f sp=0x0000000308a52720 mode 2

Classes unloaded (0 events):
No events

Classes redefined (0 events):
No events

Internal exceptions (20 events):
Event: 0.203 Thread 0x00007fdbe100da00 Exception <a 'java/lang/ClassNotFoundException'{0x0000000787ea8090}: sun/awt/resources/spi/awtosxProvider> (0x0000000787ea8090) 
thrown [./open/src/hotspot/share/classfile/systemDictionary.cpp, line 295]
Event: 0.386 Thread 0x00007fdbe100da00 Exception <a 'java/lang/NoSuchMethodError'{0x0000000787eb6ce0}: 'void java.lang.invoke.DirectMethodHandle$Holder.invokeStatic(java.lang.Object, java.lang.Object)'> (0x0000000787eb6ce0) 
thrown [./open/src/hotspot/share/interpreter/linkResolver.cpp, line 782]
Event: 0.408 Thread 0x00007fdbe100da00 Exception <a 'java/lang/NoSuchMethodError'{0x0000000787d7c568}: 'void java.lang.invoke.DirectMethodHandle$Holder.invokeStaticInit(java.lang.Object)'> (0x0000000787d7c568) 
thrown [./open/src/hotspot/share/interpreter/linkResolver.cpp, line 782]
Event: 0.422 Thread 0x00007fdbe100da00 Exception <a 'java/lang/NoSuchMethodError'{0x0000000787d9f948}: 'java.lang.Object java.lang.invoke.DirectMethodHandle$Holder.newInvokeSpecial(java.lang.Object, java.lang.Object, java.lang.Object, java.lang.Object, java.lang.Object)'> (0x0000000787d9f948) 
thrown [./open/src/hotspot/share/interpreter/linkResolver.cpp, line 782]
Event: 0.427 Thread 0x00007fdbe100da00 Exception <a 'java/lang/NoSuchMethodError'{0x0000000787dab3d8}: 'java.lang.Object java.lang.invoke.DirectMethodHandle$Holder.invokeStatic(java.lang.Object, int, java.lang.Object, java.lang.Object, java.lang.Object, java.lang.Object)'> (0x0000000787dab3d8) 
thrown [./open/src/hotspot/share/interpreter/linkResolver.cpp, line 782]
Event: 0.432 Thread 0x00007fdbe100da00 Exception <a 'java/lang/NoSuchMethodError'{0x0000000787dd1650}: 'java.lang.Object java.lang.invoke.DirectMethodHandle$Holder.invokeStatic(java.lang.Object, int, java.lang.Object)'> (0x0000000787dd1650) 
thrown [./open/src/hotspot/share/interpreter/linkResolver.cpp, line 782]
Event: 0.438 Thread 0x00007fdbe100da00 Exception <a 'java/lang/ClassNotFoundException'{0x0000000787c03048}: com/apple/laf/resources/spi/aquaProvider> (0x0000000787c03048) 
thrown [./open/src/hotspot/share/classfile/systemDictionary.cpp, line 295]
Event: 0.466 Thread 0x00007fdbe100da00 Exception <a 'java/lang/ClassNotFoundException'{0x0000000787c72870}: com/sun/swing/internal/plaf/basic/resources/spi/basicProvider> (0x0000000787c72870) 
thrown [./open/src/hotspot/share/classfile/systemDictionary.cpp, line 295]
Event: 0.483 Thread 0x00007fdbe100da00 Exception <a 'java/lang/NoSuchMethodError'{0x0000000787c8c218}: 'void java.lang.invoke.DirectMethodHandle$Holder.invokeStatic(java.lang.Object, java.lang.Object, java.lang.Object)'> (0x0000000787c8c218) 
thrown [./open/src/hotspot/share/interpreter/linkResolver.cpp, line 782]
Event: 1.245 Thread 0x00007fdbe100da00 Exception <a 'java/lang/NullPointerException'{0x0000000787a3d420}> (0x0000000787a3d420) 
thrown [./open/src/hotspot/share/prims/jni.cpp, line 599]
Event: 1.263 Thread 0x00007fdbe100da00 Exception <a 'java/lang/NoSuchMethodError'{0x0000000787a50a88}: 'void java.lang.invoke.DirectMethodHandle$Holder.invokeStatic(java.lang.Object, java.lang.Object, long)'> (0x0000000787a50a88) 
thrown [./open/src/hotspot/share/interpreter/linkResolver.cpp, line 782]
Event: 1.267 Thread 0x00007fdbe100da00 Exception <a 'java/lang/NoSuchMethodError'{0x0000000787a66730}: 'java.lang.Object java.lang.invoke.DirectMethodHandle$Holder.newInvokeSpecial(java.lang.Object, java.lang.Object, int, int)'> (0x0000000787a66730) 
thrown [./open/src/hotspot/share/interpreter/linkResolver.cpp, line 782]
Event: 1.329 Thread 0x00007fdbe100da00 Exception <a 'java/lang/NoSuchMethodError'{0x000000078793f2a8}: 'java.lang.Object java.lang.invoke.DirectMethodHandle$Holder.newInvokeSpecial(java.lang.Object, java.lang.Object, java.lang.Object, int, java.lang.Object)'> (0x000000078793f2a8) 
thrown [./open/src/hotspot/share/interpreter/linkResolver.cpp, line 782]
Event: 1.351 Thread 0x00007fdbe100da00 Exception <a 'java/lang/NoSuchMethodError'{0x000000078794adc8}: 'void java.lang.invoke.DirectMethodHandle$Holder.invokeStatic(java.lang.Object, int, long)'> (0x000000078794adc8) 
thrown [./open/src/hotspot/share/interpreter/linkResolver.cpp, line 782]
Event: 1.356 Thread 0x00007fdbe20ba800 Exception <a 'java/lang/NoSuchMethodError'{0x0000000787b81570}: 'void java.lang.invoke.DirectMethodHandle$Holder.invokeStatic(java.lang.Object, long)'> (0x0000000787b81570) 
thrown [./open/src/hotspot/share/interpreter/linkResolver.cpp, line 782]
Event: 1.363 Thread 0x00007fdbe100da00 Exception <a 'java/lang/NoSuchMethodError'{0x0000000787968be8}: 'java.lang.Object java.lang.invoke.Invokers$Holder.linkToTargetMethod(int, int, int, int, java.lang.Object)'> (0x0000000787968be8) 
thrown [./open/src/hotspot/share/interpreter/linkResolver.cpp, line 782]
Event: 1.416 Thread 0x00007fdbe100da00 Exception <a 'java/lang/NoSuchMethodError'{0x000000078798ab50}: 'void java.lang.invoke.DirectMethodHandle$Holder.invokeSpecial(java.lang.Object, java.lang.Object, long)'> (0x000000078798ab50) 
thrown [./open/src/hotspot/share/interpreter/linkResolver.cpp, line 782]
Event: 1.417 Thread 0x00007fdbe100da00 Exception <a 'java/lang/NoSuchMethodError'{0x0000000787990a68}: 'void java.lang.invoke.DirectMethodHandle$Holder.invokeStatic(java.lang.Object, long, long)'> (0x0000000787990a68) 
thrown [./open/src/hotspot/share/interpreter/linkResolver.cpp, line 782]
Event: 1.418 Thread 0x00007fdbe100da00 Exception <a 'java/lang/NoSuchMethodError'{0x0000000787996320}: 'java.lang.Object java.lang.invoke.DirectMethodHandle$Holder.newInvokeSpecial(java.lang.Object, long)'> (0x0000000787996320) 
thrown [./open/src/hotspot/share/interpreter/linkResolver.cpp, line 782]
Event: 1.422 Thread 0x00007fdbe100da00 Exception <a 'java/lang/NoSuchMethodError'{0x00000007879a07f8}: 'java.lang.Object java.lang.invoke.DirectMethodHandle$Holder.newInvokeSpecial(java.lang.Object, java.lang.Object, int)'> (0x00000007879a07f8) 
thrown [./open/src/hotspot/share/interpreter/linkResolver.cpp, line 782]

Events (20 events):
Event: 1.612 loading class sun/awt/im/InputMethodAdapter done
Event: 1.612 loading class sun/lwawt/macosx/CInputMethod done
Event: 1.617 loading class java/awt/KeyboardFocusManager$3
Event: 1.617 loading class java/awt/KeyboardFocusManager$3 done
Event: 1.620 loading class sun/awt/im/InputMethodWindow
Event: 1.620 loading class sun/awt/im/InputMethodWindow done
Event: 1.620 loading class sun/awt/im/CompositionAreaHandler
Event: 1.620 loading class sun/awt/im/CompositionAreaHandler done
Event: 1.620 loading class java/text/AttributedString
Event: 1.621 loading class java/text/AttributedString done
Event: 1.621 loading class java/text/AttributedString$AttributedStringIterator
Event: 1.621 loading class java/text/AttributedCharacterIterator
Event: 1.621 loading class java/text/AttributedCharacterIterator done
Event: 1.621 loading class java/text/AttributedString$AttributedStringIterator done
Event: 1.634 Executing VM operation: G1CollectForAllocation
Event: 1.640 Executing VM operation: G1CollectForAllocation done
Event: 1.783 Executing VM operation: G1CollectForAllocation
Event: 1.795 Executing VM operation: G1CollectForAllocation done
Event: 1.795 Executing VM operation: HandshakeAllThreads
Event: 1.795 Executing VM operation: HandshakeAllThreads done


Dynamic libraries:
0x00007ffdffd3d000 	/Library/Apple/usr/libexec/oah/runtime
0x00007fff2a5da000 	/usr/lib/libz.1.dylib
0x000000010a54c000 	/Users/leon/Library/Java/JavaVirtualMachines/openjdk-15.0.2/Contents/Home/lib/libjli.dylib
0x00007fff3528c000 	/System/Library/Frameworks/Cocoa.framework/Versions/A/Cocoa
0x00007fff22134000 	/System/Library/Frameworks/Security.framework/Versions/A/Security
0x00007fff33489000 	/System/Library/Frameworks/ApplicationServices.framework/Versions/A/ApplicationServices
0x00007fff2a6a6000 	/usr/lib/libSystem.B.dylib
0x00007fff2a6a0000 	/usr/lib/system/libcache.dylib
0x00007fff2a65c000 	/usr/lib/system/libcommonCrypto.dylib
0x00007fff2a686000 	/usr/lib/system/libcompiler_rt.dylib
0x00007fff2a67b000 	/usr/lib/system/libcopyfile.dylib
0x00007fff200d2000 	/usr/lib/system/libcorecrypto.dylib
0x00007fff2019f000 	/usr/lib/system/libdispatch.dylib
0x00007fff20354000 	/usr/lib/system/libdyld.dylib
0x00007fff2a697000 	/usr/lib/system/libkeymgr.dylib
0x00007fff2dc3b000 	/usr/lib/system/liblaunch.dylib
0x00007fff2a63a000 	/usr/lib/system/libmacho.dylib
0x00007fff29e4f000 	/usr/lib/system/libquarantine.dylib
0x00007fff2a694000 	/usr/lib/system/libremovefile.dylib
0x00007fff24acb000 	/usr/lib/system/libsystem_asl.dylib
0x00007fff20082000 	/usr/lib/system/libsystem_blocks.dylib
0x00007fff20221000 	/usr/lib/system/libsystem_c.dylib
0x00007fff2a68e000 	/usr/lib/system/libsystem_collections.dylib
0x00007fff2923c000 	/usr/lib/system/libsystem_configuration.dylib
0x00007fff2852b000 	/usr/lib/system/libsystem_containermanager.dylib
0x00007fff2a3d2000 	/usr/lib/system/libsystem_coreservices.dylib
0x00007fff226e8000 	/usr/lib/system/libsystem_darwin.dylib
0x00007fff2a698000 	/usr/lib/system/libsystem_dnssd.dylib
0x00007fff2021e000 	/usr/lib/system/libsystem_featureflags.dylib
0x00007fff20399000 	/usr/lib/system/libsystem_info.dylib
0x00007fff2a5ed000 	/usr/lib/system/libsystem_m.dylib
0x00007fff20172000 	/usr/lib/system/libsystem_malloc.dylib
0x00007fff24a5f000 	/usr/lib/system/libsystem_networkextension.dylib
0x00007fff22b03000 	/usr/lib/system/libsystem_notify.dylib
0x00007fff300ef000 	/usr/lib/system/libsystem_product_info_filter.dylib
0x00007fff29240000 	/usr/lib/system/libsystem_sandbox.dylib
0x00007fff2a691000 	/usr/lib/system/libsystem_secinit.dylib
0x00007fff20319000 	/usr/lib/system/libsystem_kernel.dylib
0x00007fff2038f000 	/usr/lib/system/libsystem_platform.dylib
0x00007fff20348000 	/usr/lib/system/libsystem_pthread.dylib
0x00007fff261f9000 	/usr/lib/system/libsystem_symptoms.dylib
0x00007fff200ba000 	/usr/lib/system/libsystem_trace.dylib
0x00007fff2a668000 	/usr/lib/system/libunwind.dylib
0x00007fff20084000 	/usr/lib/system/libxpc.dylib
0x00007fff20300000 	/usr/lib/libc++abi.dylib
0x00007fff201e4000 	/usr/lib/libobjc.A.dylib
0x00007fff2a673000 	/usr/lib/liboah.dylib
0x00007fff202aa000 	/usr/lib/libc++.1.dylib
0x00007fff203c5000 	/System/Library/Frameworks/CoreFoundation.framework/Versions/A/CoreFoundation
0x00007fff210a7000 	/System/Library/Frameworks/Foundation.framework/Versions/C/Foundation
0x00007fff22b5b000 	/System/Library/Frameworks/AppKit.framework/Versions/C/AppKit
0x00007fff25a19000 	/System/Library/Frameworks/CoreData.framework/Versions/A/CoreData
0x00007fff238be000 	/System/Library/PrivateFrameworks/UIFoundation.framework/Versions/A/UIFoundation
0x00007fff2fe68000 	/System/Library/PrivateFrameworks/RemoteViewServices.framework/Versions/A/RemoteViewServices
0x00007fff28bf5000 	/System/Library/PrivateFrameworks/XCTTargetBootstrap.framework/Versions/A/XCTTargetBootstrap
0x00007fff2b944000 	/usr/lib/libspindump.dylib
0x00007fff23b13000 	/System/Library/Frameworks/UniformTypeIdentifiers.framework/Versions/A/UniformTypeIdentifiers
0x00007fff273cb000 	/usr/lib/libapp_launch_measurement.dylib
0x00007fff273ce000 	/System/Library/PrivateFrameworks/CoreAutoLayout.framework/Versions/A/CoreAutoLayout
0x00007fff28557000 	/System/Library/Frameworks/Metal.framework/Versions/A/Metal
0x00007fff2924b000 	/usr/lib/liblangid.dylib
0x00007fff28bf9000 	/System/Library/PrivateFrameworks/CoreSVG.framework/Versions/A/CoreSVG
0x00007fff24afa000 	/System/Library/PrivateFrameworks/SkyLight.framework/Versions/A/SkyLight
0x00007fff24e61000 	/System/Library/Frameworks/CoreGraphics.framework/Versions/A/CoreGraphics
0x00007fff304bf000 	/System/Library/Frameworks/Accelerate.framework/Versions/A/Accelerate
0x00007fff2b37f000 	/System/Library/PrivateFrameworks/IconServices.framework/Versions/A/IconServices
0x00007fff2853c000 	/System/Library/Frameworks/IOSurface.framework/Versions/A/IOSurface
0x00007fff263ab000 	/usr/lib/libDiagnosticMessagesClient.dylib
0x00007fff28be1000 	/System/Library/PrivateFrameworks/DFRFoundation.framework/Versions/A/DFRFoundation
0x00007fff22486000 	/usr/lib/libicucore.A.dylib
0x00007fff2ce89000 	/System/Library/Frameworks/AudioToolbox.framework/Versions/A/AudioToolbox
0x00007fff2c12e000 	/System/Library/PrivateFrameworks/DataDetectorsCore.framework/Versions/A/DataDetectorsCore
0x00007fff288e1000 	/System/Library/Frameworks/Carbon.framework/Versions/A/Frameworks/HIToolbox.framework/Versions/A/HIToolbox
0x00007fff26e26000 	/System/Library/Frameworks/QuartzCore.framework/Versions/A/QuartzCore
0x00007fff2fea4000 	/System/Library/Frameworks/Carbon.framework/Versions/A/Frameworks/SpeechRecognition.framework/Versions/A/SpeechRecognition
0x00007fff27133000 	/System/Library/PrivateFrameworks/CoreUI.framework/Versions/A/CoreUI
0x00007fff21a8f000 	/System/Library/Frameworks/CoreAudio.framework/Versions/A/CoreAudio
0x00007fff26496000 	/System/Library/Frameworks/DiskArbitration.framework/Versions/A/DiskArbitration
0x00007fff2bd3e000 	/System/Library/PrivateFrameworks/MultitouchSupport.framework/Versions/A/MultitouchSupport
0x00007fff2c125000 	/System/Library/PrivateFrameworks/InternationalSupport.framework/Versions/A/InternationalSupport
0x00007fff24a6e000 	/usr/lib/libenergytrace.dylib
0x00007fff22a54000 	/System/Library/Frameworks/IOKit.framework/Versions/A/IOKit
0x00007fff301f1000 	/System/Library/Frameworks/CoreServices.framework/Versions/A/CoreServices
0x00007fff27361000 	/System/Library/PrivateFrameworks/PerformanceAnalysis.framework/Versions/A/PerformanceAnalysis
0x00007fff6cb67000 	/System/Library/Frameworks/OpenGL.framework/Versions/A/OpenGL
0x00007fff2c1aa000 	/System/Library/PrivateFrameworks/UserActivity.framework/Versions/A/UserActivity
0x00007fff2551b000 	/System/Library/Frameworks/ColorSync.framework/Versions/A/ColorSync
0x00007fff28e62000 	/System/Library/Frameworks/CoreImage.framework/Versions/A/CoreImage
0x00007fff218a6000 	/System/Library/Frameworks/CoreText.framework/Versions/A/CoreText
0x00007fff28c23000 	/System/Library/Frameworks/ImageIO.framework/Versions/A/ImageIO
0x00007fff2a6ac000 	/System/Library/PrivateFrameworks/SoftLinking.framework/Versions/A/SoftLinking
0x00007fff27417000 	/usr/lib/libxml2.2.dylib
0x00007fff2a91e000 	/usr/lib/libcompression.dylib
0x00007fff24a6f000 	/usr/lib/libMobileGestalt.dylib
0x00007fff2c058000 	/System/Library/PrivateFrameworks/TextureIO.framework/Versions/A/TextureIO
0x00007fff2b00c000 	/usr/lib/libate.dylib
0x00007fff2ad37000 	/usr/lib/liblzma.5.dylib
0x00007fff20dbb000 	/System/Library/Frameworks/SystemConfiguration.framework/Versions/A/SystemConfiguration
0x00007fff2a6a8000 	/usr/lib/libfakelink.dylib
0x00007fff245c1000 	/System/Library/Frameworks/CFNetwork.framework/Versions/A/CFNetwork
0x00007fff2a7e8000 	/usr/lib/libarchive.2.dylib
0x00007fff20e39000 	/usr/lib/libCRFSuite.dylib
0x00007fff29e76000 	/usr/lib/libbsm.0.dylib
0x00007fff23f7d000 	/usr/lib/libnetwork.dylib
0x00007fff2a6ad000 	/usr/lib/libpcap.A.dylib
0x00007fff261f2000 	/usr/lib/libdns_services.dylib
0x00007fff2ad50000 	/usr/lib/libcoretls_cfhelpers.dylib
0x00007fff2a8ec000 	/usr/lib/libapple_nghttp2.dylib
0x00007fff2a640000 	/usr/lib/system/libkxld.dylib
0x00007fff25e60000 	/usr/lib/libsqlite3.dylib
0x00007fff2a3b4000 	/System/Library/PrivateFrameworks/AppleFSCompression.framework/Versions/A/AppleFSCompression
0x00007fff29e5e000 	/usr/lib/libcoretls.dylib
0x00007fff2a919000 	/usr/lib/libpam.2.dylib
0x00007fff2ae4d000 	/usr/lib/libxar.1.dylib
0x00007fff29247000 	/System/Library/PrivateFrameworks/AppleSystemInfo.framework/Versions/A/AppleSystemInfo
0x00007fff29aa1000 	/System/Library/PrivateFrameworks/IOMobileFramebuffer.framework/Versions/A/IOMobileFramebuffer
0x00007fff2a3c4000 	/usr/lib/libbz2.1.0.dylib
0x00007fff2a6e5000 	/usr/lib/libiconv.2.dylib
0x00007fff2a639000 	/usr/lib/libcharset.1.dylib
0x00007fff2739d000 	/System/Library/Frameworks/CoreServices.framework/Versions/A/Frameworks/FSEvents.framework/Versions/A/FSEvents
0x00007fff226f2000 	/System/Library/Frameworks/CoreServices.framework/Versions/A/Frameworks/CarbonCore.framework/Versions/A/CarbonCore
0x00007fff263fb000 	/System/Library/Frameworks/CoreServices.framework/Versions/A/Frameworks/Metadata.framework/Versions/A/Metadata
0x00007fff2a3d7000 	/System/Library/Frameworks/CoreServices.framework/Versions/A/Frameworks/OSServices.framework/Versions/A/OSServices
0x00007fff2a85a000 	/System/Library/Frameworks/CoreServices.framework/Versions/A/Frameworks/SearchKit.framework/Versions/A/SearchKit
0x00007fff2617c000 	/System/Library/Frameworks/CoreServices.framework/Versions/A/Frameworks/AE.framework/Versions/A/AE
0x00007fff20861000 	/System/Library/Frameworks/CoreServices.framework/Versions/A/Frameworks/LaunchServices.framework/Versions/A/LaunchServices
0x00007fff2ace8000 	/System/Library/Frameworks/CoreServices.framework/Versions/A/Frameworks/DictionaryServices.framework/Versions/A/DictionaryServices
0x00007fff273a6000 	/System/Library/Frameworks/CoreServices.framework/Versions/A/Frameworks/SharedFileList.framework/Versions/A/SharedFileList
0x00007fff29e52000 	/usr/lib/libCheckFix.dylib
0x00007fff24ae2000 	/System/Library/PrivateFrameworks/TCC.framework/Versions/A/TCC
0x00007fff2924d000 	/System/Library/PrivateFrameworks/CoreNLP.framework/Versions/A/CoreNLP
0x00007fff263ae000 	/System/Library/PrivateFrameworks/MetadataUtilities.framework/Versions/A/MetadataUtilities
0x00007fff20e6f000 	/usr/lib/libmecabra.dylib
0x00007fff2a166000 	/System/Library/Frameworks/MLCompute.framework/Versions/A/MLCompute
0x00007fff29e87000 	/usr/lib/libmecab.dylib
0x00007fff29ed1000 	/usr/lib/libgermantok.dylib
0x00007fff2a8c2000 	/usr/lib/libThaiTokenizer.dylib
0x00007fff2ae88000 	/usr/lib/libChineseTokenizer.dylib
0x00007fff2a917000 	/System/Library/Frameworks/MetalPerformanceShaders.framework/Versions/A/MetalPerformanceShaders
0x00007fff2649d000 	/System/Library/Frameworks/Accelerate.framework/Versions/A/Frameworks/vImage.framework/Versions/A/vImage
0x00007fff301ca000 	/System/Library/Frameworks/Accelerate.framework/Versions/A/Frameworks/vecLib.framework/Versions/A/vecLib
0x00007fff2ae93000 	/System/Library/Frameworks/Accelerate.framework/Versions/A/Frameworks/vecLib.framework/Versions/A/libvMisc.dylib
0x00007fff298fd000 	/System/Library/Frameworks/Accelerate.framework/Versions/A/Frameworks/vecLib.framework/Versions/A/libvDSP.dylib
0x00007fff20b65000 	/System/Library/Frameworks/Accelerate.framework/Versions/A/Frameworks/vecLib.framework/Versions/A/libBLAS.dylib
0x00007fff2a93d000 	/System/Library/Frameworks/Accelerate.framework/Versions/A/Frameworks/vecLib.framework/Versions/A/libLAPACK.dylib
0x00007fff29ed7000 	/System/Library/Frameworks/Accelerate.framework/Versions/A/Frameworks/vecLib.framework/Versions/A/libLinearAlgebra.dylib
0x00007fff2a904000 	/System/Library/Frameworks/Accelerate.framework/Versions/A/Frameworks/vecLib.framework/Versions/A/libSparseBLAS.dylib
0x00007fff2a937000 	/System/Library/Frameworks/Accelerate.framework/Versions/A/Frameworks/vecLib.framework/Versions/A/libQuadrature.dylib
0x00007fff292f5000 	/System/Library/Frameworks/Accelerate.framework/Versions/A/Frameworks/vecLib.framework/Versions/A/libBNNS.dylib
0x00007fff20d4c000 	/System/Library/Frameworks/Accelerate.framework/Versions/A/Frameworks/vecLib.framework/Versions/A/libSparse.dylib
0x00007fff291e0000 	/System/Library/Frameworks/MetalPerformanceShaders.framework/Versions/A/Frameworks/MPSCore.framework/Versions/A/MPSCore
0x00007fff2a323000 	/System/Library/Frameworks/MetalPerformanceShaders.framework/Versions/A/Frameworks/MPSImage.framework/Versions/A/MPSImage
0x00007fff29eee000 	/System/Library/Frameworks/MetalPerformanceShaders.framework/Versions/A/Frameworks/MPSNeuralNetwork.framework/Versions/A/MPSNeuralNetwork
0x00007fff2a2ae000 	/System/Library/Frameworks/MetalPerformanceShaders.framework/Versions/A/Frameworks/MPSMatrix.framework/Versions/A/MPSMatrix
0x00007fff2a116000 	/System/Library/Frameworks/MetalPerformanceShaders.framework/Versions/A/Frameworks/MPSRayIntersector.framework/Versions/A/MPSRayIntersector
0x00007fff2a2e5000 	/System/Library/Frameworks/MetalPerformanceShaders.framework/Versions/A/Frameworks/MPSNDArray.framework/Versions/A/MPSNDArray
0x00007fff20a91000 	/System/Library/PrivateFrameworks/MetalTools.framework/Versions/A/MetalTools
0x00007fff29245000 	/System/Library/PrivateFrameworks/AggregateDictionary.framework/Versions/A/AggregateDictionary
0x00007fff26386000 	/System/Library/PrivateFrameworks/CoreAnalytics.framework/Versions/A/CoreAnalytics
0x00007fff2a8c4000 	/System/Library/PrivateFrameworks/AppleSauce.framework/Versions/A/AppleSauce
0x00007fff2854e000 	/System/Library/PrivateFrameworks/IOAccelerator.framework/Versions/A/IOAccelerator
0x00007fff6cb5b000 	/System/Library/Frameworks/OpenGL.framework/Versions/A/Libraries/libCoreFSCache.dylib
0x00007fff2140b000 	/System/Library/PrivateFrameworks/LanguageModeling.framework/Versions/A/LanguageModeling
0x00007fff29a8e000 	/System/Library/PrivateFrameworks/CoreEmoji.framework/Versions/A/CoreEmoji
0x00007fff292ee000 	/System/Library/PrivateFrameworks/LinguisticData.framework/Versions/A/LinguisticData
0x00007fff20cfe000 	/System/Library/PrivateFrameworks/Lexicon.framework/Versions/A/Lexicon
0x00007fff2a7d6000 	/usr/lib/libcmph.dylib
0x00007fff2737d000 	/System/Library/Frameworks/OpenDirectory.framework/Versions/A/Frameworks/CFOpenDirectory.framework/Versions/A/CFOpenDirectory
0x00007fff2736d000 	/System/Library/Frameworks/OpenDirectory.framework/Versions/A/OpenDirectory
0x00007fff2ad52000 	/System/Library/PrivateFrameworks/APFS.framework/Versions/A/APFS
0x00007fff29db3000 	/System/Library/Frameworks/SecurityFoundation.framework/Versions/A/SecurityFoundation
0x00007fff2ae5b000 	/usr/lib/libutil.dylib
0x00007fff22a19000 	/System/Library/PrivateFrameworks/CoreServicesStore.framework/Versions/A/CoreServicesStore
0x00007fff29e4a000 	/System/Library/Frameworks/ServiceManagement.framework/Versions/A/ServiceManagement
0x00007fff2ae5f000 	/usr/lib/libxslt.1.dylib
0x00007fff29e40000 	/System/Library/PrivateFrameworks/BackgroundTaskManagement.framework/Versions/A/BackgroundTaskManagement
0x00007fff2bfa3000 	/System/Library/Frameworks/ImageIO.framework/Versions/A/Resources/libRadiance.dylib
0x00007fff2bfac000 	/System/Library/Frameworks/ImageIO.framework/Versions/A/Resources/libJPEG.dylib
0x00007fff2bef8000 	/System/Library/Frameworks/ImageIO.framework/Versions/A/Resources/libPng.dylib
0x00007fff2bf1f000 	/System/Library/Frameworks/ImageIO.framework/Versions/A/Resources/libTIFF.dylib
0x00007fff2c001000 	/System/Library/Frameworks/ImageIO.framework/Versions/A/Resources/libGIF.dylib
0x00007fff2bc5c000 	/System/Library/Frameworks/ImageIO.framework/Versions/A/Resources/libJP2.dylib
0x00007fff2b346000 	/usr/lib/libexpat.1.dylib
0x00007fff2bc11000 	/System/Library/PrivateFrameworks/AppleJPEG.framework/Versions/A/AppleJPEG
0x00007fff28784000 	/System/Library/PrivateFrameworks/FontServices.framework/libFontParser.dylib
0x00007fff26130000 	/System/Library/PrivateFrameworks/RunningBoardServices.framework/Versions/A/RunningBoardServices
0x00007fff2bd3a000 	/System/Library/PrivateFrameworks/WatchdogClient.framework/Versions/A/WatchdogClient
0x00007fff214f8000 	/System/Library/Frameworks/CoreDisplay.framework/Versions/A/CoreDisplay
0x00007fff2869a000 	/System/Library/Frameworks/CoreMedia.framework/Versions/A/CoreMedia
0x00007fff274fa000 	/System/Library/Frameworks/CoreVideo.framework/Versions/A/CoreVideo
0x00007fff2bd72000 	/System/Library/Frameworks/VideoToolbox.framework/Versions/A/VideoToolbox
0x00007fff260ae000 	/System/Library/PrivateFrameworks/BaseBoard.framework/Versions/A/BaseBoard
0x00007fff2b48b000 	/System/Library/PrivateFrameworks/PersistentConnection.framework/Versions/A/PersistentConnection
0x00007fff25e49000 	/System/Library/PrivateFrameworks/ProtocolBuffer.framework/Versions/A/ProtocolBuffer
0x00007fff26095000 	/System/Library/PrivateFrameworks/CommonUtilities.framework/Versions/A/CommonUtilities
0x00007fff2bba6000 	/System/Library/PrivateFrameworks/Bom.framework/Versions/A/Bom
0x00007fff2bf9c000 	/System/Library/PrivateFrameworks/GPUWrangler.framework/Versions/A/GPUWrangler
0x00007fff2bf7f000 	/System/Library/PrivateFrameworks/IOPresentment.framework/Versions/A/IOPresentment
0x00007fff2bfa6000 	/System/Library/PrivateFrameworks/DSExternalDisplay.framework/Versions/A/DSExternalDisplay
0x00007fff2c006000 	/System/Library/PrivateFrameworks/CMCaptureCore.framework/Versions/A/CMCaptureCore
0x00007fff2b92b000 	/System/Library/PrivateFrameworks/AppServerSupport.framework/Versions/A/AppServerSupport
0x00007fff2d9da000 	/System/Library/PrivateFrameworks/perfdata.framework/Versions/A/perfdata
0x00007fff29da2000 	/System/Library/PrivateFrameworks/AssertionServices.framework/Versions/A/AssertionServices
0x00007fff2162f000 	/System/Library/PrivateFrameworks/AudioToolboxCore.framework/Versions/A/AudioToolboxCore
0x00007fff2867d000 	/System/Library/PrivateFrameworks/caulk.framework/Versions/A/caulk
0x00007fff3d685000 	/System/Library/PrivateFrameworks/SystemPolicy.framework/Versions/A/SystemPolicy
0x00007fff2b13b000 	/usr/lib/libIOReport.dylib
0x00007fff2d1fc000 	/usr/lib/libSMC.dylib
0x00007fff2bec5000 	/usr/lib/libAudioToolboxUtility.dylib
0x00007fff3dfef000 	/usr/lib/libmis.dylib
0x00007fff6cbb7000 	/System/Library/Frameworks/OpenGL.framework/Versions/A/Libraries/libGLU.dylib
0x00007fff6cb7a000 	/System/Library/Frameworks/OpenGL.framework/Versions/A/Libraries/libGFXShared.dylib
0x00007fff6cd89000 	/System/Library/Frameworks/OpenGL.framework/Versions/A/Libraries/libGL.dylib
0x00007fff6cb83000 	/System/Library/Frameworks/OpenGL.framework/Versions/A/Libraries/libGLImage.dylib
0x00007fff6cb77000 	/System/Library/Frameworks/OpenGL.framework/Versions/A/Libraries/libCVMSPluginSupport.dylib
0x00007fff6cb62000 	/System/Library/Frameworks/OpenGL.framework/Versions/A/Libraries/libCoreVMClient.dylib
0x00007fff6e1ca000 	/System/Library/Frameworks/OpenCL.framework/Versions/A/OpenCL
0x00007fff2b4b5000 	/System/Library/PrivateFrameworks/GraphVisualizer.framework/Versions/A/GraphVisualizer
0x00007fff2b4c4000 	/System/Library/PrivateFrameworks/FaceCore.framework/Versions/A/FaceCore
0x00007fff2b8e0000 	/System/Library/PrivateFrameworks/OTSVG.framework/Versions/A/OTSVG
0x00007fff270f1000 	/System/Library/Frameworks/ApplicationServices.framework/Versions/A/Frameworks/ATS.framework/Versions/A/Resources/libFontRegistry.dylib
0x00007fff2b932000 	/System/Library/PrivateFrameworks/FontServices.framework/libhvf.dylib
0x00007fff2b2f2000 	/System/Library/PrivateFrameworks/AppleVA.framework/Versions/A/AppleVA
0x00007fff2d045000 	/System/Library/Frameworks/ApplicationServices.framework/Versions/A/Frameworks/ATS.framework/Versions/A/ATS
0x00007fff2d357000 	/System/Library/Frameworks/ApplicationServices.framework/Versions/A/Frameworks/ColorSyncLegacy.framework/Versions/A/ColorSyncLegacy
0x00007fff25612000 	/System/Library/Frameworks/ApplicationServices.framework/Versions/A/Frameworks/HIServices.framework/Versions/A/HIServices
0x00007fff2d33c000 	/System/Library/Frameworks/ApplicationServices.framework/Versions/A/Frameworks/LangAnalysis.framework/Versions/A/LangAnalysis
0x00007fff2c010000 	/System/Library/Frameworks/ApplicationServices.framework/Versions/A/Frameworks/PrintCore.framework/Versions/A/PrintCore
0x00007fff2d35f000 	/System/Library/Frameworks/ApplicationServices.framework/Versions/A/Frameworks/QD.framework/Versions/A/QD
0x00007fff2d035000 	/System/Library/Frameworks/ApplicationServices.framework/Versions/A/Frameworks/SpeechSynthesis.framework/Versions/A/SpeechSynthesis
0x00007fff2bfd1000 	/System/Library/Frameworks/ApplicationServices.framework/Versions/A/Frameworks/ATSUI.framework/Versions/A/ATSUI
0x00007fff2d2dc000 	/usr/lib/libcups.2.dylib
0x00007fff2d34c000 	/System/Library/PrivateFrameworks/NetAuth.framework/Versions/A/NetAuth
0x00007fff2d9f6000 	/System/Library/Frameworks/Kerberos.framework/Versions/A/Kerberos
0x00007fff2da06000 	/System/Library/Frameworks/GSS.framework/Versions/A/GSS
0x00007fff2d0b1000 	/usr/lib/libresolv.9.dylib
0x00007fff2b947000 	/System/Library/PrivateFrameworks/Heimdal.framework/Versions/A/Heimdal
0x00007fff3378a000 	/System/Library/Frameworks/Kerberos.framework/Versions/A/Libraries/libHeimdalProxy.dylib
0x00007fff26201000 	/System/Library/Frameworks/Network.framework/Versions/A/Network
0x00007fff2b360000 	/usr/lib/libheimdal-asn1.dylib
0x00007fff2da56000 	/System/Library/PrivateFrameworks/CommonAuth.framework/Versions/A/CommonAuth
0x00007fff27547000 	/System/Library/PrivateFrameworks/login.framework/Versions/A/Frameworks/loginsupport.framework/Versions/A/loginsupport
0x00007fff2cfba000 	/System/Library/PrivateFrameworks/AudioSession.framework/Versions/A/AudioSession
0x00007fff2d022000 	/usr/lib/libAudioStatistics.dylib
0x00007fff2b3ed000 	/System/Library/PrivateFrameworks/MediaExperience.framework/Versions/A/MediaExperience
0x00007fff2ce57000 	/System/Library/PrivateFrameworks/AudioSession.framework/libSessionUtility.dylib
0x00007fff2d9e7000 	/usr/lib/libperfcheck.dylib
0x00007fff2d36b000 	/System/Library/PrivateFrameworks/AudioResourceArbitration.framework/Versions/A/AudioResourceArbitration
0x00007fff2b36a000 	/System/Library/PrivateFrameworks/IconFoundation.framework/Versions/A/IconFoundation
0x00007fff2fe94000 	/System/Library/PrivateFrameworks/SpeechRecognitionCore.framework/Versions/A/SpeechRecognitionCore
0x000000010e800000 	/Users/leon/Library/Java/JavaVirtualMachines/openjdk-15.0.2/Contents/Home/lib/server/libjvm.dylib
0x000000010a5d4000 	/Users/leon/Library/Java/JavaVirtualMachines/openjdk-15.0.2/Contents/Home/lib/libjimage.dylib
0x000000010a636000 	/Users/leon/Library/Java/JavaVirtualMachines/openjdk-15.0.2/Contents/Home/lib/libjava.dylib
0x0000000131201000 	/Users/leon/Library/Java/JavaVirtualMachines/openjdk-15.0.2/Contents/Home/lib/libnio.dylib
0x000000013122f000 	/Users/leon/Library/Java/JavaVirtualMachines/openjdk-15.0.2/Contents/Home/lib/libnet.dylib
0x0000000131273000 	/Users/leon/Library/Java/JavaVirtualMachines/openjdk-15.0.2/Contents/Home/lib/libawt.dylib
0x00000001313ed000 	/Users/leon/Library/Java/JavaVirtualMachines/openjdk-15.0.2/Contents/Home/lib/libmlib_image.dylib
0x00007fff6f9f7000 	/System/Library/Frameworks/JavaNativeFoundation.framework/Versions/A/JavaNativeFoundation
0x00007fff6fa03000 	/System/Library/Frameworks/JavaRuntimeSupport.framework/Versions/A/JavaRuntimeSupport
0x00007fff3d3fd000 	/System/Library/Frameworks/Carbon.framework/Versions/A/Carbon
0x00007fff31e5e000 	/System/Library/PrivateFrameworks/CoreSymbolication.framework/Versions/A/CoreSymbolication
0x00007fff366f7000 	/System/Library/Frameworks/Carbon.framework/Versions/A/Frameworks/CommonPanels.framework/Versions/A/CommonPanels
0x00007fff33244000 	/System/Library/Frameworks/Carbon.framework/Versions/A/Frameworks/Help.framework/Versions/A/Help
0x00007fff366fb000 	/System/Library/Frameworks/Carbon.framework/Versions/A/Frameworks/ImageCapture.framework/Versions/A/ImageCapture
0x00007fff366d3000 	/System/Library/Frameworks/Carbon.framework/Versions/A/Frameworks/OpenScripting.framework/Versions/A/OpenScripting
0x00007fff366f3000 	/System/Library/Frameworks/Carbon.framework/Versions/A/Frameworks/Ink.framework/Versions/A/Ink
0x00007fff3d3f9000 	/System/Library/Frameworks/Carbon.framework/Versions/A/Frameworks/Print.framework/Versions/A/Print
0x00007fff366ef000 	/System/Library/Frameworks/Carbon.framework/Versions/A/Frameworks/SecurityHI.framework/Versions/A/SecurityHI
0x00007fff31e21000 	/System/Library/PrivateFrameworks/DebugSymbols.framework/Versions/A/DebugSymbols
0x0000000131545000 	/Users/leon/Library/Java/JavaVirtualMachines/openjdk-15.0.2/Contents/Home/lib/libawt_lwawt.dylib
0x00000001316d9000 	/Users/leon/Library/Java/JavaVirtualMachines/openjdk-15.0.2/Contents/Home/lib/libosxapp.dylib
0x00007fff3c7bd000 	/System/Library/Frameworks/ExceptionHandling.framework/Versions/A/ExceptionHandling
0x0000000131807000 	/Users/leon/Library/Java/JavaVirtualMachines/openjdk-15.0.2/Contents/Home/lib/libfontmanager.dylib
0x0000000131aa2000 	/Users/leon/Library/Java/JavaVirtualMachines/openjdk-15.0.2/Contents/Home/lib/libfreetype.dylib
0x00007fff229da000 	/System/Library/PrivateFrameworks/CoreServicesInternal.framework/Versions/A/CoreServicesInternal
0x00007fff3137a000 	/System/Library/Frameworks/FileProvider.framework/Versions/A/FileProvider
0x00007fff26018000 	/System/Library/Frameworks/Accounts.framework/Versions/A/Accounts
0x00007fff3149b000 	/System/Library/PrivateFrameworks/GenerationalStorage.framework/Versions/A/GenerationalStorage
0x00007fff30d99000 	/System/Library/PrivateFrameworks/SymptomDiagnosticReporter.framework/Versions/A/SymptomDiagnosticReporter
0x00007fff2e69f000 	/System/Library/PrivateFrameworks/AppContainer.framework/Versions/A/AppContainer
0x00007fff23b26000 	/System/Library/PrivateFrameworks/DesktopServicesPriv.framework/Versions/A/DesktopServicesPriv
0x00007fff22b0f000 	/usr/lib/libsandbox.1.dylib
0x00007fff27573000 	/System/Library/PrivateFrameworks/UserManagement.framework/Versions/A/UserManagement
0x00007fff29d7f000 	/System/Library/PrivateFrameworks/MobileKeyBag.framework/Versions/A/MobileKeyBag
0x00007fff347f4000 	/System/Library/PrivateFrameworks/ChunkingLibrary.framework/Versions/A/ChunkingLibrary
0x00007fff2e6b4000 	/System/Library/PrivateFrameworks/SecCodeWrapper.framework/Versions/A/SecCodeWrapper
0x00007fff2b143000 	/System/Library/PrivateFrameworks/CrashReporterSupport.framework/Versions/A/CrashReporterSupport
0x00007fff48577000 	/System/Library/PrivateFrameworks/OSAnalytics.framework/Versions/A/OSAnalytics
0x00007fff7838f000 	/usr/lib/libRosetta.dylib
0x00007fff331d5000 	/System/Library/PrivateFrameworks/RemoteServiceDiscovery.framework/Versions/A/RemoteServiceDiscovery
0x00007fff5254f000 	/System/Library/PrivateFrameworks/Symbolication.framework/Versions/A/Symbolication
0x00007fff331e5000 	/System/Library/PrivateFrameworks/RemoteXPC.framework/Versions/A/RemoteXPC
0x00007fff396f0000 	/System/Library/PrivateFrameworks/OSAServicesClient.framework/Versions/A/OSAServicesClient
0x00007fff3dfce000 	/System/Library/PrivateFrameworks/MallocStackLogging.framework/Versions/A/MallocStackLogging
0x00007fff2e436000 	/System/Library/PrivateFrameworks/Sharing.framework/Versions/A/Sharing
0x00007fff32db2000 	/System/Library/PrivateFrameworks/Apple80211.framework/Versions/A/Apple80211
0x00007fff2a405000 	/System/Library/PrivateFrameworks/AuthKit.framework/Versions/A/AuthKit
0x00007fff29b7f000 	/System/Library/PrivateFrameworks/CoreUtils.framework/Versions/A/CoreUtils
0x00007fff29aac000 	/System/Library/Frameworks/CoreWLAN.framework/Versions/A/CoreWLAN
0x00007fff2e57e000 	/System/Library/Frameworks/IOBluetooth.framework/Versions/A/IOBluetooth
0x00007fff32e16000 	/System/Library/PrivateFrameworks/CoreWiFi.framework/Versions/A/CoreWiFi
0x00007fff2dade000 	/System/Library/PrivateFrameworks/CorePhoneNumbers.framework/Versions/A/CorePhoneNumbers
0x00007fff30ea1000 	/System/Library/PrivateFrameworks/DiskManagement.framework/Versions/A/DiskManagement
0x00007fff30db7000 	/System/Library/PrivateFrameworks/AppleIDAuthSupport.framework/Versions/A/AppleIDAuthSupport
0x00007fff2dabb000 	/System/Library/PrivateFrameworks/KeychainCircle.framework/Versions/A/KeychainCircle
0x00007fff30e6d000 	/System/Library/PrivateFrameworks/MediaKit.framework/Versions/A/MediaKit
0x00007fff30dc4000 	/System/Library/Frameworks/DiscRecording.framework/Versions/A/DiscRecording
0x00007fff2b266000 	/usr/lib/libCoreStorage.dylib
0x00007fff33250000 	/usr/lib/libcsfde.dylib
0x00007fff2e6b8000 	/System/Library/PrivateFrameworks/ProtectedCloudStorage.framework/Versions/A/ProtectedCloudStorage
0x00007fff33248000 	/System/Library/PrivateFrameworks/EFILogin.framework/Versions/A/EFILogin
0x00007fff3383d000 	/System/Library/Frameworks/AudioUnit.framework/Versions/A/AudioUnit
0x00007fff30d36000 	/System/Library/Frameworks/CoreBluetooth.framework/Versions/A/CoreBluetooth
0x00007fff2b25e000 	/usr/lib/libMatch.1.dylib
0x00007fff44208000 	/System/Library/CoreServices/RawCamera.bundle/Contents/MacOS/RawCamera
0x00007fff2da67000 	/System/Library/PrivateFrameworks/MobileAsset.framework/Versions/A/MobileAsset
0x00007fff33862000 	/System/Library/PrivateFrameworks/StreamingZip.framework/Versions/A/StreamingZip
0x00007fff2c209000 	/System/Library/Frameworks/MediaToolbox.framework/Versions/A/MediaToolbox
0x00007fff3134c000 	/System/Library/PrivateFrameworks/CoreAVCHD.framework/Versions/A/CoreAVCHD
0x00007fff30500000 	/System/Library/Frameworks/MediaAccessibility.framework/Versions/A/MediaAccessibility
0x00007fff31348000 	/System/Library/PrivateFrameworks/Mangrove.framework/Versions/A/Mangrove
0x00007fff3050c000 	/System/Library/PrivateFrameworks/AlgosScoreFramework.framework/Versions/A/AlgosScoreFramework
0x00007fff31d11000 	/System/Library/PrivateFrameworks/AppleVPA.framework/Versions/A/AppleVPA
0x00007fff30f8d000 	/System/Library/PrivateFrameworks/CoreAUC.framework/Versions/A/CoreAUC
0x00007fff41bfb000 	/System/Library/Frameworks/Accelerate.framework/Versions/A/Frameworks/vImage.framework/Versions/A/Libraries/libCGInterfaces.dylib
0x0000000133949000 	/usr/lib/libobjc-trampolines.dylib
0x00007fff27275000 	/System/Library/PrivateFrameworks/ViewBridge.framework/Versions/A/ViewBridge
0x00007fff2ba08000 	/System/Library/PrivateFrameworks/login.framework/Versions/A/login
0x00007fff6cd94000 	/System/Library/Frameworks/OpenGL.framework/Versions/A/Resources/GLEngine.bundle/GLEngine
0x00007fff6cbf4000 	/System/Library/Frameworks/OpenGL.framework/Versions/A/Libraries/libGLProgrammability.dylib
0x0000000135d96000 	/System/Library/Extensions/AppleMetalOpenGLRenderer.bundle/Contents/MacOS/AppleMetalOpenGLRenderer
0x00007fff6cf10000 	/System/Library/Frameworks/OpenGL.framework/Versions/A/Resources/GLRendererFloat.bundle/GLRendererFloat
0x0000000135eeb000 	/System/Library/Extensions/AGXMetal13_3.bundle/Contents/MacOS/AGXMetal13_3
0x00007fff38a4d000 	/System/Library/PrivateFrameworks/IOGPU.framework/Versions/A/IOGPU
0x00007fff6a6ed000 	/System/Library/PrivateFrameworks/GPUCompiler.framework/Versions/31001/Libraries/libmetal_timestamp.dylib
0x000000013737b000 	/Users/leon/Library/Java/JavaVirtualMachines/openjdk-15.0.2/Contents/Home/lib/libosxui.dylib


VM Arguments:
jvm_args: -ea -Dfile.encoding=UTF-8 -XX:+ShowCodeDetailsInExceptionMessages 
java_command: Mapper
java_class_path (initial): /Users/leon/Documents/GitHub/COMP261/Assignments/COMP_Assingment_2/bin
Launcher Type: SUN_STANDARD

[Global flags]
     intx CICompilerCount                          = 4                                         {product} {ergonomic}
     uint ConcGCThreads                            = 2                                         {product} {ergonomic}
     uint G1ConcRefinementThreads                  = 8                                         {product} {ergonomic}
   size_t G1HeapRegionSize                         = 1048576                                   {product} {ergonomic}
    uintx GCDrainStackTargetSize                   = 64                                        {product} {ergonomic}
   size_t InitialHeapSize                          = 134217728                                 {product} {ergonomic}
   size_t MarkStackSize                            = 4194304                                   {product} {ergonomic}
   size_t MaxHeapSize                              = 2147483648                                {product} {ergonomic}
   size_t MaxNewSize                               = 1287651328                                {product} {ergonomic}
   size_t MinHeapDeltaBytes                        = 1048576                                   {product} {ergonomic}
   size_t MinHeapSize                              = 8388608                                   {product} {ergonomic}
    uintx NonNMethodCodeHeapSize                   = 5839372                                {pd product} {ergonomic}
    uintx NonProfiledCodeHeapSize                  = 122909434                              {pd product} {ergonomic}
    uintx ProfiledCodeHeapSize                     = 122909434                              {pd product} {ergonomic}
    uintx ReservedCodeCacheSize                    = 251658240                              {pd product} {ergonomic}
     bool SegmentedCodeCache                       = true                                      {product} {ergonomic}
     bool ShowCodeDetailsInExceptionMessages       = true                                   {manageable} {command line}
   size_t SoftMaxHeapSize                          = 2147483648                             {manageable} {ergonomic}
     bool UseCompressedClassPointers               = true                                 {lp64_product} {ergonomic}
     bool UseCompressedOops                        = true                                 {lp64_product} {ergonomic}
     bool UseG1GC                                  = true                                      {product} {ergonomic}
     bool UseNUMA                                  = false                                     {product} {ergonomic}
     bool UseNUMAInterleaving                      = false                                     {product} {ergonomic}

Logging:
Log output configuration:
 #0: stdout all=warning uptime,level,tags
 #1: stderr all=off uptime,level,tags

Environment Variables:
PATH=/usr/bin:/bin:/usr/sbin:/sbin
SHELL=/bin/zsh

Signal Handlers:
SIGSEGV: [libjvm.dylib+0xa01020], sa_mask[0]=11111111111111111111111111111111, sa_flags=SA_ONSTACK|SA_RESTART|SA_SIGINFO
SIGBUS: [libjvm.dylib+0xa01020], sa_mask[0]=11111111111111111111111111111111, sa_flags=SA_RESTART|SA_SIGINFO
SIGFPE: [libjvm.dylib+0xa01020], sa_mask[0]=11111111111111111111111111111111, sa_flags=SA_RESTART|SA_SIGINFO
SIGPIPE: [libjvm.dylib+0x82c500], sa_mask[0]=11111111111111111111111111111111, sa_flags=SA_RESTART|SA_SIGINFO
SIGXFSZ: [libjvm.dylib+0x82c500], sa_mask[0]=11111111111111111111111111111111, sa_flags=SA_RESTART|SA_SIGINFO
SIGILL: [libjvm.dylib+0xa01020], sa_mask[0]=11111111111111111111111111111111, sa_flags=SA_RESTART|SA_SIGINFO
SIGUSR2: [libjvm.dylib+0x82d010], sa_mask[0]=00100000000000000000000000000000, sa_flags=SA_RESTART|SA_SIGINFO
SIGHUP: [libjvm.dylib+0x82b710], sa_mask[0]=11111111111111111111111111111111, sa_flags=SA_RESTART|SA_SIGINFO
SIGINT: [libjvm.dylib+0x82b710], sa_mask[0]=11111111111111111111111111111111, sa_flags=SA_RESTART|SA_SIGINFO
SIGTERM: [libjvm.dylib+0x82b710], sa_mask[0]=11111111111111111111111111111111, sa_flags=SA_RESTART|SA_SIGINFO
SIGQUIT: [libjvm.dylib+0x82b710], sa_mask[0]=11111111111111111111111111111111, sa_flags=SA_RESTART|SA_SIGINFO


---------------  S Y S T E M  ---------------

OS:uname: Darwin 20.3.0 Darwin Kernel Version 20.3.0: Thu Jan 21 00:06:51 PST 2021; root:xnu-7195.81.3~1/RELEASE_ARM64_T8101 x86_64
OS uptime: 2 days 0:45 hours
rlimit (soft/hard): STACK 8176k/65520k , CORE 0k/infinity , NPROC 1333/2000 , NOFILE 10240/infinity , AS infinity/infinity , CPU infinity/infinity , DATA infinity/infinity , FSIZE infinity/infinity , MEMLOCK infinity/infinity , RSS infinity/infinity
load average: 3.19 2.77 2.46

CPU: total 8 (initial active 8) (1 cores per cpu, 1 threads per core) family 6 model 44 stepping 0 microcode 0x0, cmov, cx8, fxsr, mmx, sse, sse2, sse3, ssse3, sse4.1, sse4.2, popcnt, aes, clmul, tsc, tscinvbit, tscinv, clflush

Memory: 4k page, physical 8388608k(88380k free), swap 3145728k(1376256k free)

vm_info: OpenJDK 64-Bit Server VM (15.0.2+7-27) for bsd-amd64 JRE (15.0.2+7-27), built on Dec  7 2020 20:01:12 by "mach5one" with clang 4.2.1 Compatible Apple LLVM 10.0.0 (clang-1000.11.45.5)

END.
